#
# A fatal error has been detected by the Java Runtime Environment:
#
#  SIGSEGV (0xb) at pc=0x00007f171a72f51a, pid=19374, tid=139737546012416
#
# JRE version: Java(TM) SE Runtime Environment (7.0_76-b13) (build 1.7.0_76-b13)
# Java VM: Java HotSpot(TM) 64-Bit Server VM (24.76-b04 mixed mode linux-amd64 compressed oops)
# Problematic frame:
# C  [i965_dri.so+0x2fb51a]  __driDriverGetExtensions_i915+0x25c2a
#
# Failed to write core dump. Core dumps have been disabled. To enable core dumping, try "ulimit -c unlimited" before starting Java again
#
# If you would like to submit a bug report, please visit:
#   http://bugreport.java.com/bugreport/crash.jsp
# The crash happened outside the Java Virtual Machine in native code.
# See problematic frame for where to report the bug.
#

---------------  T H R E A D  ---------------

Current thread (0x00007f176425b000):  JavaThread "AWT-EventQueue-0" [_thread_in_native, id=19416, stack(0x00007f172ebab000,0x00007f172ecac000)]

siginfo:si_signo=SIGSEGV: si_errno=0, si_code=1 (SEGV_MAPERR), si_addr=0x0000000100000000

Registers:
RAX=0x00007f171a72f510, RBX=0x00007f172977d120, RCX=0x0000000000000000, RDX=0x0000000000000001
RSP=0x00007f172eca9390, RBP=0x0000000000000000, RSI=0x00007f172977aaa0, RDI=0x0000000100000000
R8 =0x0000000000000000, R9 =0x00007f172db37710, R10=0x00007f17610127cc, R11=0x00007f176a73aaa0
R12=0x00007f1734643fd0, R13=0x00007f1734695c20, R14=0x00007f1734644eb0, R15=0x0000000000000000
RIP=0x00007f171a72f51a, EFLAGS=0x0000000000010206, CSGSFS=0x0000000000000033, ERR=0x0000000000000004
  TRAPNO=0x000000000000000e

Top of Stack: (sp=0x00007f172eca9390)
0x00007f172eca9390:   0000000000000000 00007f172977d120
0x00007f172eca93a0:   0000000000000000 00007f1734643fd0
0x00007f172eca93b0:   00007f1734695c20 00007f172db377b2
0x00007f172eca93c0:   00007f172eca93f0 00007f1700000000
0x00007f172eca93d0:   0000000000000000 0000000000000000
0x00007f172eca93e0:   0000000003000024 00007f172db08b31
0x00007f172eca93f0:   00007f172977d120 1af1c533c8a0c700
0x00007f172eca9400:   0000000003000024 00000000bf94c398
0x00007f172eca9410:   00007f172eca9480 0000000000000000
0x00007f172eca9420:   00000000bf94c398 00007f172eca9550
0x00007f172eca9430:   00007f176425b000 00007f172c245849
0x00007f172eca9440:   0000000000000000 00007f172db08b60
0x00007f172eca9450:   0000000003000024 00007f173467cd60
0x00007f172eca9460:   00007f172eca9518 00007f176425b1e8
0x00007f172eca9470:   00000000ed3b3ed8 00007f172db08b60
0x00007f172eca9480:   00007f172eca9508 00007f17610127f8
0x00007f172eca9490:   00000000bfa7c388 0000000000000000
0x00007f172eca94a0:   00000000bfa7b760 0000000000000000
0x00007f172eca94b0:   00007f172eca94c8 00007f172eca9518
0x00007f172eca94c0:   00007f172eca94c0 00007f172eca94c8
0x00007f172eca94d0:   0000000000000000 00007f172eca9550
0x00007f172eca94e0:   00000000bf94e318 0000000000000000
0x00007f172eca94f0:   00000000bf94c398 0000000000000000
0x00007f172eca9500:   00007f172eca9528 00007f172eca9598
0x00007f172eca9510:   00007f1761006058 00000000c462bad0
0x00007f172eca9520:   00007f176100ecd8 00007f172db08b60
0x00007f172eca9530:   00000000bf95edd0 0000000003000024
0x00007f172eca9540:   00000000bf930e68 00007f173467cd60
0x00007f172eca9550:   00000000c462de70 00007f172eca9558
0x00007f172eca9560:   00000000bf94c2c9 00007f172eca95d0
0x00007f172eca9570:   00000000bf94e318 0000000000000000
0x00007f172eca9580:   00000000bf94c2d8 00007f172eca9528 

Instructions: (pc=0x00007f171a72f51a)
0x00007f171a72f4fa:   ff 58 5a eb 99 90 5b 5d 41 5c c3 66 66 2e 0f 1f
0x00007f171a72f50a:   84 00 00 00 00 00 41 55 41 54 55 53 48 83 ec 08
0x00007f171a72f51a:   48 8b 1f 48 85 db 74 41 f6 83 40 05 00 00 01 89
0x00007f171a72f52a:   cd 41 89 d5 49 89 f4 75 75 41 83 e5 01 75 5f 83 

Register to memory mapping:

RAX=0x00007f171a72f510: <offset 0x2fb510> in /usr/lib/x86_64-linux-gnu/dri/i965_dri.so at 0x00007f171a434000
RBX=0x00007f172977d120 is an unknown value
RCX=0x0000000000000000 is an unknown value
RDX=0x0000000000000001 is an unknown value
RSP=0x00007f172eca9390 is pointing into the stack for thread: 0x00007f176425b000
RBP=0x0000000000000000 is an unknown value
RSI=0x00007f172977aaa0 is an unknown value
RDI=0x0000000100000000 is an unknown value
R8 =0x0000000000000000 is an unknown value
R9 =0x00007f172db37710: <offset 0x4b710> in /usr/lib/x86_64-linux-gnu/mesa/libGL.so.1 at 0x00007f172daec000
R10=0x00007f17610127cc is at code_begin+620 in an Interpreter codelet
method entry point (kind = native)  [0x00007f1761012560, 0x00007f1761012dc0]  2144 bytes
R11=0x00007f176a73aaa0: <offset 0x8b5aa0> in /usr/lib/jvm/java-7-oracle/jre/lib/amd64/server/libjvm.so at 0x00007f1769e85000
R12=0x00007f1734643fd0 is an unknown value
R13=0x00007f1734695c20 is an unknown value
R14=0x00007f1734644eb0 is an unknown value
R15=0x0000000000000000 is an unknown value


Stack: [0x00007f172ebab000,0x00007f172ecac000],  sp=0x00007f172eca9390,  free space=1016k
Native frames: (J=compiled Java code, j=interpreted, Vv=VM code, C=native code)
C  [i965_dri.so+0x2fb51a]  __driDriverGetExtensions_i915+0x25c2a

[error occurred during error reporting (printing native stack), id 0xb]

Java frames: (J=compiled Java code, j=interpreted, Vv=VM code)
j  jogamp.opengl.x11.glx.GLX.dispatch_glXSwapBuffers0(JJJ)V+0
j  jogamp.opengl.x11.glx.GLX.glXSwapBuffers(JJ)V+41
j  jogamp.opengl.x11.glx.X11GLXDrawable.swapBuffersImpl(Z)V+17
j  jogamp.opengl.GLDrawableImpl.swapBuffers()V+67
j  javax.media.opengl.awt.GLCanvas$12.run()V+45
j  java.awt.event.InvocationEvent.dispatch()V+11
j  java.awt.EventQueue.dispatchEventImpl(Ljava/awt/AWTEvent;Ljava/lang/Object;)V+21
j  java.awt.EventQueue.access$300(Ljava/awt/EventQueue;Ljava/awt/AWTEvent;Ljava/lang/Object;)V+3
j  java.awt.EventQueue$3.run()Ljava/lang/Void;+12
j  java.awt.EventQueue$3.run()Ljava/lang/Object;+1
v  ~StubRoutines::call_stub
j  java.security.AccessController.doPrivileged(Ljava/security/PrivilegedAction;Ljava/security/AccessControlContext;)Ljava/lang/Object;+0
j  java.security.ProtectionDomain$1.doIntersectionPrivilege(Ljava/security/PrivilegedAction;Ljava/security/AccessControlContext;Ljava/security/AccessControlContext;)Ljava/lang/Object;+28
j  java.awt.EventQueue.dispatchEvent(Ljava/awt/AWTEvent;)V+46
j  java.awt.EventDispatchThread.pumpOneEventForFilters(I)V+245
j  java.awt.EventDispatchThread.pumpEventsForFilter(ILjava/awt/Conditional;Ljava/awt/EventFilter;)V+35
j  java.awt.EventDispatchThread.pumpEventsForHierarchy(ILjava/awt/Conditional;Ljava/awt/Component;)V+11
j  java.awt.EventDispatchThread.pumpEvents(ILjava/awt/Conditional;)V+4
j  java.awt.EventDispatchThread.pumpEvents(Ljava/awt/Conditional;)V+3
j  java.awt.EventDispatchThread.run()V+9
v  ~StubRoutines::call_stub

---------------  P R O C E S S  ---------------

Java Threads: ( => current thread )
  0x00007f1734185800 JavaThread "Animation Thread-SharedResourceRunner" daemon [_thread_blocked, id=19446, stack(0x00007f172e798000,0x00007f172e899000)]
  0x00007f173407f800 JavaThread "process reaper" daemon [_thread_blocked, id=19437, stack(0x00007f175c036000,0x00007f175c06f000)]
  0x00007f176400b000 JavaThread "DestroyJavaVM" [_thread_blocked, id=19376, stack(0x00007f176b7fc000,0x00007f176b8fd000)]
  0x00007f1764288800 JavaThread "Animation Thread" [_thread_blocked, id=19417, stack(0x00007f172eaaa000,0x00007f172ebab000)]
=>0x00007f176425b000 JavaThread "AWT-EventQueue-0" [_thread_in_native, id=19416, stack(0x00007f172ebab000,0x00007f172ecac000)]
  0x00007f1764248000 JavaThread "AWT-Shutdown" [_thread_blocked, id=19412, stack(0x00007f172ecac000,0x00007f172edad000)]
  0x00007f17641e2000 JavaThread "AWT-XAWT" daemon [_thread_in_native, id=19404, stack(0x00007f172f0b0000,0x00007f172f1b1000)]
  0x00007f17641bf000 JavaThread "Java2D Disposer" daemon [_thread_blocked, id=19398, stack(0x00007f175c06f000,0x00007f175c170000)]
  0x00007f1764136800 JavaThread "Monitor Ctrl-Break" daemon [_thread_in_native, id=19388, stack(0x00007f175d059000,0x00007f175d15a000)]
  0x00007f1764097000 JavaThread "Service Thread" daemon [_thread_blocked, id=19386, stack(0x00007f175d54d000,0x00007f175d64e000)]
  0x00007f1764094800 JavaThread "C2 CompilerThread1" daemon [_thread_blocked, id=19385, stack(0x00007f175d64e000,0x00007f175d74f000)]
  0x00007f1764091800 JavaThread "C2 CompilerThread0" daemon [_thread_blocked, id=19384, stack(0x00007f175d74f000,0x00007f175d850000)]
  0x00007f176408f000 JavaThread "Signal Dispatcher" daemon [_thread_blocked, id=19383, stack(0x00007f175d850000,0x00007f175d951000)]
  0x00007f176406d000 JavaThread "Finalizer" daemon [_thread_blocked, id=19381, stack(0x00007f175e323000,0x00007f175e424000)]
  0x00007f176406b000 JavaThread "Reference Handler" daemon [_thread_blocked, id=19380, stack(0x00007f175e424000,0x00007f175e525000)]

Other Threads:
  0x00007f1764066800 VMThread [stack: 0x00007f175e525000,0x00007f175e626000] [id=19379]
  0x00007f17640a1800 WatcherThread [stack: 0x00007f175d44c000,0x00007f175d54d000] [id=19387]

VM state:not at safepoint (normal execution)

VM Mutex/Monitor currently owned by a thread: None

Heap
 PSYoungGen      total 34304K, used 24552K [0x00000000ebe80000, 0x00000000f0180000, 0x0000000100000000)
  eden space 31744K, 69% used [0x00000000ebe80000,0x00000000ed3fb9e0,0x00000000edd80000)
  from space 2560K, 99% used [0x00000000edd80000,0x00000000edffe8b0,0x00000000ee000000)
  to   space 2560K, 0% used [0x00000000eff00000,0x00000000eff00000,0x00000000f0180000)
 ParOldGen       total 40960K, used 16467K [0x00000000c3c00000, 0x00000000c6400000, 0x00000000ebe80000)
  object space 40960K, 40% used [0x00000000c3c00000,0x00000000c4c14d10,0x00000000c6400000)
 PSPermGen       total 21504K, used 18205K [0x00000000bea00000, 0x00000000bff00000, 0x00000000c3c00000)
  object space 21504K, 84% used [0x00000000bea00000,0x00000000bfbc75a8,0x00000000bff00000)

Card table byte_map: [0x00007f17688db000,0x00007f1768ae7000] byte_map_base: 0x00007f17682e6000

Polling page: 0x00007f176b91b000

Code Cache  [0x00007f1761000000, 0x00007f1761270000, 0x00007f1764000000)
 total_blobs=1200 nmethods=315 adapters=839 free_code_cache=47719Kb largest_free_block=48838528

Compilation events (10 events):
Event: 11.772 Thread 0x00007f1764091800  319             processing.opengl.PJOGL::enableVertexAttribArray (11 bytes)
Event: 11.772 Thread 0x00007f1764094800  320             jogamp.opengl.gl4.GL4bcImpl::glEnableVertexAttribArray (50 bytes)
Event: 11.777 Thread 0x00007f1764094800 nmethod 320 0x00007f17611669d0 code [0x00007f1761166b60, 0x00007f1761166d68]
Event: 11.777 Thread 0x00007f1764091800 nmethod 319 0x00007f176108d6d0 code [0x00007f176108d860, 0x00007f176108daa8]
Event: 11.777 Thread 0x00007f1764094800  322             processing.opengl.PJOGL::disableVertexAttribArray (11 bytes)
Event: 11.779 Thread 0x00007f1764091800  323             jogamp.opengl.gl4.GL4bcImpl::glDisableVertexAttribArray (50 bytes)
Event: 11.783 Thread 0x00007f1764091800 nmethod 323 0x00007f176108d110 code [0x00007f176108d2a0, 0x00007f176108d4a8]
Event: 11.784 Thread 0x00007f1764094800 nmethod 322 0x00007f176108ca50 code [0x00007f176108cbe0, 0x00007f176108ce28]
Event: 11.940 Thread 0x00007f1764091800  325             processing.opengl.PShader::setUniformVector (96 bytes)
Event: 11.960 Thread 0x00007f1764091800 nmethod 325 0x00007f1761167e90 code [0x00007f17611680c0, 0x00007f1761168870]

GC Heap History (6 events):
Event: 1.478 GC heap before
{Heap before GC invocations=1 (full 0):
 PSYoungGen      total 18432K, used 15806K [0x00000000ebe80000, 0x00000000ed300000, 0x0000000100000000)
  eden space 15872K, 99% used [0x00000000ebe80000,0x00000000ecdef820,0x00000000ece00000)
  from space 2560K, 0% used [0x00000000ed080000,0x00000000ed080000,0x00000000ed300000)
  to   space 2560K, 0% used [0x00000000ece00000,0x00000000ece00000,0x00000000ed080000)
 ParOldGen       total 40960K, used 0K [0x00000000c3c00000, 0x00000000c6400000, 0x00000000ebe80000)
  object space 40960K, 0% used [0x00000000c3c00000,0x00000000c3c00000,0x00000000c6400000)
 PSPermGen       total 21504K, used 12706K [0x00000000bea00000, 0x00000000bff00000, 0x00000000c3c00000)
  object space 21504K, 59% used [0x00000000bea00000,0x00000000bf668860,0x00000000bff00000)
Event: 1.497 GC heap after
Heap after GC invocations=1 (full 0):
 PSYoungGen      total 18432K, used 2548K [0x00000000ebe80000, 0x00000000ee280000, 0x0000000100000000)
  eden space 15872K, 0% used [0x00000000ebe80000,0x00000000ebe80000,0x00000000ece00000)
  from space 2560K, 99% used [0x00000000ece00000,0x00000000ed07d280,0x00000000ed080000)
  to   space 2560K, 0% used [0x00000000ee000000,0x00000000ee000000,0x00000000ee280000)
 ParOldGen       total 40960K, used 1747K [0x00000000c3c00000, 0x00000000c6400000, 0x00000000ebe80000)
  object space 40960K, 4% used [0x00000000c3c00000,0x00000000c3db4cf0,0x00000000c6400000)
 PSPermGen       total 21504K, used 12706K [0x00000000bea00000, 0x00000000bff00000, 0x00000000c3c00000)
  object space 21504K, 59% used [0x00000000bea00000,0x00000000bf668860,0x00000000bff00000)
}
Event: 2.997 GC heap before
{Heap before GC invocations=2 (full 0):
 PSYoungGen      total 18432K, used 18420K [0x00000000ebe80000, 0x00000000ee280000, 0x0000000100000000)
  eden space 15872K, 100% used [0x00000000ebe80000,0x00000000ece00000,0x00000000ece00000)
  from space 2560K, 99% used [0x00000000ece00000,0x00000000ed07d280,0x00000000ed080000)
  to   space 2560K, 0% used [0x00000000ee000000,0x00000000ee000000,0x00000000ee280000)
 ParOldGen       total 40960K, used 1747K [0x00000000c3c00000, 0x00000000c6400000, 0x00000000ebe80000)
  object space 40960K, 4% used [0x00000000c3c00000,0x00000000c3db4cf0,0x00000000c6400000)
 PSPermGen       total 21504K, used 17590K [0x00000000bea00000, 0x00000000bff00000, 0x00000000c3c00000)
  object space 21504K, 81% used [0x00000000bea00000,0x00000000bfb2db98,0x00000000bff00000)
Event: 3.037 GC heap after
Heap after GC invocations=2 (full 0):
 PSYoungGen      total 34304K, used 2530K [0x00000000ebe80000, 0x00000000ee280000, 0x0000000100000000)
  eden space 31744K, 0% used [0x00000000ebe80000,0x00000000ebe80000,0x00000000edd80000)
  from space 2560K, 98% used [0x00000000ee000000,0x00000000ee278850,0x00000000ee280000)
  to   space 2560K, 0% used [0x00000000edd80000,0x00000000edd80000,0x00000000ee000000)
 ParOldGen       total 40960K, used 9166K [0x00000000c3c00000, 0x00000000c6400000, 0x00000000ebe80000)
  object space 40960K, 22% used [0x00000000c3c00000,0x00000000c44f3870,0x00000000c6400000)
 PSPermGen       total 21504K, used 17590K [0x00000000bea00000, 0x00000000bff00000, 0x00000000c3c00000)
  object space 21504K, 81% used [0x00000000bea00000,0x00000000bfb2db98,0x00000000bff00000)
}
Event: 9.656 GC heap before
{Heap before GC invocations=3 (full 0):
 PSYoungGen      total 34304K, used 34274K [0x00000000ebe80000, 0x00000000ee280000, 0x0000000100000000)
  eden space 31744K, 100% used [0x00000000ebe80000,0x00000000edd80000,0x00000000edd80000)
  from space 2560K, 98% used [0x00000000ee000000,0x00000000ee278850,0x00000000ee280000)
  to   space 2560K, 0% used [0x00000000edd80000,0x00000000edd80000,0x00000000ee000000)
 ParOldGen       total 40960K, used 9166K [0x00000000c3c00000, 0x00000000c6400000, 0x00000000ebe80000)
  object space 40960K, 22% used [0x00000000c3c00000,0x00000000c44f3870,0x00000000c6400000)
 PSPermGen       total 21504K, used 18191K [0x00000000bea00000, 0x00000000bff00000, 0x00000000c3c00000)
  object space 21504K, 84% used [0x00000000bea00000,0x00000000bfbc3f48,0x00000000bff00000)
Event: 9.696 GC heap after
Heap after GC invocations=3 (full 0):
 PSYoungGen      total 34304K, used 2554K [0x00000000ebe80000, 0x00000000f0180000, 0x0000000100000000)
  eden space 31744K, 0% used [0x00000000ebe80000,0x00000000ebe80000,0x00000000edd80000)
  from space 2560K, 99% used [0x00000000edd80000,0x00000000edffe8b0,0x00000000ee000000)
  to   space 2560K, 0% used [0x00000000eff00000,0x00000000eff00000,0x00000000f0180000)
 ParOldGen       total 40960K, used 16467K [0x00000000c3c00000, 0x00000000c6400000, 0x00000000ebe80000)
  object space 40960K, 40% used [0x00000000c3c00000,0x00000000c4c14d10,0x00000000c6400000)
 PSPermGen       total 21504K, used 18191K [0x00000000bea00000, 0x00000000bff00000, 0x00000000c3c00000)
  object space 21504K, 84% used [0x00000000bea00000,0x00000000bfbc3f48,0x00000000bff00000)
}

Deoptimization events (10 events):
Event: 4.412 Thread 0x00007f176425b000 Uncommon trap: reason=bimorphic action=maybe_recompile pc=0x00007f17610f9c2c method=java.lang.ThreadLocal.get()Ljava/lang/Object; @ 6
Event: 4.412 Thread 0x00007f176425b000 Uncommon trap: reason=bimorphic action=maybe_recompile pc=0x00007f17610f9c2c method=java.lang.ThreadLocal.get()Ljava/lang/Object; @ 6
Event: 4.466 Thread 0x00007f176425b000 Uncommon trap: reason=class_check action=maybe_recompile pc=0x00007f17610db78c method=com.jogamp.common.nio.Buffers.getDirectBufferByteOffset(Ljava/lang/Object;)I @ 42
Event: 4.633 Thread 0x00007f176425b000 Uncommon trap: reason=bimorphic action=maybe_recompile pc=0x00007f17610f9c2c method=java.lang.ThreadLocal.get()Ljava/lang/Object; @ 6
Event: 4.641 Thread 0x00007f176425b000 Uncommon trap: reason=class_check action=maybe_recompile pc=0x00007f17610db78c method=com.jogamp.common.nio.Buffers.getDirectBufferByteOffset(Ljava/lang/Object;)I @ 42
Event: 4.657 Thread 0x00007f176425b000 Uncommon trap: reason=class_check action=maybe_recompile pc=0x00007f17610db78c method=com.jogamp.common.nio.Buffers.getDirectBufferByteOffset(Ljava/lang/Object;)I @ 42
Event: 4.674 Thread 0x00007f176425b000 Uncommon trap: reason=class_check action=maybe_recompile pc=0x00007f17610db78c method=com.jogamp.common.nio.Buffers.getDirectBufferByteOffset(Ljava/lang/Object;)I @ 42
Event: 8.218 Thread 0x00007f176425b000 Uncommon trap: reason=unreached action=reinterpret pc=0x00007f17611417ec method=java.util.concurrent.ConcurrentHashMap.get(Ljava/lang/Object;)Ljava/lang/Object; @ 47
Event: 8.232 Thread 0x00007f176425b000 Uncommon trap: reason=unreached action=reinterpret pc=0x00007f176113027c method=processing.opengl.PGraphicsOpenGL$InGeometry.addVertex(FFFIFFFFFIFIIIFIZ)I @ 218
Event: 8.233 Thread 0x00007f176425b000 Uncommon trap: reason=unreached action=reinterpret pc=0x00007f176113ff10 method=processing.opengl.PGraphicsOpenGL$Tessellator.setLastTexIndex(II)V @ 4

Internal exceptions (10 events):
Event: 2.574 Thread 0x00007f1764288800 Threw 0x00000000ec85a730 at /HUDSON/workspace/7u-2-build-linux-amd64/jdk7u76/1941/hotspot/src/share/vm/runtime/reflection.cpp:1030
Event: 2.577 Thread 0x00007f1764288800 Threw 0x00000000ec85e1a8 at /HUDSON/workspace/7u-2-build-linux-amd64/jdk7u76/1941/hotspot/src/share/vm/runtime/reflection.cpp:1030
Event: 3.039 Thread 0x00007f176406d000 Threw 0x00000000ebeb73c0 at /HUDSON/workspace/7u-2-build-linux-amd64/jdk7u76/1941/hotspot/src/share/vm/prims/jvm.cpp:1304
Event: 4.402 Thread 0x00007f176425b000 Threw 0x00000000ec510820 at /HUDSON/workspace/7u-2-build-linux-amd64/jdk7u76/1941/hotspot/src/share/vm/prims/jvm.cpp:1304
Event: 4.413 Thread 0x00007f176425b000 Threw 0x00000000ec520978 at /HUDSON/workspace/7u-2-build-linux-amd64/jdk7u76/1941/hotspot/src/share/vm/prims/jvm.cpp:1304
Event: 4.414 Thread 0x00007f176425b000 Threw 0x00000000ec52a4a8 at /HUDSON/workspace/7u-2-build-linux-amd64/jdk7u76/1941/hotspot/src/share/vm/prims/jvm.cpp:1304
Event: 4.427 Thread 0x00007f176425b000 Threw 0x00000000ec52f680 at /HUDSON/workspace/7u-2-build-linux-amd64/jdk7u76/1941/hotspot/src/share/vm/prims/jvm.cpp:1304
Event: 8.218 Thread 0x00007f176425b000 Implicit null exception at 0x00007f1761140c67 to 0x00007f17611417c5
Event: 8.226 Thread 0x00007f176425b000 Threw 0x00000000ecde3518 at /HUDSON/workspace/7u-2-build-linux-amd64/jdk7u76/1941/hotspot/src/share/vm/prims/jvm.cpp:1304
Event: 8.233 Thread 0x00007f176425b000 Implicit null exception at 0x00007f176113fb8b to 0x00007f176113fefd

Events (10 events):
Event: 8.233 Thread 0x00007f176425b000 DEOPT UNPACKING pc=0x00007f1761039045 sp=0x00007f172eca8e78 mode 2
Event: 8.335 Thread 0x00007f1764091800 flushing nmethod 0x00007f176108bc10
Event: 8.440 Thread 0x00007f1764091800 flushing nmethod 0x00007f17610e6dd0
Event: 8.440 Thread 0x00007f1764091800 flushing nmethod 0x00007f17610e7610
Event: 9.656 Executing VM operation: ParallelGCFailedAllocation
Event: 9.699 Executing VM operation: ParallelGCFailedAllocation done
Event: 9.741 Thread 0x00007f1764094800 flushing nmethod 0x00007f17610db590
Event: 9.843 Thread 0x00007f1764094800 flushing nmethod 0x00007f17610f39d0
Event: 9.890 Thread 0x00007f1764091800 flushing nmethod 0x00007f17610f9a90
Event: 9.891 Thread 0x00007f1764091800 flushing nmethod 0x00007f176110b0d0


Dynamic libraries:
00400000-00401000 r-xp 00000000 08:01 6947734                            /usr/lib/jvm/java-7-oracle/bin/java
00600000-00601000 rw-p 00000000 08:01 6947734                            /usr/lib/jvm/java-7-oracle/bin/java
01910000-01931000 rw-p 00000000 00:00 0                                  [heap]
bea00000-bff00000 rw-p 00000000 00:00 0 
bff00000-c3c00000 rw-p 00000000 00:00 0 
c3c00000-c6400000 rw-p 00000000 00:00 0 
c6400000-ebe80000 rw-p 00000000 00:00 0 
ebe80000-f0180000 rw-p 00000000 00:00 0 
f0180000-100000000 rw-p 00000000 00:00 0 
7f1717f85000-7f1717f95000 rw-s 10ceb0000 00:05 10819                     /dev/dri/card0
7f1717f95000-7f1718155000 rw-s 10ccf0000 00:05 10819                     /dev/dri/card0
7f1718155000-7f171815d000 rw-s 00000000 00:04 238394                     /drm mm object (deleted)
7f171815d000-7f1718161000 rw-s 00000000 00:04 239233                     /drm mm object (deleted)
7f1718161000-7f1718163000 rw-s 00000000 00:04 238383                     /drm mm object (deleted)
7f1718263000-7f17182cc000 r-xp 00000000 08:01 6948366                    /usr/lib/jvm/java-7-oracle/jre/lib/amd64/libt2k.so
7f17182cc000-7f17184cb000 ---p 00069000 08:01 6948366                    /usr/lib/jvm/java-7-oracle/jre/lib/amd64/libt2k.so
7f17184cb000-7f17184d2000 rw-p 00068000 08:01 6948366                    /usr/lib/jvm/java-7-oracle/jre/lib/amd64/libt2k.so
7f17184d2000-7f17184e2000 rw-p 00000000 00:00 0 
7f17184e2000-7f17184ff000 r--s 00000000 08:01 4593958                    /usr/share/texmf/fonts/type1/public/lm/lmcsc10.pfb
7f1718516000-7f1718520000 r--s 00000000 08:01 4982232                    /usr/share/fonts/X11/Type1/c0583bt_.pfb
7f171853a000-7f171855c000 r--s 00000000 08:01 4593962                    /usr/share/texmf/fonts/type1/public/lm/lmssbo10.pfb
7f17185cb000-7f17185e6000 r--s 00000000 08:01 4593945                    /usr/share/texmf/fonts/type1/public/lm/lmsso10.pfb
7f17185e6000-7f1718608000 r--s 00000000 08:01 4593957                    /usr/share/texmf/fonts/type1/public/lm/lmbxo10.pfb
7f171869c000-7f17186b4000 r--s 00000000 08:01 4593936                    /usr/share/texmf/fonts/type1/public/lm/lmss10.pfb
7f17186ee000-7f171870a000 r--s 00000000 08:01 4593895                    /usr/share/texmf/fonts/type1/public/lm/lmtt10.pfb
7f171870a000-7f1718729000 r--s 00000000 08:01 4593922                    /usr/share/texmf/fonts/type1/public/lm/lmvtk10.pfb
7f1718756000-7f1718774000 r--s 00000000 08:01 4593892                    /usr/share/texmf/fonts/type1/public/lm/lmr10.pfb
7f171878a000-7f17187a5000 r--s 00000000 08:01 4593919                    /usr/share/texmf/fonts/type1/public/lm/lmtcsc10.pfb
7f17187f4000-7f1718812000 r--s 00000000 08:01 4593939                    /usr/share/texmf/fonts/type1/public/lm/lmbx10.pfb
7f1718839000-7f171885a000 r--s 00000000 08:01 4593901                    /usr/share/texmf/fonts/type1/public/lm/lmvtto10.pfb
7f171885a000-7f1718876000 r--s 00000000 08:01 4593961                    /usr/share/texmf/fonts/type1/public/lm/lmbxi10.pfb
7f1718876000-7f1718891000 r--s 00000000 08:01 4593966                    /usr/share/texmf/fonts/type1/public/lm/lmtlc10.pfb
7f1718891000-7f17188b5000 r--s 00000000 08:01 4593904                    /usr/share/texmf/fonts/type1/public/lm/lmduno10.pfb
7f17188b5000-7f17188d6000 r--s 00000000 08:01 4593937                    /usr/share/texmf/fonts/type1/public/lm/lmcsco10.pfb
7f1718921000-7f171893d000 r--s 00000000 08:01 4593969                    /usr/share/texmf/fonts/type1/public/lm/lmri10.pfb
7f17189ab000-7f17189c8000 r--s 00000000 08:01 4593926                    /usr/share/texmf/fonts/type1/public/lm/lmssq8.pfb
7f1718a3d000-7f1718a5c000 r--s 00000000 08:01 4593980                    /usr/share/texmf/fonts/type1/public/lm/lmssqbo8.pfb
7f1718a5c000-7f1718a79000 r--s 00000000 08:01 4593959                    /usr/share/texmf/fonts/type1/public/lm/lmtk10.pfb
7f1718a8a000-7f1718aa8000 r--s 00000000 08:01 4593915                    /usr/share/texmf/fonts/type1/public/lm/lmvtl10.pfb
7f1718ab8000-7f1718ad7000 r--s 00000000 08:01 4593890                    /usr/share/texmf/fonts/type1/public/lm/lmdunh10.pfb
7f1718b05000-7f1718b0f000 r--s 00000000 08:01 4982230                    /usr/share/fonts/X11/Type1/c0582bt_.pfb
7f1718b5c000-7f1718b7e000 r--s 00000000 08:01 4593976                    /usr/share/texmf/fonts/type1/public/lm/lmvtlo10.pfb
7f1718b7e000-7f1718b9e000 r--s 00000000 08:01 4593974                    /usr/share/texmf/fonts/type1/public/lm/lmtcso10.pfb
7f1718bbf000-7f1718bcd000 r--s 00000000 08:01 3286442                    /var/cache/fontconfig/6aa41aa22e18b8fa06a12da28ea9c28b-le64.cache-4
7f1718bcd000-7f1718bd8000 r--s 00000000 08:01 3279217                    /var/cache/fontconfig/945677eb7aeaf62f1d50efc3fb3ec7d8-le64.cache-4
7f1718bd8000-7f1718bda000 r--s 00000000 08:01 3282348                    /var/cache/fontconfig/99e8ed0e538f840c565b6ed5dad60d56-le64.cache-4
7f1718bda000-7f1718be3000 r--s 00000000 08:01 3282335                    /var/cache/fontconfig/a6d8cf8e4ec09cdbc8633c31745a07dd-le64.cache-4
7f1718be3000-7f1718be9000 r--s 00000000 08:01 3282284                    /var/cache/fontconfig/2cd17615ca594fa2959ae173292e504c-le64.cache-4
7f1718be9000-7f1718bea000 r--s 00000000 08:01 3282189                    /var/cache/fontconfig/e7071f4a29fa870f4323321c154eba04-le64.cache-4
7f1718bea000-7f1718beb000 r--s 00000000 08:01 3282120                    /var/cache/fontconfig/0d8c3b2ac0904cb8a57a757ad11a4a08-le64.cache-4
7f1718beb000-7f1718bf2000 r--s 00000000 08:01 3281923                    /var/cache/fontconfig/a755afe4a08bf5b97852ceb7400b47bc-le64.cache-4
7f1718bf2000-7f1718bfc000 r--s 00000000 08:01 3280310                    /var/cache/fontconfig/a6354e3ac43af67bd8d7b8e43c34e49f-le64.cache-4
7f1718bfc000-7f1718bfd000 r--s 00000000 08:01 3281212                    /var/cache/fontconfig/1ac9eb803944fde146138c791f5cc56a-le64.cache-4
7f1718bfd000-7f1718c01000 r--s 00000000 08:01 3281037                    /var/cache/fontconfig/385c0604a188198f04d133e54aba7fe7-le64.cache-4
7f1718c01000-7f1718c02000 r--s 00000000 08:01 3280793                    /var/cache/fontconfig/dc05db6664285cc2f12bf69c139ae4c3-le64.cache-4
7f1718c02000-7f1718c04000 r--s 00000000 08:01 3280682                    /var/cache/fontconfig/767a8244fc0220cfb567a839d0392e0b-le64.cache-4
7f1718c04000-7f1718c09000 r--s 00000000 08:01 3280256                    /var/cache/fontconfig/8801497958630a81b71ace7c5f9b32a8-le64.cache-4
7f1718c09000-7f1718c44000 r--s 00000000 08:01 3280217                    /var/cache/fontconfig/365b55f210c0a22e9a19e35191240f32-le64.cache-4
7f1718c44000-7f1718c4b000 r--s 00000000 08:01 3280205                    /var/cache/fontconfig/3047814df9a2f067bd2d96a2b9c36e5a-le64.cache-4
7f1718c4b000-7f1718c4c000 rw-s 00000000 00:04 238382                     /drm mm object (deleted)
7f1718c4c000-7f1718c6b000 r--s 00000000 08:01 4593898                    /usr/share/texmf/fonts/type1/public/lm/lmb10.pfb
7f1718c6b000-7f1718c8a000 r--s 00000000 08:01 4593967                    /usr/share/texmf/fonts/type1/public/lm/lmtlo10.pfb
7f1718cd9000-7f1718cf3000 r--s 00000000 08:01 4593910                    /usr/share/texmf/fonts/type1/public/lm/lmtl10.pfb
7f1718d1d000-7f1718d40000 r--s 00000000 08:01 4593940                    /usr/share/texmf/fonts/type1/public/lm/lmtko10.pfb
7f1718d7b000-7f1718d9d000 r--s 00000000 08:01 4593914                    /usr/share/texmf/fonts/type1/public/lm/lmbo10.pfb
7f1718d9d000-7f1718dba000 r--s 00000000 08:01 4593948                    /usr/share/texmf/fonts/type1/public/lm/lmssqbx8.pfb
7f1718ddb000-7f1718dfc000 r--s 00000000 08:01 4593918                    /usr/share/texmf/fonts/type1/public/lm/lmro10.pfb
7f1718e15000-7f1718e35000 r--s 00000000 08:01 4593947                    /usr/share/texmf/fonts/type1/public/lm/lmssqo8.pfb
7f1718e35000-7f1718e57000 r--s 00000000 08:01 4593907                    /usr/share/texmf/fonts/type1/public/lm/lmtlco10.pfb
7f1718e70000-7f1718e8f000 r--s 00000000 08:01 4593896                    /usr/share/texmf/fonts/type1/public/lm/lmtto10.pfb
7f1718e8f000-7f1718eb4000 r--s 00000000 08:01 4593932                    /usr/share/texmf/fonts/type1/public/lm/lmvtko10.pfb
7f1718eb4000-7f1718ed2000 r--s 00000000 08:01 4593934                    /usr/share/texmf/fonts/type1/public/lm/lmssbx10.pfb
7f1718ef2000-7f1718efc000 r--s 00000000 08:01 4982234                    /usr/share/fonts/X11/Type1/c0611bt_.pfb
7f1718f6b000-7f1718f88000 r--s 00000000 08:01 4593938                    /usr/share/texmf/fonts/type1/public/lm/lmvtt10.pfb
7f1718fe4000-7f1718ffd000 r--s 00000000 08:01 4593949                    /usr/share/texmf/fonts/type1/public/lm/lmtti10.pfb
7f171902f000-7f171904b000 r--s 00000000 08:01 4593909                    /usr/share/texmf/fonts/type1/public/lm/lmu10.pfb
7f171904b000-7f1719068000 r--s 00000000 08:01 4593971                    /usr/share/texmf/fonts/type1/public/lm/lmssdc10.pfb
7f171909c000-7f17190a6000 r--s 00000000 08:01 4982228                    /usr/share/fonts/X11/Type1/c0419bt_.pfb
7f1719125000-7f1719147000 r--s 00000000 08:01 4593894                    /usr/share/texmf/fonts/type1/public/lm/lmssdo10.pfb
7f17191c2000-7f17191cc000 r--s 00000000 08:01 7870356                    /usr/share/texlive/texmf-dist/fonts/type1/urw/helvetic/uhvb8ac.pfb
7f17191f7000-7f1719201000 r--s 00000000 08:01 7870357                    /usr/share/texlive/texmf-dist/fonts/type1/urw/helvetic/uhvbo8ac.pfb
7f1719213000-7f171921c000 r--s 00000000 08:01 7870102                    /usr/share/texlive/texmf-dist/fonts/type1/bitstrea/charter/bchbi8a.pfb
7f1719236000-7f171923f000 r--s 00000000 08:01 7870101                    /usr/share/texlive/texmf-dist/fonts/type1/bitstrea/charter/bchri8a.pfb
7f171923f000-7f1719249000 r--s 00000000 08:01 7870359                    /usr/share/texlive/texmf-dist/fonts/type1/urw/helvetic/uhvro8ac.pfb
7f1719260000-7f171926c000 r--s 00000000 08:01 7870311                    /usr/share/texlive/texmf-dist/fonts/type1/urw/ncntrsbk/uncb8a.pfb
7f171926c000-7f1719275000 r--s 00000000 08:01 7870104                    /usr/share/texlive/texmf-dist/fonts/type1/bitstrea/charter/bchb8a.pfb
7f1719280000-7f171928c000 r--s 00000000 08:01 7870317                    /usr/share/texlive/texmf-dist/fonts/type1/urw/ncntrsbk/uncri8a.pfb
7f1719299000-7f17192a5000 r--s 00000000 08:01 7870316                    /usr/share/texlive/texmf-dist/fonts/type1/urw/ncntrsbk/uncbi8a.pfb
7f17192be000-7f17192c7000 r--s 00000000 08:01 7870103                    /usr/share/texlive/texmf-dist/fonts/type1/bitstrea/charter/bchr8a.pfb
7f17192d2000-7f17192db000 r--s 00000000 08:01 7870367                    /usr/share/texlive/texmf-dist/fonts/type1/urw/helvetic/uhvr8ac.pfb
7f17192db000-7f17192e7000 r--s 00000000 08:01 7870310                    /usr/share/texlive/texmf-dist/fonts/type1/urw/ncntrsbk/uncr8a.pfb
7f17192ff000-7f171930b000 r--s 00000000 08:01 7870340                    /usr/share/texlive/texmf-dist/fonts/type1/urw/zapfding/uzdr.pfb
7f1719356000-7f17193bb000 r-xp 00000000 08:01 6948346                    /usr/lib/jvm/java-7-oracle/jre/lib/amd64/libfontmanager.so
7f17193bb000-7f17195ba000 ---p 00065000 08:01 6948346                    /usr/lib/jvm/java-7-oracle/jre/lib/amd64/libfontmanager.so
7f17195ba000-7f17195be000 rw-p 00064000 08:01 6948346                    /usr/lib/jvm/java-7-oracle/jre/lib/amd64/libfontmanager.so
7f17195be000-7f17195cf000 rw-p 00000000 00:00 0 
7f17195cf000-7f17198cf000 rw-s 10c8d0000 00:05 10819                     /dev/dri/card0
7f17198cf000-7f1719bcf000 rw-s 10c5d0000 00:05 10819                     /dev/dri/card0
7f1719bcf000-7f1719bd1000 r-xp 00000000 08:01 4200840                    /usr/lib/x86_64-linux-gnu/libXinerama.so.1.0.0
7f1719bd1000-7f1719dd0000 ---p 00002000 08:01 4200840                    /usr/lib/x86_64-linux-gnu/libXinerama.so.1.0.0
7f1719dd0000-7f1719dd1000 r--p 00001000 08:01 4200840                    /usr/lib/x86_64-linux-gnu/libXinerama.so.1.0.0
7f1719dd1000-7f1719dd2000 rw-p 00002000 08:01 4200840                    /usr/lib/x86_64-linux-gnu/libXinerama.so.1.0.0
7f1719dd2000-7f1719e09000 r-xp 00000000 08:01 4201676                    /usr/lib/x86_64-linux-gnu/libtxc_dxtn_s2tc.so.0.0.0
7f1719e09000-7f171a008000 ---p 00037000 08:01 4201676                    /usr/lib/x86_64-linux-gnu/libtxc_dxtn_s2tc.so.0.0.0
7f171a008000-7f171a009000 r--p 00036000 08:01 4201676                    /usr/lib/x86_64-linux-gnu/libtxc_dxtn_s2tc.so.0.0.0
7f171a009000-7f171a00a000 rw-p 00037000 08:01 4201676                    /usr/lib/x86_64-linux-gnu/libtxc_dxtn_s2tc.so.0.0.0
7f171a00a000-7f171a012000 r-xp 00000000 08:01 4200389                    /usr/lib/x86_64-linux-gnu/libpciaccess.so.0.11.1
7f171a012000-7f171a211000 ---p 00008000 08:01 4200389                    /usr/lib/x86_64-linux-gnu/libpciaccess.so.0.11.1
7f171a211000-7f171a212000 r--p 00007000 08:01 4200389                    /usr/lib/x86_64-linux-gnu/libpciaccess.so.0.11.1
7f171a212000-7f171a213000 rw-p 00008000 08:01 4200389                    /usr/lib/x86_64-linux-gnu/libpciaccess.so.0.11.1
7f171a213000-7f171a233000 r-xp 00000000 08:01 4200164                    /usr/lib/x86_64-linux-gnu/libdrm_intel.so.1.0.0
7f171a233000-7f171a432000 ---p 00020000 08:01 4200164                    /usr/lib/x86_64-linux-gnu/libdrm_intel.so.1.0.0
7f171a432000-7f171a433000 r--p 0001f000 08:01 4200164                    /usr/lib/x86_64-linux-gnu/libdrm_intel.so.1.0.0
7f171a433000-7f171a434000 rw-p 00020000 08:01 4200164                    /usr/lib/x86_64-linux-gnu/libdrm_intel.so.1.0.0
7f171a434000-7f171a950000 r-xp 00000000 08:01 4457348                    /usr/lib/x86_64-linux-gnu/dri/i965_dri.so
7f171a950000-7f171ab4f000 ---p 0051c000 08:01 4457348                    /usr/lib/x86_64-linux-gnu/dri/i965_dri.so
7f171ab4f000-7f171ab6b000 r--p 0051b000 08:01 4457348                    /usr/lib/x86_64-linux-gnu/dri/i965_dri.so
7f171ab6b000-7f171ab71000 rw-p 00537000 08:01 4457348                    /usr/lib/x86_64-linux-gnu/dri/i965_dri.so
7f171ab71000-7f171ab7c000 rw-p 00000000 00:00 0 
7f171ab7c000-7f171abe8000 r-xp 00000000 08:01 6423524                    /lib/x86_64-linux-gnu/libpcre.so.3.13.1
7f171abe8000-7f171ade7000 ---p 0006c000 08:01 6423524                    /lib/x86_64-linux-gnu/libpcre.so.3.13.1
7f171ade7000-7f171ade8000 r--p 0006b000 08:01 6423524                    /lib/x86_64-linux-gnu/libpcre.so.3.13.1
7f171ade8000-7f171ade9000 rw-p 0006c000 08:01 6423524                    /lib/x86_64-linux-gnu/libpcre.so.3.13.1
7f171ade9000-7f171ae0a000 r-xp 00000000 08:01 6423523                    /lib/x86_64-linux-gnu/libselinux.so.1
7f171ae0a000-7f171b009000 ---p 00021000 08:01 6423523                    /lib/x86_64-linux-gnu/libselinux.so.1
7f171b009000-7f171b00a000 r--p 00020000 08:01 6423523                    /lib/x86_64-linux-gnu/libselinux.so.1
7f171b00a000-7f171b00b000 rw-p 00021000 08:01 6423523                    /lib/x86_64-linux-gnu/libselinux.so.1
7f171b00b000-7f171b00d000 rw-p 00000000 00:00 0 
7f171b00d000-7f171b01d000 r-xp 00000000 08:01 6422591                    /lib/x86_64-linux-gnu/libudev.so.1.4.0
7f171b01d000-7f171b21d000 ---p 00010000 08:01 6422591                    /lib/x86_64-linux-gnu/libudev.so.1.4.0
7f171b21d000-7f171b21e000 r--p 00010000 08:01 6422591                    /lib/x86_64-linux-gnu/libudev.so.1.4.0
7f171b21e000-7f171b21f000 rw-p 00011000 08:01 6422591                    /lib/x86_64-linux-gnu/libudev.so.1.4.0
7f171b21f000-7f171b244000 r-xp 00000000 08:01 6422595                    /lib/x86_64-linux-gnu/libtinfo.so.5.9
7f171b244000-7f171b443000 ---p 00025000 08:01 6422595                    /lib/x86_64-linux-gnu/libtinfo.so.5.9
7f171b443000-7f171b447000 r--p 00024000 08:01 6422595                    /lib/x86_64-linux-gnu/libtinfo.so.5.9
7f171b447000-7f171b448000 rw-p 00028000 08:01 6422595                    /lib/x86_64-linux-gnu/libtinfo.so.5.9
7f171b448000-7f171b471000 r-xp 00000000 08:01 4196960                    /usr/lib/x86_64-linux-gnu/libedit.so.2.0.51
7f171b471000-7f171b671000 ---p 00029000 08:01 4196960                    /usr/lib/x86_64-linux-gnu/libedit.so.2.0.51
7f171b671000-7f171b673000 r--p 00029000 08:01 4196960                    /usr/lib/x86_64-linux-gnu/libedit.so.2.0.51
7f171b673000-7f171b674000 rw-p 0002b000 08:01 4196960                    /usr/lib/x86_64-linux-gnu/libedit.so.2.0.51
7f171b674000-7f171b677000 rw-p 00000000 00:00 0 
7f171b677000-7f171b68f000 r-xp 00000000 08:01 6426683                    /lib/x86_64-linux-gnu/libz.so.1.2.8
7f171b68f000-7f171b88e000 ---p 00018000 08:01 6426683                    /lib/x86_64-linux-gnu/libz.so.1.2.8
7f171b88e000-7f171b88f000 r--p 00017000 08:01 6426683                    /lib/x86_64-linux-gnu/libz.so.1.2.8
7f171b88f000-7f171b890000 rw-p 00018000 08:01 6426683                    /lib/x86_64-linux-gnu/libz.so.1.2.8
7f171b890000-7f171b8a6000 r-xp 00000000 08:01 6422820                    /lib/x86_64-linux-gnu/libgcc_s.so.1
7f171b8a6000-7f171baa5000 ---p 00016000 08:01 6422820                    /lib/x86_64-linux-gnu/libgcc_s.so.1
7f171baa5000-7f171baa6000 r--p 00015000 08:01 6422820                    /lib/x86_64-linux-gnu/libgcc_s.so.1
7f171baa6000-7f171baa7000 rw-p 00016000 08:01 6422820                    /lib/x86_64-linux-gnu/libgcc_s.so.1
7f171baa7000-7f171bb97000 r-xp 00000000 08:01 4194403                    /usr/lib/x86_64-linux-gnu/libstdc++.so.6.0.20
7f171bb97000-7f171bd97000 ---p 000f0000 08:01 4194403                    /usr/lib/x86_64-linux-gnu/libstdc++.so.6.0.20
7f171bd97000-7f171bd9f000 r--p 000f0000 08:01 4194403                    /usr/lib/x86_64-linux-gnu/libstdc++.so.6.0.20
7f171bd9f000-7f171bda1000 rw-p 000f8000 08:01 4194403                    /usr/lib/x86_64-linux-gnu/libstdc++.so.6.0.20
7f171bda1000-7f171bdb6000 rw-p 00000000 00:00 0 
7f171bdb6000-7f171d938000 r-xp 00000000 08:01 4196962                    /usr/lib/x86_64-linux-gnu/libLLVM-3.5.so.1
7f171d938000-7f171db05000 r--p 01b81000 08:01 4196962                    /usr/lib/x86_64-linux-gnu/libLLVM-3.5.so.1
7f171db05000-7f171db0b000 rw-p 01d4e000 08:01 4196962                    /usr/lib/x86_64-linux-gnu/libLLVM-3.5.so.1
7f171db0b000-7f171db21000 rw-p 00000000 00:00 0 
7f171db21000-7f171db2d000 r-xp 00000000 08:01 4196232                    /usr/lib/x86_64-linux-gnu/libdrm_radeon.so.1.0.1
7f171db2d000-7f171dd2c000 ---p 0000c000 08:01 4196232                    /usr/lib/x86_64-linux-gnu/libdrm_radeon.so.1.0.1
7f171dd2c000-7f171dd2d000 r--p 0000b000 08:01 4196232                    /usr/lib/x86_64-linux-gnu/libdrm_radeon.so.1.0.1
7f171dd2d000-7f171dd2e000 rw-p 0000c000 08:01 4196232                    /usr/lib/x86_64-linux-gnu/libdrm_radeon.so.1.0.1
7f171dd2e000-7f171dd43000 r-xp 00000000 08:01 4194653                    /usr/lib/x86_64-linux-gnu/libelf-0.160.so
7f171dd43000-7f171df42000 ---p 00015000 08:01 4194653                    /usr/lib/x86_64-linux-gnu/libelf-0.160.so
7f171df42000-7f171df43000 r--p 00014000 08:01 4194653                    /usr/lib/x86_64-linux-gnu/libelf-0.160.so
7f171df43000-7f171df44000 rw-p 00015000 08:01 4194653                    /usr/lib/x86_64-linux-gnu/libelf-0.160.so
7f171df44000-7f171df4a000 r-xp 00000000 08:01 4196408                    /usr/lib/x86_64-linux-gnu/libdrm_nouveau.so.2.0.0
7f171df4a000-7f171e149000 ---p 00006000 08:01 4196408                    /usr/lib/x86_64-linux-gnu/libdrm_nouveau.so.2.0.0
7f171e149000-7f171e14a000 r--p 00005000 08:01 4196408                    /usr/lib/x86_64-linux-gnu/libdrm_nouveau.so.2.0.0
7f171e14a000-7f171e14b000 rw-p 00006000 08:01 4196408                    /usr/lib/x86_64-linux-gnu/libdrm_nouveau.so.2.0.0
7f171e14b000-7f171e152000 r-xp 00000000 08:01 4457075                    /usr/lib/x86_64-linux-gnu/mesa-egl/libOpenVG.so.1.0.0
7f171e152000-7f171e351000 ---p 00007000 08:01 4457075                    /usr/lib/x86_64-linux-gnu/mesa-egl/libOpenVG.so.1.0.0
7f171e351000-7f171e352000 r--p 00006000 08:01 4457075                    /usr/lib/x86_64-linux-gnu/mesa-egl/libOpenVG.so.1.0.0
7f171e352000-7f171e353000 rw-p 00007000 08:01 4457075                    /usr/lib/x86_64-linux-gnu/mesa-egl/libOpenVG.so.1.0.0
7f171e353000-7f171e355000 rw-p 00000000 00:00 0 
7f171e355000-7f171eb01000 r-xp 00000000 08:01 4456798                    /usr/lib/x86_64-linux-gnu/egl/egl_gallium.so
7f171eb01000-7f171ed01000 ---p 007ac000 08:01 4456798                    /usr/lib/x86_64-linux-gnu/egl/egl_gallium.so
7f171ed01000-7f171ed58000 r--p 007ac000 08:01 4456798                    /usr/lib/x86_64-linux-gnu/egl/egl_gallium.so
7f171ed58000-7f171ed64000 rw-p 00803000 08:01 4456798                    /usr/lib/x86_64-linux-gnu/egl/egl_gallium.so
7f171ed64000-7f171ef4c000 rw-p 00000000 00:00 0 
7f171ef4c000-7f171ef52000 r-xp 00000000 08:01 4458063                    /usr/lib/x86_64-linux-gnu/mesa-egl/libGLESv2.so.2.0.0
7f171ef52000-7f171f151000 ---p 00006000 08:01 4458063                    /usr/lib/x86_64-linux-gnu/mesa-egl/libGLESv2.so.2.0.0
7f171f151000-7f171f152000 r--p 00005000 08:01 4458063                    /usr/lib/x86_64-linux-gnu/mesa-egl/libGLESv2.so.2.0.0
7f171f152000-7f171f153000 rw-p 00006000 08:01 4458063                    /usr/lib/x86_64-linux-gnu/mesa-egl/libGLESv2.so.2.0.0
7f171f153000-7f171f198000 r-xp 00000000 08:01 1441798                    /tmp/jogamp_0000/file_cache/jln4094741205995917827/jln8358424667981288989/libjogl_mobile.so
7f171f198000-7f171f398000 ---p 00045000 08:01 1441798                    /tmp/jogamp_0000/file_cache/jln4094741205995917827/jln8358424667981288989/libjogl_mobile.so
7f171f398000-7f171f399000 rw-p 00045000 08:01 1441798                    /tmp/jogamp_0000/file_cache/jln4094741205995917827/jln8358424667981288989/libjogl_mobile.so
7f171f399000-7f171f3a0000 r-xp 00000000 08:01 4196383                    /usr/lib/x86_64-linux-gnu/libffi.so.6.0.2
7f171f3a0000-7f171f59f000 ---p 00007000 08:01 4196383                    /usr/lib/x86_64-linux-gnu/libffi.so.6.0.2
7f171f59f000-7f171f5a0000 r--p 00006000 08:01 4196383                    /usr/lib/x86_64-linux-gnu/libffi.so.6.0.2
7f171f5a0000-7f171f5a1000 rw-p 00007000 08:01 4196383                    /usr/lib/x86_64-linux-gnu/libffi.so.6.0.2
7f171f5a1000-7f171f5ae000 r-xp 00000000 08:01 4200734                    /usr/lib/x86_64-linux-gnu/libgbm.so.1.0.0
7f171f5ae000-7f171f7ad000 ---p 0000d000 08:01 4200734                    /usr/lib/x86_64-linux-gnu/libgbm.so.1.0.0
7f171f7ad000-7f171f7ae000 r--p 0000c000 08:01 4200734                    /usr/lib/x86_64-linux-gnu/libgbm.so.1.0.0
7f171f7ae000-7f171f7af000 rw-p 0000d000 08:01 4200734                    /usr/lib/x86_64-linux-gnu/libgbm.so.1.0.0
7f171f7af000-7f171f7bd000 r-xp 00000000 08:01 4200729                    /usr/lib/x86_64-linux-gnu/libwayland-server.so.0.1.0
7f171f7bd000-7f171f9bd000 ---p 0000e000 08:01 4200729                    /usr/lib/x86_64-linux-gnu/libwayland-server.so.0.1.0
7f171f9bd000-7f171f9bf000 r--p 0000e000 08:01 4200729                    /usr/lib/x86_64-linux-gnu/libwayland-server.so.0.1.0
7f171f9bf000-7f171f9c0000 rw-p 00010000 08:01 4200729                    /usr/lib/x86_64-linux-gnu/libwayland-server.so.0.1.0
7f171f9c0000-7f171f9cb000 r-xp 00000000 08:01 4196427                    /usr/lib/x86_64-linux-gnu/libwayland-client.so.0.2.0
7f171f9cb000-7f171fbcb000 ---p 0000b000 08:01 4196427                    /usr/lib/x86_64-linux-gnu/libwayland-client.so.0.2.0
7f171fbcb000-7f171fbcd000 r--p 0000b000 08:01 4196427                    /usr/lib/x86_64-linux-gnu/libwayland-client.so.0.2.0
7f171fbcd000-7f171fbce000 rw-p 0000d000 08:01 4196427                    /usr/lib/x86_64-linux-gnu/libwayland-client.so.0.2.0
7f171fbce000-7f171fbd3000 r-xp 00000000 08:01 4201769                    /usr/lib/x86_64-linux-gnu/libxcb-xfixes.so.0.0.0
7f171fbd3000-7f171fdd3000 ---p 00005000 08:01 4201769                    /usr/lib/x86_64-linux-gnu/libxcb-xfixes.so.0.0.0
7f171fdd3000-7f171fdd4000 r--p 00005000 08:01 4201769                    /usr/lib/x86_64-linux-gnu/libxcb-xfixes.so.0.0.0
7f171fdd4000-7f171fdd5000 rw-p 00006000 08:01 4201769                    /usr/lib/x86_64-linux-gnu/libxcb-xfixes.so.0.0.0
7f171fdd5000-7f171fdfe000 r-xp 00000000 08:01 4457076                    /usr/lib/x86_64-linux-gnu/mesa-egl/libEGL.so.1.0.0
7f171fdfe000-7f171fffd000 ---p 00029000 08:01 4457076                    /usr/lib/x86_64-linux-gnu/mesa-egl/libEGL.so.1.0.0
7f171fffd000-7f171fffe000 r--p 00028000 08:01 4457076                    /usr/lib/x86_64-linux-gnu/mesa-egl/libEGL.so.1.0.0
7f171fffe000-7f171ffff000 rw-p 00029000 08:01 4457076                    /usr/lib/x86_64-linux-gnu/mesa-egl/libEGL.so.1.0.0
7f171ffff000-7f1720000000 rw-p 00000000 00:00 0 
7f1720000000-7f1720021000 rw-p 00000000 00:00 0 
7f1720021000-7f1724000000 ---p 00000000 00:00 0 
7f1724000000-7f1724046000 rw-p 00000000 00:00 0 
7f1724046000-7f1728000000 ---p 00000000 00:00 0 
7f1728000000-7f172a77e000 rw-p 00000000 00:00 0 
7f172a77e000-7f172c000000 ---p 00000000 00:00 0 
7f172c000000-7f172c001000 r--s 00000000 08:01 3280257                    /var/cache/fontconfig/4794a0821666d79190d59a36cb4f44b5-le64.cache-4
7f172c001000-7f172c005000 r--s 00000000 08:01 3280212                    /var/cache/fontconfig/c57959a16110560c8d0fcea73374aeeb-le64.cache-4
7f172c005000-7f172c006000 r--s 00000000 08:01 3280204                    /var/cache/fontconfig/56cf4f4769d0f4abc89a4895d7bd3ae1-le64.cache-4
7f172c006000-7f172c00c000 r--s 00000000 08:01 3280028                    /var/cache/fontconfig/b47c4e1ecd0709278f4910c18777a504-le64.cache-4
7f172c00c000-7f172c015000 r--s 00000000 08:01 3279955                    /var/cache/fontconfig/52f7bdb7ce746bfd7eaa1985bd9cfa93-le64.cache-4
7f172c015000-7f172c028000 r--s 00000000 08:01 3279796                    /var/cache/fontconfig/d52a8644073d54c13679302ca1180695-le64.cache-4
7f172c028000-7f172c031000 r--s 00000000 08:01 3279615                    /var/cache/fontconfig/3f7329c5293ffd510edef78f73874cfd-le64.cache-4
7f172c031000-7f172c035000 r--s 00000000 08:01 3279614                    /var/cache/fontconfig/d589a48862398ed80a3d6066f4f56f4c-le64.cache-4
7f172c035000-7f172c04a000 r--s 00000000 08:01 3279078                    /var/cache/fontconfig/da82082e1ef13c4097208324d67c180c-le64.cache-4
7f172c04a000-7f172c06b000 r--s 00000000 08:01 3286440                    /var/cache/fontconfig/e13b20fdb08344e0e664864cc2ede53d-le64.cache-4
7f172c06b000-7f172c078000 r--s 00000000 08:01 3280062                    /var/cache/fontconfig/8f02d4cb045bd6ce15663e43f347c9f8-le64.cache-4
7f172c078000-7f172c096000 r--s 00000000 08:01 3279769                    /var/cache/fontconfig/467c019e582ee353435ea5c21d137ef6-le64.cache-4
7f172c096000-7f172c0a7000 r--s 00000000 08:01 4982985                    /usr/share/fonts/type1/gsfonts/n019023l.pfb
7f172c0a7000-7f172c0b7000 r--s 00000000 08:01 7870301                    /usr/share/texlive/texmf-dist/fonts/type1/adobe/courier/pcrb8a.pfb
7f172c0b7000-7f172c0d0000 r--s 00000000 08:01 4983018                    /usr/share/fonts/type1/gsfonts/n022004l.pfb
7f172c0d0000-7f172c0e1000 r--s 00000000 08:01 4982988                    /usr/share/fonts/type1/gsfonts/n019024l.pfb
7f172c0e1000-7f172c0f3000 r--s 00000000 08:01 4982982                    /usr/share/fonts/type1/gsfonts/n019004l.pfb
7f172c0f3000-7f172c109000 r--s 00000000 08:01 4983024                    /usr/share/fonts/type1/gsfonts/n022024l.pfb
7f172c109000-7f172c11f000 r--s 00000000 08:01 4983021                    /usr/share/fonts/type1/gsfonts/n022023l.pfb
7f172c11f000-7f172c133000 r--s 00000000 08:01 4982979                    /usr/share/fonts/type1/gsfonts/n019003l.pfb
7f172c133000-7f172c14c000 r--s 00000000 08:01 4983006                    /usr/share/fonts/type1/gsfonts/n021004l.pfb
7f172c14c000-7f172c164000 r--s 00000000 08:01 4983015                    /usr/share/fonts/type1/gsfonts/n022003l.pfb
7f172c164000-7f172c173000 r--s 00000000 08:01 7870299                    /usr/share/texlive/texmf-dist/fonts/type1/adobe/courier/pcrro8a.pfb
7f172c173000-7f172c18c000 r--s 00000000 08:01 4983003                    /usr/share/fonts/type1/gsfonts/n021003l.pfb
7f172c18c000-7f172c1a3000 r--s 00000000 08:01 4983009                    /usr/share/fonts/type1/gsfonts/n021023l.pfb
7f172c1a3000-7f172c1b9000 r--s 00000000 08:01 4983012                    /usr/share/fonts/type1/gsfonts/n021024l.pfb
7f172c1b9000-7f172c25e000 r-xp 00000000 08:01 1441797                    /tmp/jogamp_0000/file_cache/jln4094741205995917827/jln8358424667981288989/libjogl_desktop.so
7f172c25e000-7f172c45e000 ---p 000a5000 08:01 1441797                    /tmp/jogamp_0000/file_cache/jln4094741205995917827/jln8358424667981288989/libjogl_desktop.so
7f172c45e000-7f172c45f000 rw-p 000a5000 08:01 1441797                    /tmp/jogamp_0000/file_cache/jln4094741205995917827/jln8358424667981288989/libjogl_desktop.so
7f172c45f000-7f172c46a000 r-xp 00000000 08:01 4200391                    /usr/lib/x86_64-linux-gnu/libdrm.so.2.4.0
7f172c46a000-7f172c669000 ---p 0000b000 08:01 4200391                    /usr/lib/x86_64-linux-gnu/libdrm.so.2.4.0
7f172c669000-7f172c66a000 r--p 0000a000 08:01 4200391                    /usr/lib/x86_64-linux-gnu/libdrm.so.2.4.0
7f172c66a000-7f172c66b000 rw-p 0000b000 08:01 4200391                    /usr/lib/x86_64-linux-gnu/libdrm.so.2.4.0
7f172c66b000-7f172c66c000 r-xp 00000000 08:01 4200413                    /usr/lib/x86_64-linux-gnu/libxshmfence.so.1.0.0
7f172c66c000-7f172c86b000 ---p 00001000 08:01 4200413                    /usr/lib/x86_64-linux-gnu/libxshmfence.so.1.0.0
7f172c86b000-7f172c86c000 r--p 00000000 08:01 4200413                    /usr/lib/x86_64-linux-gnu/libxshmfence.so.1.0.0
7f172c86c000-7f172c86d000 rw-p 00001000 08:01 4200413                    /usr/lib/x86_64-linux-gnu/libxshmfence.so.1.0.0
7f172c86d000-7f172c872000 r-xp 00000000 08:01 4201765                    /usr/lib/x86_64-linux-gnu/libxcb-sync.so.1.0.0
7f172c872000-7f172ca71000 ---p 00005000 08:01 4201765                    /usr/lib/x86_64-linux-gnu/libxcb-sync.so.1.0.0
7f172ca71000-7f172ca72000 r--p 00004000 08:01 4201765                    /usr/lib/x86_64-linux-gnu/libxcb-sync.so.1.0.0
7f172ca72000-7f172ca73000 rw-p 00005000 08:01 4201765                    /usr/lib/x86_64-linux-gnu/libxcb-sync.so.1.0.0
7f172ca73000-7f172ca75000 r-xp 00000000 08:01 4201757                    /usr/lib/x86_64-linux-gnu/libxcb-present.so.0.0.0
7f172ca75000-7f172cc74000 ---p 00002000 08:01 4201757                    /usr/lib/x86_64-linux-gnu/libxcb-present.so.0.0.0
7f172cc74000-7f172cc75000 r--p 00001000 08:01 4201757                    /usr/lib/x86_64-linux-gnu/libxcb-present.so.0.0.0
7f172cc75000-7f172cc76000 rw-p 00002000 08:01 4201757                    /usr/lib/x86_64-linux-gnu/libxcb-present.so.0.0.0
7f172cc76000-7f172cc78000 r-xp 00000000 08:01 4201753                    /usr/lib/x86_64-linux-gnu/libxcb-dri3.so.0.0.0
7f172cc78000-7f172ce77000 ---p 00002000 08:01 4201753                    /usr/lib/x86_64-linux-gnu/libxcb-dri3.so.0.0.0
7f172ce77000-7f172ce78000 r--p 00001000 08:01 4201753                    /usr/lib/x86_64-linux-gnu/libxcb-dri3.so.0.0.0
7f172ce78000-7f172ce79000 rw-p 00002000 08:01 4201753                    /usr/lib/x86_64-linux-gnu/libxcb-dri3.so.0.0.0
7f172ce79000-7f172ce7c000 r-xp 00000000 08:01 4201751                    /usr/lib/x86_64-linux-gnu/libxcb-dri2.so.0.0.0
7f172ce7c000-7f172d07c000 ---p 00003000 08:01 4201751                    /usr/lib/x86_64-linux-gnu/libxcb-dri2.so.0.0.0
7f172d07c000-7f172d07d000 r--p 00003000 08:01 4201751                    /usr/lib/x86_64-linux-gnu/libxcb-dri2.so.0.0.0
7f172d07d000-7f172d07e000 rw-p 00004000 08:01 4201751                    /usr/lib/x86_64-linux-gnu/libxcb-dri2.so.0.0.0
7f172d07e000-7f172d093000 r-xp 00000000 08:01 4201755                    /usr/lib/x86_64-linux-gnu/libxcb-glx.so.0.0.0
7f172d093000-7f172d292000 ---p 00015000 08:01 4201755                    /usr/lib/x86_64-linux-gnu/libxcb-glx.so.0.0.0
7f172d292000-7f172d294000 r--p 00014000 08:01 4201755                    /usr/lib/x86_64-linux-gnu/libxcb-glx.so.0.0.0
7f172d294000-7f172d295000 rw-p 00016000 08:01 4201755                    /usr/lib/x86_64-linux-gnu/libxcb-glx.so.0.0.0
7f172d295000-7f172d296000 r-xp 00000000 08:01 4200409                    /usr/lib/x86_64-linux-gnu/libX11-xcb.so.1.0.0
7f172d296000-7f172d495000 ---p 00001000 08:01 4200409                    /usr/lib/x86_64-linux-gnu/libX11-xcb.so.1.0.0
7f172d495000-7f172d496000 r--p 00000000 08:01 4200409                    /usr/lib/x86_64-linux-gnu/libX11-xcb.so.1.0.0
7f172d496000-7f172d497000 rw-p 00001000 08:01 4200409                    /usr/lib/x86_64-linux-gnu/libX11-xcb.so.1.0.0
7f172d497000-7f172d499000 r-xp 00000000 08:01 4200383                    /usr/lib/x86_64-linux-gnu/libXdamage.so.1.1.0
7f172d499000-7f172d698000 ---p 00002000 08:01 4200383                    /usr/lib/x86_64-linux-gnu/libXdamage.so.1.1.0
7f172d698000-7f172d699000 r--p 00001000 08:01 4200383                    /usr/lib/x86_64-linux-gnu/libXdamage.so.1.1.0
7f172d699000-7f172d69a000 rw-p 00002000 08:01 4200383                    /usr/lib/x86_64-linux-gnu/libXdamage.so.1.1.0
7f172d69a000-7f172d6bf000 r-xp 00000000 08:01 4200726                    /usr/lib/x86_64-linux-gnu/libglapi.so.0.0.0
7f172d6bf000-7f172d8be000 ---p 00025000 08:01 4200726                    /usr/lib/x86_64-linux-gnu/libglapi.so.0.0.0
7f172d8be000-7f172d8c1000 r--p 00024000 08:01 4200726                    /usr/lib/x86_64-linux-gnu/libglapi.so.0.0.0
7f172d8c1000-7f172d8c2000 rw-p 00027000 08:01 4200726                    /usr/lib/x86_64-linux-gnu/libglapi.so.0.0.0
7f172d8c2000-7f172d8c3000 rw-p 00000000 00:00 0 
7f172d8c3000-7f172d8e9000 r-xp 00000000 08:01 6423564                    /lib/x86_64-linux-gnu/libexpat.so.1.6.0
7f172d8e9000-7f172dae8000 ---p 00026000 08:01 6423564                    /lib/x86_64-linux-gnu/libexpat.so.1.6.0
7f172dae8000-7f172daeb000 r--p 00025000 08:01 6423564                    /lib/x86_64-linux-gnu/libexpat.so.1.6.0
7f172daeb000-7f172daec000 rw-p 00028000 08:01 6423564                    /lib/x86_64-linux-gnu/libexpat.so.1.6.0
7f172daec000-7f172db82000 r-xp 00000000 08:01 4456794                    /usr/lib/x86_64-linux-gnu/mesa/libGL.so.1.2.0
7f172db82000-7f172dd81000 ---p 00096000 08:01 4456794                    /usr/lib/x86_64-linux-gnu/mesa/libGL.so.1.2.0
7f172dd81000-7f172dd84000 r--p 00095000 08:01 4456794                    /usr/lib/x86_64-linux-gnu/mesa/libGL.so.1.2.0
7f172dd84000-7f172dd85000 rw-p 00098000 08:01 4456794                    /usr/lib/x86_64-linux-gnu/mesa/libGL.so.1.2.0
7f172dd85000-7f172dd86000 rw-p 00000000 00:00 0 
7f172dd86000-7f172dd8d000 r-xp 00000000 08:01 1441800                    /tmp/jogamp_0000/file_cache/jln4094741205995917827/jln8358424667981288989/libnativewindow_x11.so
7f172dd8d000-7f172df8c000 ---p 00007000 08:01 1441800                    /tmp/jogamp_0000/file_cache/jln4094741205995917827/jln8358424667981288989/libnativewindow_x11.so
7f172df8c000-7f172df8d000 rw-p 00006000 08:01 1441800                    /tmp/jogamp_0000/file_cache/jln4094741205995917827/jln8358424667981288989/libnativewindow_x11.so
7f172df8d000-7f172df91000 r-xp 00000000 08:01 4200868                    /usr/lib/x86_64-linux-gnu/libXxf86vm.so.1.0.0
7f172df91000-7f172e191000 ---p 00004000 08:01 4200868                    /usr/lib/x86_64-linux-gnu/libXxf86vm.so.1.0.0
7f172e191000-7f172e192000 r--p 00004000 08:01 4200868                    /usr/lib/x86_64-linux-gnu/libXxf86vm.so.1.0.0
7f172e192000-7f172e193000 rw-p 00005000 08:01 4200868                    /usr/lib/x86_64-linux-gnu/libXxf86vm.so.1.0.0
7f172e193000-7f172e195000 r-xp 00000000 08:01 1441799                    /tmp/jogamp_0000/file_cache/jln4094741205995917827/jln8358424667981288989/libnativewindow_awt.so
7f172e195000-7f172e394000 ---p 00002000 08:01 1441799                    /tmp/jogamp_0000/file_cache/jln4094741205995917827/jln8358424667981288989/libnativewindow_awt.so
7f172e394000-7f172e395000 rw-p 00001000 08:01 1441799                    /tmp/jogamp_0000/file_cache/jln4094741205995917827/jln8358424667981288989/libnativewindow_awt.so
7f172e395000-7f172e396000 r-xp 00000000 08:01 6948360                    /usr/lib/jvm/java-7-oracle/jre/lib/amd64/libjawt.so
7f172e396000-7f172e595000 ---p 00001000 08:01 6948360                    /usr/lib/jvm/java-7-oracle/jre/lib/amd64/libjawt.so
7f172e595000-7f172e596000 rw-p 00000000 08:01 6948360                    /usr/lib/jvm/java-7-oracle/jre/lib/amd64/libjawt.so
7f172e596000-7f172e598000 r-xp 00000000 08:01 1441796                    /tmp/jogamp_0000/file_cache/jln4094741205995917827/jln8358424667981288989/libgluegen-rt.so
7f172e598000-7f172e797000 ---p 00002000 08:01 1441796                    /tmp/jogamp_0000/file_cache/jln4094741205995917827/jln8358424667981288989/libgluegen-rt.so
7f172e797000-7f172e798000 rw-p 00001000 08:01 1441796                    /tmp/jogamp_0000/file_cache/jln4094741205995917827/jln8358424667981288989/libgluegen-rt.so
7f172e798000-7f172e79b000 ---p 00000000 00:00 0 
7f172e79b000-7f172e899000 rw-p 00000000 00:00 0                          [stack:19446]
7f172e899000-7f172e8a9000 r-xp 00000000 08:01 6948381                    /usr/lib/jvm/java-7-oracle/jre/lib/amd64/libnio.so
7f172e8a9000-7f172eaa9000 ---p 00010000 08:01 6948381                    /usr/lib/jvm/java-7-oracle/jre/lib/amd64/libnio.so
7f172eaa9000-7f172eaaa000 rw-p 00010000 08:01 6948381                    /usr/lib/jvm/java-7-oracle/jre/lib/amd64/libnio.so
7f172eaaa000-7f172eaad000 ---p 00000000 00:00 0 
7f172eaad000-7f172ebab000 rw-p 00000000 00:00 0                          [stack:19417]
7f172ebab000-7f172ebae000 ---p 00000000 00:00 0 
7f172ebae000-7f172ecac000 rw-p 00000000 00:00 0                          [stack:19416]
7f172ecac000-7f172ecaf000 ---p 00000000 00:00 0 
7f172ecaf000-7f172edad000 rw-p 00000000 00:00 0                          [stack:19412]
7f172edad000-7f172edb0000 ---p 00000000 00:00 0 
7f172edb0000-7f172eeae000 rw-p 00000000 00:00 0 
7f172eeae000-7f172eeb1000 ---p 00000000 00:00 0 
7f172eeb1000-7f172efaf000 rw-p 00000000 00:00 0 
7f172efaf000-7f172efb2000 ---p 00000000 00:00 0 
7f172efb2000-7f172f0b0000 rw-p 00000000 00:00 0 
7f172f0b0000-7f172f0b3000 ---p 00000000 00:00 0 
7f172f0b3000-7f172f1b1000 rw-p 00000000 00:00 0                          [stack:19404]
7f172f1b1000-7f172f1b6000 r-xp 00000000 08:01 4196412                    /usr/lib/x86_64-linux-gnu/libXfixes.so.3.1.0
7f172f1b6000-7f172f3b5000 ---p 00005000 08:01 4196412                    /usr/lib/x86_64-linux-gnu/libXfixes.so.3.1.0
7f172f3b5000-7f172f3b6000 r--p 00004000 08:01 4196412                    /usr/lib/x86_64-linux-gnu/libXfixes.so.3.1.0
7f172f3b6000-7f172f3b7000 rw-p 00005000 08:01 4196412                    /usr/lib/x86_64-linux-gnu/libXfixes.so.3.1.0
7f172f3b7000-7f172f3c0000 r-xp 00000000 08:01 4200824                    /usr/lib/x86_64-linux-gnu/libXcursor.so.1.0.2
7f172f3c0000-7f172f5bf000 ---p 00009000 08:01 4200824                    /usr/lib/x86_64-linux-gnu/libXcursor.so.1.0.2
7f172f5bf000-7f172f5c0000 r--p 00008000 08:01 4200824                    /usr/lib/x86_64-linux-gnu/libXcursor.so.1.0.2
7f172f5c0000-7f172f5c1000 rw-p 00009000 08:01 4200824                    /usr/lib/x86_64-linux-gnu/libXcursor.so.1.0.2
7f172f5c1000-7f172f5c6000 r-xp 00000000 08:01 4194481                    /usr/lib/x86_64-linux-gnu/libXdmcp.so.6.0.0
7f172f5c6000-7f172f7c5000 ---p 00005000 08:01 4194481                    /usr/lib/x86_64-linux-gnu/libXdmcp.so.6.0.0
7f172f7c5000-7f172f7c6000 r--p 00004000 08:01 4194481                    /usr/lib/x86_64-linux-gnu/libXdmcp.so.6.0.0
7f172f7c6000-7f172f7c7000 rw-p 00005000 08:01 4194481                    /usr/lib/x86_64-linux-gnu/libXdmcp.so.6.0.0
7f172f7c7000-7f172f7c9000 r-xp 00000000 08:01 4200817                    /usr/lib/x86_64-linux-gnu/libXau.so.6.0.0
7f172f7c9000-7f172f9c9000 ---p 00002000 08:01 4200817                    /usr/lib/x86_64-linux-gnu/libXau.so.6.0.0
7f172f9c9000-7f172f9ca000 r--p 00002000 08:01 4200817                    /usr/lib/x86_64-linux-gnu/libXau.so.6.0.0
7f172f9ca000-7f172f9cb000 rw-p 00003000 08:01 4200817                    /usr/lib/x86_64-linux-gnu/libXau.so.6.0.0
7f172f9cb000-7f172f9e8000 r-xp 00000000 08:01 4201771                    /usr/lib/x86_64-linux-gnu/libxcb.so.1.1.0
7f172f9e8000-7f172fbe8000 ---p 0001d000 08:01 4201771                    /usr/lib/x86_64-linux-gnu/libxcb.so.1.1.0
7f172fbe8000-7f172fbe9000 r--p 0001d000 08:01 4201771                    /usr/lib/x86_64-linux-gnu/libxcb.so.1.1.0
7f172fbe9000-7f172fbea000 rw-p 0001e000 08:01 4201771                    /usr/lib/x86_64-linux-gnu/libxcb.so.1.1.0
7f172fbea000-7f172fbf9000 r-xp 00000000 08:01 4196421                    /usr/lib/x86_64-linux-gnu/libXi.so.6.1.0
7f172fbf9000-7f172fdf8000 ---p 0000f000 08:01 4196421                    /usr/lib/x86_64-linux-gnu/libXi.so.6.1.0
7f172fdf8000-7f172fdf9000 r--p 0000e000 08:01 4196421                    /usr/lib/x86_64-linux-gnu/libXi.so.6.1.0
7f172fdf9000-7f172fdfa000 rw-p 0000f000 08:01 4196421                    /usr/lib/x86_64-linux-gnu/libXi.so.6.1.0
7f172fdfa000-7f172fdff000 r-xp 00000000 08:01 4200858                    /usr/lib/x86_64-linux-gnu/libXtst.so.6.1.0
7f172fdff000-7f172fffe000 ---p 00005000 08:01 4200858                    /usr/lib/x86_64-linux-gnu/libXtst.so.6.1.0
7f172fffe000-7f172ffff000 r--p 00004000 08:01 4200858                    /usr/lib/x86_64-linux-gnu/libXtst.so.6.1.0
7f172ffff000-7f1730000000 rw-p 00005000 08:01 4200858                    /usr/lib/x86_64-linux-gnu/libXtst.so.6.1.0
7f1730000000-7f1730021000 rw-p 00000000 00:00 0 
7f1730021000-7f1734000000 ---p 00000000 00:00 0 
7f1734000000-7f173481a000 rw-p 00000000 00:00 0 
7f173481a000-7f1738000000 ---p 00000000 00:00 0 
7f1738000000-7f173848b000 rw-p 00000000 00:00 0 
7f173848b000-7f173c000000 ---p 00000000 00:00 0 
7f173c000000-7f173e78c000 rw-p 00000000 00:00 0 
7f173e78c000-7f1740000000 ---p 00000000 00:00 0 
7f1740000000-7f1740021000 rw-p 00000000 00:00 0 
7f1740021000-7f1744000000 ---p 00000000 00:00 0 
7f1744000000-7f17444b4000 rw-p 00000000 00:00 0 
7f17444b4000-7f1748000000 ---p 00000000 00:00 0 
7f1748000000-7f1748021000 rw-p 00000000 00:00 0 
7f1748021000-7f174c000000 ---p 00000000 00:00 0 
7f174c000000-7f174c021000 rw-p 00000000 00:00 0 
7f174c021000-7f1750000000 ---p 00000000 00:00 0 
7f1750000000-7f1750021000 rw-p 00000000 00:00 0 
7f1750021000-7f1754000000 ---p 00000000 00:00 0 
7f1754000000-7f1754021000 rw-p 00000000 00:00 0 
7f1754021000-7f1758000000 ---p 00000000 00:00 0 
7f1758000000-7f1758021000 rw-p 00000000 00:00 0 
7f1758021000-7f175c000000 ---p 00000000 00:00 0 
7f175c000000-7f175c001000 r--s 00000000 08:01 3280182                    /var/cache/fontconfig/b9d506c9ac06c20b433354fa67a72993-le64.cache-4
7f175c001000-7f175c002000 r--s 00000000 08:01 3279498                    /var/cache/fontconfig/0c9eb80ebd1c36541ebe2852d3bb0c49-le64.cache-4
7f175c002000-7f175c006000 r--s 00000000 08:01 3278917                    /var/cache/fontconfig/7ef2298fde41cc6eeb7af42e48b7d293-le64.cache-4
7f175c006000-7f175c016000 r--s 00000000 08:01 7870298                    /usr/share/texlive/texmf-dist/fonts/type1/adobe/courier/pcrr8a.pfb
7f175c016000-7f175c026000 r--s 00000000 08:01 7870300                    /usr/share/texlive/texmf-dist/fonts/type1/adobe/courier/pcrbo8a.pfb
7f175c026000-7f175c036000 rw-s 10cbe0000 00:05 10819                     /dev/dri/card0
7f175c036000-7f175c039000 ---p 00000000 00:00 0 
7f175c039000-7f175c06f000 rw-p 00000000 00:00 0                          [stack:19437]
7f175c06f000-7f175c072000 ---p 00000000 00:00 0 
7f175c072000-7f175c170000 rw-p 00000000 00:00 0                          [stack:19398]
7f175c170000-7f175c179000 r-xp 00000000 08:01 4200852                    /usr/lib/x86_64-linux-gnu/libXrender.so.1.3.0
7f175c179000-7f175c378000 ---p 00009000 08:01 4200852                    /usr/lib/x86_64-linux-gnu/libXrender.so.1.3.0
7f175c378000-7f175c379000 r--p 00008000 08:01 4200852                    /usr/lib/x86_64-linux-gnu/libXrender.so.1.3.0
7f175c379000-7f175c37a000 rw-p 00009000 08:01 4200852                    /usr/lib/x86_64-linux-gnu/libXrender.so.1.3.0
7f175c37a000-7f175c4ad000 r-xp 00000000 08:01 4199845                    /usr/lib/x86_64-linux-gnu/libX11.so.6.3.0
7f175c4ad000-7f175c6ad000 ---p 00133000 08:01 4199845                    /usr/lib/x86_64-linux-gnu/libX11.so.6.3.0
7f175c6ad000-7f175c6ae000 r--p 00133000 08:01 4199845                    /usr/lib/x86_64-linux-gnu/libX11.so.6.3.0
7f175c6ae000-7f175c6b2000 rw-p 00134000 08:01 4199845                    /usr/lib/x86_64-linux-gnu/libX11.so.6.3.0
7f175c6b2000-7f175c6b3000 rw-p 00000000 00:00 0 
7f175c6b3000-7f175c6c4000 r-xp 00000000 08:01 4200830                    /usr/lib/x86_64-linux-gnu/libXext.so.6.4.0
7f175c6c4000-7f175c8c3000 ---p 00011000 08:01 4200830                    /usr/lib/x86_64-linux-gnu/libXext.so.6.4.0
7f175c8c3000-7f175c8c4000 r--p 00010000 08:01 4200830                    /usr/lib/x86_64-linux-gnu/libXext.so.6.4.0
7f175c8c4000-7f175c8c5000 rw-p 00011000 08:01 4200830                    /usr/lib/x86_64-linux-gnu/libXext.so.6.4.0
7f175c8c5000-7f175c915000 r-xp 00000000 08:01 6948365                    /usr/lib/jvm/java-7-oracle/jre/lib/amd64/xawt/libmawt.so
7f175c915000-7f175cb15000 ---p 00050000 08:01 6948365                    /usr/lib/jvm/java-7-oracle/jre/lib/amd64/xawt/libmawt.so
7f175cb15000-7f175cb19000 rw-p 00050000 08:01 6948365                    /usr/lib/jvm/java-7-oracle/jre/lib/amd64/xawt/libmawt.so
7f175cb19000-7f175cb1a000 rw-p 00000000 00:00 0 
7f175cb1a000-7f175cbbc000 r-xp 00000000 08:01 6948345                    /usr/lib/jvm/java-7-oracle/jre/lib/amd64/libawt.so
7f175cbbc000-7f175cdbc000 ---p 000a2000 08:01 6948345                    /usr/lib/jvm/java-7-oracle/jre/lib/amd64/libawt.so
7f175cdbc000-7f175cdc8000 rw-p 000a2000 08:01 6948345                    /usr/lib/jvm/java-7-oracle/jre/lib/amd64/libawt.so
7f175cdc8000-7f175ce1d000 rw-p 00000000 00:00 0 
7f175ce1d000-7f175ce33000 r-xp 00000000 08:01 6948341                    /usr/lib/jvm/java-7-oracle/jre/lib/amd64/libnet.so
7f175ce33000-7f175d033000 ---p 00016000 08:01 6948341                    /usr/lib/jvm/java-7-oracle/jre/lib/amd64/libnet.so
7f175d033000-7f175d034000 rw-p 00016000 08:01 6948341                    /usr/lib/jvm/java-7-oracle/jre/lib/amd64/libnet.so
7f175d034000-7f175d036000 r--s 00000000 08:01 3279374                    /var/cache/fontconfig/5a58818556a7ca23b2c12cf035081352-le64.cache-4
7f175d036000-7f175d038000 r--s 00000000 08:01 3280207                    /var/cache/fontconfig/16326683038b281783a0ef8c680e3a10-le64.cache-4
7f175d038000-7f175d039000 r--s 00000000 08:01 3279850                    /var/cache/fontconfig/e0aa53bcfa504e64f87823c16bc01eb6-le64.cache-4
7f175d041000-7f175d042000 rw-p 00000000 00:00 0 
7f175d042000-7f175d052000 rw-s 10cbd0000 00:05 10819                     /dev/dri/card0
7f175d052000-7f175d053000 rw-s 00000000 00:04 238355                     /drm mm object (deleted)
7f175d053000-7f175d054000 r--p 00000000 00:00 0 
7f175d054000-7f175d058000 r--s 0008b000 08:01 6948518                    /usr/lib/jvm/java-7-oracle/jre/lib/jsse.jar
7f175d058000-7f175d059000 rwxp 00000000 00:00 0 
7f175d059000-7f175d05c000 ---p 00000000 00:00 0 
7f175d05c000-7f175d15a000 rw-p 00000000 00:00 0                          [stack:19388]
7f175d15a000-7f175d15b000 r-xp 00000000 08:01 8657240                    /home/tobias/Programs/idea-IU-139.659.2/bin/libbreakgen64.so
7f175d15b000-7f175d35a000 ---p 00001000 08:01 8657240                    /home/tobias/Programs/idea-IU-139.659.2/bin/libbreakgen64.so
7f175d35a000-7f175d35b000 r--p 00000000 08:01 8657240                    /home/tobias/Programs/idea-IU-139.659.2/bin/libbreakgen64.so
7f175d35b000-7f175d35c000 rw-p 00001000 08:01 8657240                    /home/tobias/Programs/idea-IU-139.659.2/bin/libbreakgen64.so
7f175d35c000-7f175d35e000 r--s 00016000 08:01 8657359                    /home/tobias/Programs/idea-IU-139.659.2/lib/idea_rt.jar
7f175d35e000-7f175d360000 r--s 00006000 08:01 8784654                    /home/tobias/Programming/Processing/libraries/ezGestures.jar
7f175d360000-7f175d361000 r--s 00001000 08:01 8656331                    /home/tobias/Programs/processing-3.0a5/core/library/gluegen-rt-natives-macosx-universal.jar
7f175d361000-7f175d362000 r--s 00064000 08:01 8655587                    /home/tobias/Programs/processing-3.0a5/core/library/jogl-all-natives-macosx-universal.jar
7f175d362000-7f175d363000 r--s 00001000 08:01 8655595                    /home/tobias/Programs/processing-3.0a5/core/library/gluegen-rt-natives-windows-amd64.jar
7f175d363000-7f175d364000 r--s 00000000 08:01 8656352                    /home/tobias/Programs/processing-3.0a5/core/library/gluegen-rt-natives-linux-armv6hf.jar
7f175d364000-7f175d365000 r--s 00001000 08:01 8656358                    /home/tobias/Programs/processing-3.0a5/core/library/gluegen-rt-natives-windows-i586.jar
7f175d365000-7f175d367000 r--s 00034000 08:01 8656313                    /home/tobias/Programs/processing-3.0a5/core/library/jogl-all-natives-windows-amd64.jar
7f175d367000-7f175d369000 r--s 00000000 08:01 8655615                    /home/tobias/Programs/processing-3.0a5/core/library/gluegen-rt-natives-linux-amd64.jar
7f175d369000-7f175d36f000 r--s 00041000 08:01 8655590                    /home/tobias/Programs/processing-3.0a5/core/library/gluegen-rt.jar
7f175d36f000-7f175d392000 r--s 002ec000 08:01 8656350                    /home/tobias/Programs/processing-3.0a5/core/library/jogl-all.jar
7f175d392000-7f175d396000 r--s 0009a000 08:01 8655630                    /home/tobias/Programs/processing-3.0a5/core/library/core.jar
7f175d396000-7f175d39a000 r--s 0008b000 08:01 6948518                    /usr/lib/jvm/java-7-oracle/jre/lib/jsse.jar
7f175d39a000-7f175d3a4000 r--s 00251000 08:01 6948453                    /usr/lib/jvm/java-7-oracle/jre/lib/resources.jar
7f175d3a4000-7f175d433000 r--s 00de4000 08:01 6948517                    /usr/lib/jvm/java-7-oracle/jre/lib/jfxrt.jar
7f175d433000-7f175d44c000 r--s 001e6000 08:01 6947880                    /usr/lib/jvm/java-7-oracle/jre/lib/deploy.jar
7f175d44c000-7f175d44d000 ---p 00000000 00:00 0 
7f175d44d000-7f175d54d000 rw-p 00000000 00:00 0                          [stack:19387]
7f175d54d000-7f175d550000 ---p 00000000 00:00 0 
7f175d550000-7f175d64e000 rw-p 00000000 00:00 0                          [stack:19386]
7f175d64e000-7f175d651000 ---p 00000000 00:00 0 
7f175d651000-7f175d74f000 rw-p 00000000 00:00 0                          [stack:19385]
7f175d74f000-7f175d752000 ---p 00000000 00:00 0 
7f175d752000-7f175d850000 rw-p 00000000 00:00 0                          [stack:19384]
7f175d850000-7f175d853000 ---p 00000000 00:00 0 
7f175d853000-7f175d951000 rw-p 00000000 00:00 0                          [stack:19383]
7f175d951000-7f175e323000 r--p 00000000 08:01 4199150                    /usr/lib/locale/locale-archive
7f175e323000-7f175e326000 ---p 00000000 00:00 0 
7f175e326000-7f175e424000 rw-p 00000000 00:00 0                          [stack:19381]
7f175e424000-7f175e427000 ---p 00000000 00:00 0 
7f175e427000-7f175e525000 rw-p 00000000 00:00 0                          [stack:19380]
7f175e525000-7f175e526000 ---p 00000000 00:00 0 
7f175e526000-7f1761000000 rw-p 00000000 00:00 0                          [stack:19379]
7f1761000000-7f1761270000 rwxp 00000000 00:00 0 
7f1761270000-7f1764294000 rw-p 00000000 00:00 0 
7f1764294000-7f1768000000 ---p 00000000 00:00 0 
7f1768000000-7f1768001000 r--s 00023000 08:01 8655674                    /home/tobias/Programs/processing-3.0a5/core/library/jogl-all-natives-linux-armv6hf.jar
7f1768001000-7f1768014000 r--s 000d6000 08:01 6947919                    /usr/lib/jvm/java-7-oracle/jre/lib/plugin.jar
7f1768014000-7f176801e000 r--s 00067000 08:01 6948403                    /usr/lib/jvm/java-7-oracle/jre/lib/javaws.jar
7f176801e000-7f17680ab000 rw-p 00000000 00:00 0 
7f17680ab000-7f176826a000 r--s 039f0000 08:01 6948511                    /usr/lib/jvm/java-7-oracle/jre/lib/rt.jar
7f176826a000-7f176856e000 rw-p 00000000 00:00 0 
7f176856e000-7f176856f000 ---p 00000000 00:00 0 
7f176856f000-7f176866f000 rw-p 00000000 00:00 0                          [stack:19378]
7f176866f000-7f1768670000 ---p 00000000 00:00 0 
7f1768670000-7f176877b000 rw-p 00000000 00:00 0                          [stack:19377]
7f176877b000-7f1768799000 rw-p 00000000 00:00 0 
7f1768799000-7f17687ad000 rw-p 00000000 00:00 0 
7f17687ad000-7f17688db000 rw-p 00000000 00:00 0 
7f17688db000-7f17688e6000 rw-p 00000000 00:00 0 
7f17688e6000-7f1768904000 rw-p 00000000 00:00 0 
7f1768904000-7f1768918000 rw-p 00000000 00:00 0 
7f1768918000-7f1768a45000 rw-p 00000000 00:00 0 
7f1768a45000-7f1768a67000 rw-p 00000000 00:00 0 
7f1768a67000-7f1768ae6000 rw-p 00000000 00:00 0 
7f1768ae6000-7f1768ae7000 rw-p 00000000 00:00 0 
7f1768ae7000-7f1768b01000 r-xp 00000000 08:01 6948395                    /usr/lib/jvm/java-7-oracle/jre/lib/amd64/libzip.so
7f1768b01000-7f1768d01000 ---p 0001a000 08:01 6948395                    /usr/lib/jvm/java-7-oracle/jre/lib/amd64/libzip.so
7f1768d01000-7f1768d02000 rw-p 0001a000 08:01 6948395                    /usr/lib/jvm/java-7-oracle/jre/lib/amd64/libzip.so
7f1768d02000-7f1768d0d000 r-xp 00000000 08:01 6423405                    /lib/x86_64-linux-gnu/libnss_files-2.19.so
7f1768d0d000-7f1768f0c000 ---p 0000b000 08:01 6423405                    /lib/x86_64-linux-gnu/libnss_files-2.19.so
7f1768f0c000-7f1768f0d000 r--p 0000a000 08:01 6423405                    /lib/x86_64-linux-gnu/libnss_files-2.19.so
7f1768f0d000-7f1768f0e000 rw-p 0000b000 08:01 6423405                    /lib/x86_64-linux-gnu/libnss_files-2.19.so
7f1768f0e000-7f1768f19000 r-xp 00000000 08:01 6423407                    /lib/x86_64-linux-gnu/libnss_nis-2.19.so
7f1768f19000-7f1769118000 ---p 0000b000 08:01 6423407                    /lib/x86_64-linux-gnu/libnss_nis-2.19.so
7f1769118000-7f1769119000 r--p 0000a000 08:01 6423407                    /lib/x86_64-linux-gnu/libnss_nis-2.19.so
7f1769119000-7f176911a000 rw-p 0000b000 08:01 6423407                    /lib/x86_64-linux-gnu/libnss_nis-2.19.so
7f176911a000-7f1769131000 r-xp 00000000 08:01 6423391                    /lib/x86_64-linux-gnu/libnsl-2.19.so
7f1769131000-7f1769330000 ---p 00017000 08:01 6423391                    /lib/x86_64-linux-gnu/libnsl-2.19.so
7f1769330000-7f1769331000 r--p 00016000 08:01 6423391                    /lib/x86_64-linux-gnu/libnsl-2.19.so
7f1769331000-7f1769332000 rw-p 00017000 08:01 6423391                    /lib/x86_64-linux-gnu/libnsl-2.19.so
7f1769332000-7f1769334000 rw-p 00000000 00:00 0 
7f1769334000-7f176933d000 r-xp 00000000 08:01 6423392                    /lib/x86_64-linux-gnu/libnss_compat-2.19.so
7f176933d000-7f176953c000 ---p 00009000 08:01 6423392                    /lib/x86_64-linux-gnu/libnss_compat-2.19.so
7f176953c000-7f176953d000 r--p 00008000 08:01 6423392                    /lib/x86_64-linux-gnu/libnss_compat-2.19.so
7f176953d000-7f176953e000 rw-p 00009000 08:01 6423392                    /lib/x86_64-linux-gnu/libnss_compat-2.19.so
7f176953e000-7f1769567000 r-xp 00000000 08:01 6948378                    /usr/lib/jvm/java-7-oracle/jre/lib/amd64/libjava.so
7f1769567000-7f1769767000 ---p 00029000 08:01 6948378                    /usr/lib/jvm/java-7-oracle/jre/lib/amd64/libjava.so
7f1769767000-7f1769769000 rw-p 00029000 08:01 6948378                    /usr/lib/jvm/java-7-oracle/jre/lib/amd64/libjava.so
7f1769769000-7f1769776000 r-xp 00000000 08:01 6948340                    /usr/lib/jvm/java-7-oracle/jre/lib/amd64/libverify.so
7f1769776000-7f1769975000 ---p 0000d000 08:01 6948340                    /usr/lib/jvm/java-7-oracle/jre/lib/amd64/libverify.so
7f1769975000-7f1769977000 rw-p 0000c000 08:01 6948340                    /usr/lib/jvm/java-7-oracle/jre/lib/amd64/libverify.so
7f1769977000-7f176997e000 r-xp 00000000 08:01 6423408                    /lib/x86_64-linux-gnu/librt-2.19.so
7f176997e000-7f1769b7d000 ---p 00007000 08:01 6423408                    /lib/x86_64-linux-gnu/librt-2.19.so
7f1769b7d000-7f1769b7e000 r--p 00006000 08:01 6423408                    /lib/x86_64-linux-gnu/librt-2.19.so
7f1769b7e000-7f1769b7f000 rw-p 00007000 08:01 6423408                    /lib/x86_64-linux-gnu/librt-2.19.so
7f1769b7f000-7f1769c84000 r-xp 00000000 08:01 6423387                    /lib/x86_64-linux-gnu/libm-2.19.so
7f1769c84000-7f1769e83000 ---p 00105000 08:01 6423387                    /lib/x86_64-linux-gnu/libm-2.19.so
7f1769e83000-7f1769e84000 r--p 00104000 08:01 6423387                    /lib/x86_64-linux-gnu/libm-2.19.so
7f1769e84000-7f1769e85000 rw-p 00105000 08:01 6423387                    /lib/x86_64-linux-gnu/libm-2.19.so
7f1769e85000-7f176a9fa000 r-xp 00000000 08:01 6948354                    /usr/lib/jvm/java-7-oracle/jre/lib/amd64/server/libjvm.so
7f176a9fa000-7f176abfa000 ---p 00b75000 08:01 6948354                    /usr/lib/jvm/java-7-oracle/jre/lib/amd64/server/libjvm.so
7f176abfa000-7f176acbe000 rw-p 00b75000 08:01 6948354                    /usr/lib/jvm/java-7-oracle/jre/lib/amd64/server/libjvm.so
7f176acbe000-7f176acff000 rw-p 00000000 00:00 0 
7f176acff000-7f176aeb9000 r-xp 00000000 08:01 6423406                    /lib/x86_64-linux-gnu/libc-2.19.so
7f176aeb9000-7f176b0b8000 ---p 001ba000 08:01 6423406                    /lib/x86_64-linux-gnu/libc-2.19.so
7f176b0b8000-7f176b0bc000 r--p 001b9000 08:01 6423406                    /lib/x86_64-linux-gnu/libc-2.19.so
7f176b0bc000-7f176b0be000 rw-p 001bd000 08:01 6423406                    /lib/x86_64-linux-gnu/libc-2.19.so
7f176b0be000-7f176b0c3000 rw-p 00000000 00:00 0 
7f176b0c3000-7f176b0c6000 r-xp 00000000 08:01 6423394                    /lib/x86_64-linux-gnu/libdl-2.19.so
7f176b0c6000-7f176b2c5000 ---p 00003000 08:01 6423394                    /lib/x86_64-linux-gnu/libdl-2.19.so
7f176b2c5000-7f176b2c6000 r--p 00002000 08:01 6423394                    /lib/x86_64-linux-gnu/libdl-2.19.so
7f176b2c6000-7f176b2c7000 rw-p 00003000 08:01 6423394                    /lib/x86_64-linux-gnu/libdl-2.19.so
7f176b2c7000-7f176b2dd000 r-xp 00000000 08:01 6555486                    /usr/lib/jvm/java-7-oracle/lib/amd64/jli/libjli.so
7f176b2dd000-7f176b4dd000 ---p 00016000 08:01 6555486                    /usr/lib/jvm/java-7-oracle/lib/amd64/jli/libjli.so
7f176b4dd000-7f176b4de000 rw-p 00016000 08:01 6555486                    /usr/lib/jvm/java-7-oracle/lib/amd64/jli/libjli.so
7f176b4de000-7f176b4f7000 r-xp 00000000 08:01 6423395                    /lib/x86_64-linux-gnu/libpthread-2.19.so
7f176b4f7000-7f176b6f6000 ---p 00019000 08:01 6423395                    /lib/x86_64-linux-gnu/libpthread-2.19.so
7f176b6f6000-7f176b6f7000 r--p 00018000 08:01 6423395                    /lib/x86_64-linux-gnu/libpthread-2.19.so
7f176b6f7000-7f176b6f8000 rw-p 00019000 08:01 6423395                    /lib/x86_64-linux-gnu/libpthread-2.19.so
7f176b6f8000-7f176b6fc000 rw-p 00000000 00:00 0 
7f176b6fc000-7f176b71f000 r-xp 00000000 08:01 6423401                    /lib/x86_64-linux-gnu/ld-2.19.so
7f176b71f000-7f176b720000 r--s 0002d000 08:01 8655483                    /home/tobias/Programs/processing-3.0a5/core/library/jogl-all-natives-windows-i586.jar
7f176b720000-7f176b722000 r--s 00000000 08:01 8655596                    /home/tobias/Programs/processing-3.0a5/core/library/gluegen-rt-natives-linux-i586.jar
7f176b722000-7f176b727000 r--s 0007d000 08:01 6948513                    /usr/lib/jvm/java-7-oracle/jre/lib/jfr.jar
7f176b727000-7f176b746000 rw-p 00000000 00:00 0 
7f176b746000-7f176b7fc000 rw-p 00000000 00:00 0 
7f176b7fc000-7f176b7ff000 ---p 00000000 00:00 0 
7f176b7ff000-7f176b901000 rw-p 00000000 00:00 0                          [stack:19376]
7f176b901000-7f176b902000 r--s 0002f000 08:01 8656073                    /home/tobias/Programs/processing-3.0a5/core/library/jogl-all-natives-linux-amd64.jar
7f176b902000-7f176b903000 r--s 0002d000 08:01 8655603                    /home/tobias/Programs/processing-3.0a5/core/library/jogl-all-natives-linux-i586.jar
7f176b903000-7f176b904000 r--s 00000000 08:01 6947916                    /usr/lib/jvm/java-7-oracle/jre/lib/management-agent.jar
7f176b904000-7f176b907000 r--s 00019000 08:01 6947896                    /usr/lib/jvm/java-7-oracle/jre/lib/jce.jar
7f176b907000-7f176b912000 r--s 0037c000 08:01 6947894                    /usr/lib/jvm/java-7-oracle/jre/lib/charsets.jar
7f176b912000-7f176b91a000 rw-s 00000000 08:01 917539                     /tmp/hsperfdata_tobias/19374
7f176b91a000-7f176b91b000 rw-p 00000000 00:00 0 
7f176b91b000-7f176b91c000 r--p 00000000 00:00 0 
7f176b91c000-7f176b91e000 rw-p 00000000 00:00 0 
7f176b91e000-7f176b91f000 r--p 00022000 08:01 6423401                    /lib/x86_64-linux-gnu/ld-2.19.so
7f176b91f000-7f176b920000 rw-p 00023000 08:01 6423401                    /lib/x86_64-linux-gnu/ld-2.19.so
7f176b920000-7f176b921000 rw-p 00000000 00:00 0 
7fff6bd04000-7fff6bd26000 rw-p 00000000 00:00 0                          [stack]
7fff6bd56000-7fff6bd58000 r-xp 00000000 00:00 0                          [vdso]
7fff6bd58000-7fff6bd5a000 r--p 00000000 00:00 0                          [vvar]
ffffffffff600000-ffffffffff601000 r-xp 00000000 00:00 0                  [vsyscall]

VM Arguments:
jvm_args: -Didea.launcher.port=7533 -Didea.launcher.bin.path=/home/tobias/Programs/idea-IU-139.659.2/bin -Dfile.encoding=UTF-8 
java_command: com.intellij.rt.execution.application.AppMain game.Game
Launcher Type: SUN_STANDARD

Environment Variables:
JAVA_HOME=/usr/lib/jvm/java-7-oracle
CLASSPATH=/home/tobias/Programs/idea-IU-139.659.2/bin/../lib/bootstrap.jar:/home/tobias/Programs/idea-IU-139.659.2/bin/../lib/extensions.jar:/home/tobias/Programs/idea-IU-139.659.2/bin/../lib/util.jar:/home/tobias/Programs/idea-IU-139.659.2/bin/../lib/jdom.jar:/home/tobias/Programs/idea-IU-139.659.2/bin/../lib/log4j.jar:/home/tobias/Programs/idea-IU-139.659.2/bin/../lib/trove4j.jar:/home/tobias/Programs/idea-IU-139.659.2/bin/../lib/jna.jar:/usr/lib/jvm/java-7-oracle/lib/tools.jar
PATH=/usr/local/sbin:/usr/local/bin:/usr/sbin:/usr/bin:/sbin:/bin:/usr/games:/usr/local/games:/usr/lib/jvm/java-7-oracle/bin:/usr/lib/jvm/java-7-oracle/db/bin:/usr/lib/jvm/java-7-oracle/jre/bin
LD_LIBRARY_PATH=/home/tobias/Programs/idea-IU-139.659.2/bin:
SHELL=/bin/zsh
DISPLAY=:0.0

Signal Handlers:
SIGSEGV: [libjvm.so+0x9a3bd0], sa_mask[0]=0x7ffbfeff, sa_flags=0x10000004
SIGBUS: [libjvm.so+0x9a3bd0], sa_mask[0]=0x7ffbfeff, sa_flags=0x10000004
SIGFPE: [libjvm.so+0x81cb60], sa_mask[0]=0x7ffbfeff, sa_flags=0x10000004
SIGPIPE: [libjvm.so+0x81cb60], sa_mask[0]=0x7ffbfeff, sa_flags=0x10000004
SIGXFSZ: [libjvm.so+0x81cb60], sa_mask[0]=0x7ffbfeff, sa_flags=0x10000004
SIGILL: [libjvm.so+0x81cb60], sa_mask[0]=0x7ffbfeff, sa_flags=0x10000004
SIGUSR1: SIG_DFL, sa_mask[0]=0x00000000, sa_flags=0x00000000
SIGUSR2: [libjvm.so+0x81e360], sa_mask[0]=0x00000004, sa_flags=0x10000004
SIGHUP: [libjvm.so+0x81f480], sa_mask[0]=0x7ffbfeff, sa_flags=0x10000004
SIGINT: [libjvm.so+0x81f480], sa_mask[0]=0x7ffbfeff, sa_flags=0x10000004
SIGTERM: [libjvm.so+0x81f480], sa_mask[0]=0x7ffbfeff, sa_flags=0x10000004
SIGQUIT: [libjvm.so+0x81f480], sa_mask[0]=0x7ffbfeff, sa_flags=0x10000004


---------------  S Y S T E M  ---------------

OS:jessie/sid

uname:Linux 3.16.0-31-generic #43-Ubuntu SMP Tue Mar 10 17:37:36 UTC 2015 x86_64
libc:glibc 2.19 NPTL 2.19 
rlimit: STACK 8192k, CORE 0k, NPROC 15309, NOFILE 4096, AS infinity
load average:1.09 0.60 0.51

/proc/meminfo:
MemTotal:        3941520 kB
MemFree:          733824 kB
MemAvailable:    2359712 kB
Buffers:          104596 kB
Cached:          1721608 kB
SwapCached:        15948 kB
Active:          2229304 kB
Inactive:         695672 kB
Active(anon):    1073156 kB
Inactive(anon):   116424 kB
Active(file):    1156148 kB
Inactive(file):   579248 kB
Unevictable:          48 kB
Mlocked:              48 kB
SwapTotal:       4085756 kB
SwapFree:        3983696 kB
Dirty:             22212 kB
Writeback:             0 kB
AnonPages:       1096428 kB
Mapped:           196436 kB
Shmem:             90808 kB
Slab:             147404 kB
SReclaimable:     118868 kB
SUnreclaim:        28536 kB
KernelStack:        7456 kB
PageTables:        20820 kB
NFS_Unstable:          0 kB
Bounce:                0 kB
WritebackTmp:          0 kB
CommitLimit:     6056516 kB
Committed_AS:    2823576 kB
VmallocTotal:   34359738367 kB
VmallocUsed:      347352 kB
VmallocChunk:   34359369632 kB
HardwareCorrupted:     0 kB
AnonHugePages:    598016 kB
HugePages_Total:       0
HugePages_Free:        0
HugePages_Rsvd:        0
HugePages_Surp:        0
Hugepagesize:       2048 kB
DirectMap4k:       72104 kB
DirectMap2M:     4016128 kB


CPU:total 2 (2 cores per cpu, 1 threads per core) family 6 model 23 stepping 10, cmov, cx8, fxsr, mmx, sse, sse2, sse3, ssse3, sse4.1, tsc

/proc/cpuinfo:
processor	: 0
vendor_id	: GenuineIntel
cpu family	: 6
model		: 23
model name	: Intel(R) Core(TM)2 Duo CPU     P8700  @ 2.53GHz
stepping	: 10
microcode	: 0xa0c
cpu MHz		: 800.000
cache size	: 3072 KB
physical id	: 0
siblings	: 2
core id		: 0
cpu cores	: 2
apicid		: 0
initial apicid	: 0
fpu		: yes
fpu_exception	: yes
cpuid level	: 13
wp		: yes
flags		: fpu vme de pse tsc msr pae mce cx8 apic sep mtrr pge mca cmov pat pse36 clflush dts acpi mmx fxsr sse sse2 ss ht tm pbe syscall nx lm constant_tsc arch_perfmon pebs bts nopl aperfmperf pni dtes64 monitor ds_cpl vmx smx est tm2 ssse3 cx16 xtpr pdcm sse4_1 xsave lahf_lm ida dtherm tpr_shadow vnmi flexpriority
bogomips	: 5054.11
clflush size	: 64
cache_alignment	: 64
address sizes	: 36 bits physical, 48 bits virtual
power management:

processor	: 1
vendor_id	: GenuineIntel
cpu family	: 6
model		: 23
model name	: Intel(R) Core(TM)2 Duo CPU     P8700  @ 2.53GHz
stepping	: 10
microcode	: 0xa0c
cpu MHz		: 2534.000
cache size	: 3072 KB
physical id	: 0
siblings	: 2
core id		: 1
cpu cores	: 2
apicid		: 1
initial apicid	: 1
fpu		: yes
fpu_exception	: yes
cpuid level	: 13
wp		: yes
flags		: fpu vme de pse tsc msr pae mce cx8 apic sep mtrr pge mca cmov pat pse36 clflush dts acpi mmx fxsr sse sse2 ss ht tm pbe syscall nx lm constant_tsc arch_perfmon pebs bts nopl aperfmperf pni dtes64 monitor ds_cpl vmx smx est tm2 ssse3 cx16 xtpr pdcm sse4_1 xsave lahf_lm ida dtherm tpr_shadow vnmi flexpriority
bogomips	: 5054.11
clflush size	: 64
cache_alignment	: 64
address sizes	: 36 bits physical, 48 bits virtual
power management:



Memory: 4k page, physical 3941520k(733824k free), swap 4085756k(3983696k free)

vm_info: Java HotSpot(TM) 64-Bit Server VM (24.76-b04) for linux-amd64 JRE (1.7.0_76-b13), built on Dec 18 2014 16:58:39 by "java_re" with gcc 4.3.0 20080428 (Red Hat 4.3.0-8)

time: Mon Mar 23 15:01:35 2015
elapsed time: 12 seconds

