#
# A fatal error has been detected by the Java Runtime Environment:
#
#  SIGSEGV (0xb) at pc=0x00007f47435dc51a, pid=7316, tid=139944258422528
#
# JRE version: Java(TM) SE Runtime Environment (7.0_76-b13) (build 1.7.0_76-b13)
# Java VM: Java HotSpot(TM) 64-Bit Server VM (24.76-b04 mixed mode linux-amd64 compressed oops)
# Problematic frame:
# C  [i965_dri.so+0x2fb51a]  __driDriverGetExtensions_i915+0x25c2a
#
# Failed to write core dump. Core dumps have been disabled. To enable core dumping, try "ulimit -c unlimited" before starting Java again
#
# If you would like to submit a bug report, please visit:
#   http://bugreport.java.com/bugreport/crash.jsp
# The crash happened outside the Java Virtual Machine in native code.
# See problematic frame for where to report the bug.
#

---------------  T H R E A D  ---------------

Current thread (0x00007f478c25b000):  JavaThread "AWT-EventQueue-0" [_thread_in_native, id=7348, stack(0x00007f474fbfc000,0x00007f474fcfd000)]

siginfo:si_signo=SIGSEGV: si_errno=0, si_code=1 (SEGV_MAPERR), si_addr=0x0000000100000000

Registers:
RAX=0x00007f47435dc510, RBX=0x00007f47517810d0, RCX=0x0000000000000000, RDX=0x0000000000000001
RSP=0x00007f474fcfa490, RBP=0x0000000000000000, RSI=0x00007f475141bc50, RDI=0x0000000100000000
R8 =0x0000000000000000, R9 =0x00007f474ea04710, R10=0x00007f47890127cc, R11=0x00007f4793728aa0
R12=0x00007f475c6b03c0, R13=0x00007f475c6b0220, R14=0x00007f475c65e590, R15=0x0000000000000000
RIP=0x00007f47435dc51a, EFLAGS=0x0000000000010206, CSGSFS=0x0000000000000033, ERR=0x0000000000000004
  TRAPNO=0x000000000000000e

Top of Stack: (sp=0x00007f474fcfa490)
0x00007f474fcfa490:   0000000000000000 00007f47517810d0
0x00007f474fcfa4a0:   0000000000000000 00007f475c6b03c0
0x00007f474fcfa4b0:   00007f475c6b0220 00007f474ea047b2
0x00007f474fcfa4c0:   00007f474fcfa4f0 00007f4700000000
0x00007f474fcfa4d0:   0000000000000000 0000000000000000
0x00007f474fcfa4e0:   0000000003200022 00007f474e9d5b31
0x00007f474fcfa4f0:   00007f47517810d0 dfe14e2b86264f00
0x00007f474fcfa500:   0000000003200022 00000000bf926dd8
0x00007f474fcfa510:   00007f474fcfa580 0000000000000000
0x00007f474fcfa520:   00000000bf926dd8 00007f474fcfa650
0x00007f474fcfa530:   00007f478c25b000 00007f474d112849
0x00007f474fcfa540:   0000000000000000 00007f474e9d5b60
0x00007f474fcfa550:   0000000003200022 00007f475c662490
0x00007f474fcfa560:   00007f474fcfa618 00007f478c25b1e8
0x00007f474fcfa570:   00000000ed280738 00007f474e9d5b60
0x00007f474fcfa580:   00007f474fcfa608 00007f47890127f8
0x00007f474fcfa590:   00000000bfa5bc68 0000000000000000
0x00007f474fcfa5a0:   00000000bfa5b040 0000000000000000
0x00007f474fcfa5b0:   00007f474fcfa5c8 00007f474fcfa618
0x00007f474fcfa5c0:   00007f474fcfa5c0 00007f474fcfa5c8
0x00007f474fcfa5d0:   0000000000000000 00007f474fcfa650
0x00007f474fcfa5e0:   00000000bf928d58 0000000000000000
0x00007f474fcfa5f0:   00000000bf926dd8 0000000000000000
0x00007f474fcfa600:   00007f474fcfa628 00007f474fcfa698
0x00007f474fcfa610:   00007f4789006058 00000000edef2858
0x00007f474fcfa620:   00007f478900ecd8 00007f474e9d5b60
0x00007f474fcfa630:   00000000bf939810 0000000003200022
0x00007f474fcfa640:   00000000bf90b7f8 00007f475c662490
0x00007f474fcfa650:   00000000edef2b80 00007f474fcfa658
0x00007f474fcfa660:   00000000bf926d09 00007f474fcfa6d0
0x00007f474fcfa670:   00000000bf928d58 0000000000000000
0x00007f474fcfa680:   00000000bf926d18 00007f474fcfa628 

Instructions: (pc=0x00007f47435dc51a)
0x00007f47435dc4fa:   ff 58 5a eb 99 90 5b 5d 41 5c c3 66 66 2e 0f 1f
0x00007f47435dc50a:   84 00 00 00 00 00 41 55 41 54 55 53 48 83 ec 08
0x00007f47435dc51a:   48 8b 1f 48 85 db 74 41 f6 83 40 05 00 00 01 89
0x00007f47435dc52a:   cd 41 89 d5 49 89 f4 75 75 41 83 e5 01 75 5f 83 

Register to memory mapping:

RAX=0x00007f47435dc510: <offset 0x2fb510> in /usr/lib/x86_64-linux-gnu/dri/i965_dri.so at 0x00007f47432e1000
RBX=0x00007f47517810d0 is an unknown value
RCX=0x0000000000000000 is an unknown value
RDX=0x0000000000000001 is an unknown value
RSP=0x00007f474fcfa490 is pointing into the stack for thread: 0x00007f478c25b000
RBP=0x0000000000000000 is an unknown value
RSI=0x00007f475141bc50 is an unknown value
RDI=0x0000000100000000 is an unknown value
R8 =0x0000000000000000 is an unknown value
R9 =0x00007f474ea04710: <offset 0x4b710> in /usr/lib/x86_64-linux-gnu/mesa/libGL.so.1 at 0x00007f474e9b9000
R10=0x00007f47890127cc is at code_begin+620 in an Interpreter codelet
method entry point (kind = native)  [0x00007f4789012560, 0x00007f4789012dc0]  2144 bytes
R11=0x00007f4793728aa0: <offset 0x8b5aa0> in /usr/lib/jvm/java-7-oracle/jre/lib/amd64/server/libjvm.so at 0x00007f4792e73000
R12=0x00007f475c6b03c0 is an unknown value
R13=0x00007f475c6b0220 is an unknown value
R14=0x00007f475c65e590 is an unknown value
R15=0x0000000000000000 is an unknown value


Stack: [0x00007f474fbfc000,0x00007f474fcfd000],  sp=0x00007f474fcfa490,  free space=1017k
Native frames: (J=compiled Java code, j=interpreted, Vv=VM code, C=native code)
C  [i965_dri.so+0x2fb51a]  __driDriverGetExtensions_i915+0x25c2a

[error occurred during error reporting (printing native stack), id 0xb]

Java frames: (J=compiled Java code, j=interpreted, Vv=VM code)
j  jogamp.opengl.x11.glx.GLX.dispatch_glXSwapBuffers0(JJJ)V+0
j  jogamp.opengl.x11.glx.GLX.glXSwapBuffers(JJ)V+41
j  jogamp.opengl.x11.glx.X11GLXDrawable.swapBuffersImpl(Z)V+17
j  jogamp.opengl.GLDrawableImpl.swapBuffers()V+67
j  javax.media.opengl.awt.GLCanvas$12.run()V+45
j  java.awt.event.InvocationEvent.dispatch()V+11
j  java.awt.EventQueue.dispatchEventImpl(Ljava/awt/AWTEvent;Ljava/lang/Object;)V+21
j  java.awt.EventQueue.access$300(Ljava/awt/EventQueue;Ljava/awt/AWTEvent;Ljava/lang/Object;)V+3
j  java.awt.EventQueue$3.run()Ljava/lang/Void;+12
j  java.awt.EventQueue$3.run()Ljava/lang/Object;+1
v  ~StubRoutines::call_stub
j  java.security.AccessController.doPrivileged(Ljava/security/PrivilegedAction;Ljava/security/AccessControlContext;)Ljava/lang/Object;+0
j  java.security.ProtectionDomain$1.doIntersectionPrivilege(Ljava/security/PrivilegedAction;Ljava/security/AccessControlContext;Ljava/security/AccessControlContext;)Ljava/lang/Object;+28
j  java.awt.EventQueue.dispatchEvent(Ljava/awt/AWTEvent;)V+46
j  java.awt.EventDispatchThread.pumpOneEventForFilters(I)V+245
j  java.awt.EventDispatchThread.pumpEventsForFilter(ILjava/awt/Conditional;Ljava/awt/EventFilter;)V+35
j  java.awt.EventDispatchThread.pumpEventsForHierarchy(ILjava/awt/Conditional;Ljava/awt/Component;)V+11
j  java.awt.EventDispatchThread.pumpEvents(ILjava/awt/Conditional;)V+4
j  java.awt.EventDispatchThread.pumpEvents(Ljava/awt/Conditional;)V+3
j  java.awt.EventDispatchThread.run()V+9
v  ~StubRoutines::call_stub

---------------  P R O C E S S  ---------------

Java Threads: ( => current thread )
  0x00007f475c1c4800 JavaThread "Animation Thread-SharedResourceRunner" daemon [_thread_blocked, id=7362, stack(0x00007f474f665000,0x00007f474f766000)]
  0x00007f475c0ba000 JavaThread "process reaper" daemon [_thread_blocked, id=7353, stack(0x00007f474f9eb000,0x00007f474fa24000)]
  0x00007f478c00b000 JavaThread "DestroyJavaVM" [_thread_blocked, id=7318, stack(0x00007f47947ea000,0x00007f47948eb000)]
  0x00007f478c2aa800 JavaThread "Animation Thread" [_thread_blocked, id=7349, stack(0x00007f474fafb000,0x00007f474fbfc000)]
=>0x00007f478c25b000 JavaThread "AWT-EventQueue-0" [_thread_in_native, id=7348, stack(0x00007f474fbfc000,0x00007f474fcfd000)]
  0x00007f478c24a000 JavaThread "AWT-Shutdown" [_thread_blocked, id=7347, stack(0x00007f474fcfd000,0x00007f474fdfe000)]
  0x00007f478c1dc000 JavaThread "AWT-XAWT" daemon [_thread_blocked, id=7343, stack(0x00007f478410d000,0x00007f478420e000)]
  0x00007f478c1b9000 JavaThread "Java2D Disposer" daemon [_thread_blocked, id=7342, stack(0x00007f478461e000,0x00007f478471f000)]
  0x00007f478c126800 JavaThread "Monitor Ctrl-Break" daemon [_thread_in_native, id=7341, stack(0x00007f4786047000,0x00007f4786148000)]
  0x00007f478c097000 JavaThread "Service Thread" daemon [_thread_blocked, id=7334, stack(0x00007f478647d000,0x00007f478657e000)]
  0x00007f478c094800 JavaThread "C2 CompilerThread1" daemon [_thread_blocked, id=7333, stack(0x00007f47900dc000,0x00007f47901dd000)]
  0x00007f478c091800 JavaThread "C2 CompilerThread0" daemon [_thread_blocked, id=7332, stack(0x00007f47901dd000,0x00007f47902de000)]
  0x00007f478c08f000 JavaThread "Signal Dispatcher" daemon [_thread_blocked, id=7331, stack(0x00007f47902de000,0x00007f47903df000)]
  0x00007f478c06d000 JavaThread "Finalizer" daemon [_thread_blocked, id=7327, stack(0x00007f47903df000,0x00007f47904e0000)]
  0x00007f478c06b000 JavaThread "Reference Handler" daemon [_thread_blocked, id=7326, stack(0x00007f47904e0000,0x00007f47905e1000)]

Other Threads:
  0x00007f478c066800 VMThread [stack: 0x00007f47905e1000,0x00007f47906e2000] [id=7322]
  0x00007f478c0a1800 WatcherThread [stack: 0x00007f478637c000,0x00007f478647d000] [id=7335]

VM state:not at safepoint (normal execution)

VM Mutex/Monitor currently owned by a thread: None

Heap
 PSYoungGen      total 34304K, used 23361K [0x00000000ebe80000, 0x00000000f0180000, 0x0000000100000000)
  eden space 31744K, 65% used [0x00000000ebe80000,0x00000000ed2d1cd0,0x00000000edd80000)
  from space 2560K, 99% used [0x00000000edd80000,0x00000000edffe890,0x00000000ee000000)
  to   space 2560K, 0% used [0x00000000eff00000,0x00000000eff00000,0x00000000f0180000)
 ParOldGen       total 40960K, used 11258K [0x00000000c3c00000, 0x00000000c6400000, 0x00000000ebe80000)
  object space 40960K, 27% used [0x00000000c3c00000,0x00000000c46fe890,0x00000000c6400000)
 PSPermGen       total 21504K, used 18469K [0x00000000bea00000, 0x00000000bff00000, 0x00000000c3c00000)
  object space 21504K, 85% used [0x00000000bea00000,0x00000000bfc097c0,0x00000000bff00000)

Card table byte_map: [0x00007f47918c9000,0x00007f4791ad5000] byte_map_base: 0x00007f47912d4000

Polling page: 0x00007f4794909000

Code Cache  [0x00007f4789000000, 0x00007f4789270000, 0x00007f478c000000)
 total_blobs=1270 nmethods=383 adapters=841 free_code_cache=47593Kb largest_free_block=48699776

Compilation events (10 events):
Event: 25.365 Thread 0x00007f478c094800 nmethod 390 0x00007f478918a610 code [0x00007f478918a760, 0x00007f478918a988]
Event: 25.367 Thread 0x00007f478c091800 nmethod 389 0x00007f4789189c90 code [0x00007f4789189e40, 0x00007f478918a150]
Event: 25.740 Thread 0x00007f478c094800  391             java.util.WeakHashMap::eq (19 bytes)
Event: 25.741 Thread 0x00007f478c094800 nmethod 391 0x00007f4789189a10 code [0x00007f4789189b40, 0x00007f4789189b98]
Event: 25.795 Thread 0x00007f478c091800  392             java.util.EventObject::getSource (5 bytes)
Event: 25.795 Thread 0x00007f478c091800 nmethod 392 0x00007f4789186a50 code [0x00007f4789186b80, 0x00007f4789186bd8]
Event: 26.158 Thread 0x00007f478c094800  393             java.util.WeakHashMap::get (77 bytes)
Event: 26.171 Thread 0x00007f478c094800 nmethod 393 0x00007f4789188410 code [0x00007f4789188580, 0x00007f4789188848]
Event: 26.411 Thread 0x00007f478c091800  394             jogamp.common.util.locks.RecursiveLockImpl01Unfairish$SingleThreadSync::setOwner (6 bytes)
Event: 26.411 Thread 0x00007f478c091800 nmethod 394 0x00007f4789188210 code [0x00007f4789188340, 0x00007f47891883b8]

GC Heap History (6 events):
Event: 1.066 GC heap before
{Heap before GC invocations=1 (full 0):
 PSYoungGen      total 18432K, used 15806K [0x00000000ebe80000, 0x00000000ed300000, 0x0000000100000000)
  eden space 15872K, 99% used [0x00000000ebe80000,0x00000000ecdef830,0x00000000ece00000)
  from space 2560K, 0% used [0x00000000ed080000,0x00000000ed080000,0x00000000ed300000)
  to   space 2560K, 0% used [0x00000000ece00000,0x00000000ece00000,0x00000000ed080000)
 ParOldGen       total 40960K, used 0K [0x00000000c3c00000, 0x00000000c6400000, 0x00000000ebe80000)
  object space 40960K, 0% used [0x00000000c3c00000,0x00000000c3c00000,0x00000000c6400000)
 PSPermGen       total 21504K, used 12556K [0x00000000bea00000, 0x00000000bff00000, 0x00000000c3c00000)
  object space 21504K, 58% used [0x00000000bea00000,0x00000000bf6432a0,0x00000000bff00000)
Event: 1.085 GC heap after
Heap after GC invocations=1 (full 0):
 PSYoungGen      total 18432K, used 2548K [0x00000000ebe80000, 0x00000000ee280000, 0x0000000100000000)
  eden space 15872K, 0% used [0x00000000ebe80000,0x00000000ebe80000,0x00000000ece00000)
  from space 2560K, 99% used [0x00000000ece00000,0x00000000ed07d280,0x00000000ed080000)
  to   space 2560K, 0% used [0x00000000ee000000,0x00000000ee000000,0x00000000ee280000)
 ParOldGen       total 40960K, used 1739K [0x00000000c3c00000, 0x00000000c6400000, 0x00000000ebe80000)
  object space 40960K, 4% used [0x00000000c3c00000,0x00000000c3db2ce0,0x00000000c6400000)
 PSPermGen       total 21504K, used 12556K [0x00000000bea00000, 0x00000000bff00000, 0x00000000c3c00000)
  object space 21504K, 58% used [0x00000000bea00000,0x00000000bf6432a0,0x00000000bff00000)
}
Event: 2.333 GC heap before
{Heap before GC invocations=2 (full 0):
 PSYoungGen      total 18432K, used 15990K [0x00000000ebe80000, 0x00000000ee280000, 0x0000000100000000)
  eden space 15872K, 84% used [0x00000000ebe80000,0x00000000ecba0698,0x00000000ece00000)
  from space 2560K, 99% used [0x00000000ece00000,0x00000000ed07d280,0x00000000ed080000)
  to   space 2560K, 0% used [0x00000000ee000000,0x00000000ee000000,0x00000000ee280000)
 ParOldGen       total 40960K, used 1739K [0x00000000c3c00000, 0x00000000c6400000, 0x00000000ebe80000)
  object space 40960K, 4% used [0x00000000c3c00000,0x00000000c3db2ce0,0x00000000c6400000)
 PSPermGen       total 21504K, used 17105K [0x00000000bea00000, 0x00000000bff00000, 0x00000000c3c00000)
  object space 21504K, 79% used [0x00000000bea00000,0x00000000bfab4460,0x00000000bff00000)
Event: 2.363 GC heap after
Heap after GC invocations=2 (full 0):
 PSYoungGen      total 34304K, used 2546K [0x00000000ebe80000, 0x00000000ee280000, 0x0000000100000000)
  eden space 31744K, 0% used [0x00000000ebe80000,0x00000000ebe80000,0x00000000edd80000)
  from space 2560K, 99% used [0x00000000ee000000,0x00000000ee27c8a0,0x00000000ee280000)
  to   space 2560K, 0% used [0x00000000edd80000,0x00000000edd80000,0x00000000ee000000)
 ParOldGen       total 40960K, used 6705K [0x00000000c3c00000, 0x00000000c6400000, 0x00000000ebe80000)
  object space 40960K, 16% used [0x00000000c3c00000,0x00000000c428c570,0x00000000c6400000)
 PSPermGen       total 21504K, used 17105K [0x00000000bea00000, 0x00000000bff00000, 0x00000000c3c00000)
  object space 21504K, 79% used [0x00000000bea00000,0x00000000bfab4460,0x00000000bff00000)
}
Event: 14.632 GC heap before
{Heap before GC invocations=3 (full 0):
 PSYoungGen      total 34304K, used 34290K [0x00000000ebe80000, 0x00000000ee280000, 0x0000000100000000)
  eden space 31744K, 100% used [0x00000000ebe80000,0x00000000edd80000,0x00000000edd80000)
  from space 2560K, 99% used [0x00000000ee000000,0x00000000ee27c8a0,0x00000000ee280000)
  to   space 2560K, 0% used [0x00000000edd80000,0x00000000edd80000,0x00000000ee000000)
 ParOldGen       total 40960K, used 6705K [0x00000000c3c00000, 0x00000000c6400000, 0x00000000ebe80000)
  object space 40960K, 16% used [0x00000000c3c00000,0x00000000c428c570,0x00000000c6400000)
 PSPermGen       total 21504K, used 18382K [0x00000000bea00000, 0x00000000bff00000, 0x00000000c3c00000)
  object space 21504K, 85% used [0x00000000bea00000,0x00000000bfbf3ad0,0x00000000bff00000)
Event: 14.652 GC heap after
Heap after GC invocations=3 (full 0):
 PSYoungGen      total 34304K, used 2554K [0x00000000ebe80000, 0x00000000f0180000, 0x0000000100000000)
  eden space 31744K, 0% used [0x00000000ebe80000,0x00000000ebe80000,0x00000000edd80000)
  from space 2560K, 99% used [0x00000000edd80000,0x00000000edffe890,0x00000000ee000000)
  to   space 2560K, 0% used [0x00000000eff00000,0x00000000eff00000,0x00000000f0180000)
 ParOldGen       total 40960K, used 11258K [0x00000000c3c00000, 0x00000000c6400000, 0x00000000ebe80000)
  object space 40960K, 27% used [0x00000000c3c00000,0x00000000c46fe890,0x00000000c6400000)
 PSPermGen       total 21504K, used 18382K [0x00000000bea00000, 0x00000000bff00000, 0x00000000c3c00000)
  object space 21504K, 85% used [0x00000000bea00000,0x00000000bfbf3ad0,0x00000000bff00000)
}

Deoptimization events (10 events):
Event: 4.050 Thread 0x00007f478c25b000 Uncommon trap: reason=bimorphic action=maybe_recompile pc=0x00007f47890fab6c method=java.lang.ThreadLocal.get()Ljava/lang/Object; @ 6
Event: 4.143 Thread 0x00007f478c25b000 Uncommon trap: reason=class_check action=maybe_recompile pc=0x00007f47890d9d4c method=com.jogamp.common.nio.Buffers.getDirectBufferByteOffset(Ljava/lang/Object;)I @ 42
Event: 4.290 Thread 0x00007f478c25b000 Uncommon trap: reason=class_check action=maybe_recompile pc=0x00007f47890d9d4c method=com.jogamp.common.nio.Buffers.getDirectBufferByteOffset(Ljava/lang/Object;)I @ 42
Event: 4.299 Thread 0x00007f478c25b000 Uncommon trap: reason=class_check action=maybe_recompile pc=0x00007f47890d9d4c method=com.jogamp.common.nio.Buffers.getDirectBufferByteOffset(Ljava/lang/Object;)I @ 42
Event: 6.665 Thread 0x00007f478c25b000 Uncommon trap: reason=null_check action=make_not_entrant pc=0x00007f478914b728 method=processing.opengl.FontTexture.getTexInfo(Lprocessing/core/PFont$Glyph;)Lprocessing/opengl/FontTexture$TextureInfo; @ 8
Event: 19.873 Thread 0x00007f478c25b000 Uncommon trap: reason=predicate action=maybe_recompile pc=0x00007f4789170e5c method=java.util.Arrays.fill([Ljava/lang/Object;IILjava/lang/Object;)V @ 16
Event: 20.340 Thread 0x00007f478c25b000 Uncommon trap: reason=array_check action=maybe_recompile pc=0x00007f478916946c method=java.util.Arrays.fill([Ljava/lang/Object;IILjava/lang/Object;)V @ 20
Event: 20.341 Thread 0x00007f478c25b000 Uncommon trap: reason=array_check action=maybe_recompile pc=0x00007f478916946c method=java.util.Arrays.fill([Ljava/lang/Object;IILjava/lang/Object;)V @ 20
Event: 20.357 Thread 0x00007f478c25b000 Uncommon trap: reason=array_check action=maybe_recompile pc=0x00007f478916946c method=java.util.Arrays.fill([Ljava/lang/Object;IILjava/lang/Object;)V @ 20
Event: 20.358 Thread 0x00007f478c25b000 Uncommon trap: reason=array_check action=maybe_recompile pc=0x00007f478916946c method=java.util.Arrays.fill([Ljava/lang/Object;IILjava/lang/Object;)V @ 20

Internal exceptions (10 events):
Event: 2.172 Thread 0x00007f478c2aa800 Threw 0x00000000ec828080 at /HUDSON/workspace/7u-2-build-linux-amd64/jdk7u76/1941/hotspot/src/share/vm/prims/jvm.cpp:1304
Event: 2.188 Thread 0x00007f478c2aa800 Threw 0x00000000ec82f348 at /HUDSON/workspace/7u-2-build-linux-amd64/jdk7u76/1941/hotspot/src/share/vm/runtime/reflection.cpp:1030
Event: 2.194 Thread 0x00007f478c2aa800 Threw 0x00000000ec830760 at /HUDSON/workspace/7u-2-build-linux-amd64/jdk7u76/1941/hotspot/src/share/vm/runtime/reflection.cpp:1030
Event: 2.196 Thread 0x00007f478c2aa800 Threw 0x00000000ec832188 at /HUDSON/workspace/7u-2-build-linux-amd64/jdk7u76/1941/hotspot/src/share/vm/runtime/reflection.cpp:1030
Event: 2.197 Thread 0x00007f478c2aa800 Threw 0x00000000ec835c00 at /HUDSON/workspace/7u-2-build-linux-amd64/jdk7u76/1941/hotspot/src/share/vm/runtime/reflection.cpp:1030
Event: 2.370 Thread 0x00007f478c06d000 Threw 0x00000000ec0f1520 at /HUDSON/workspace/7u-2-build-linux-amd64/jdk7u76/1941/hotspot/src/share/vm/prims/jvm.cpp:1304
Event: 2.522 Thread 0x00007f478c25b000 Threw 0x00000000ec142a10 at /HUDSON/workspace/7u-2-build-linux-amd64/jdk7u76/1941/hotspot/src/share/vm/prims/jvm.cpp:1304
Event: 3.682 Thread 0x00007f478c25b000 Threw 0x00000000ec781420 at /HUDSON/workspace/7u-2-build-linux-amd64/jdk7u76/1941/hotspot/src/share/vm/prims/jvm.cpp:1304
Event: 3.702 Thread 0x00007f478c25b000 Threw 0x00000000ec78f0c8 at /HUDSON/workspace/7u-2-build-linux-amd64/jdk7u76/1941/hotspot/src/share/vm/prims/jvm.cpp:1304
Event: 3.721 Thread 0x00007f478c25b000 Threw 0x00000000ec799388 at /HUDSON/workspace/7u-2-build-linux-amd64/jdk7u76/1941/hotspot/src/share/vm/prims/jvm.cpp:1304

Events (10 events):
Event: 20.340 Thread 0x00007f478c25b000 DEOPT UNPACKING pc=0x00007f4789039045 sp=0x00007f474fcfa150 mode 2
Event: 20.341 Thread 0x00007f478c25b000 Uncommon trap: trap_request=0xffffffd6 fr.pc=0x00007f478916946c
Event: 20.341 Thread 0x00007f478c25b000 DEOPT PACKING pc=0x00007f478916946c sp=0x00007f474fcfa250
Event: 20.341 Thread 0x00007f478c25b000 DEOPT UNPACKING pc=0x00007f4789039045 sp=0x00007f474fcfa220 mode 2
Event: 20.357 Thread 0x00007f478c25b000 Uncommon trap: trap_request=0xffffffd6 fr.pc=0x00007f478916946c
Event: 20.357 Thread 0x00007f478c25b000 DEOPT PACKING pc=0x00007f478916946c sp=0x00007f474fcfa180
Event: 20.357 Thread 0x00007f478c25b000 DEOPT UNPACKING pc=0x00007f4789039045 sp=0x00007f474fcfa150 mode 2
Event: 20.358 Thread 0x00007f478c25b000 Uncommon trap: trap_request=0xffffffd6 fr.pc=0x00007f478916946c
Event: 20.358 Thread 0x00007f478c25b000 DEOPT PACKING pc=0x00007f478916946c sp=0x00007f474fcfa250
Event: 20.358 Thread 0x00007f478c25b000 DEOPT UNPACKING pc=0x00007f4789039045 sp=0x00007f474fcfa220 mode 2


Dynamic libraries:
00400000-00401000 r-xp 00000000 08:01 6947734                            /usr/lib/jvm/java-7-oracle/bin/java
00600000-00601000 rw-p 00000000 08:01 6947734                            /usr/lib/jvm/java-7-oracle/bin/java
0256d000-0258e000 rw-p 00000000 00:00 0                                  [heap]
bea00000-bff00000 rw-p 00000000 00:00 0 
bff00000-c3c00000 rw-p 00000000 00:00 0 
c3c00000-c6400000 rw-p 00000000 00:00 0 
c6400000-ebe80000 rw-p 00000000 00:00 0 
ebe80000-f0180000 rw-p 00000000 00:00 0 
f0180000-100000000 rw-p 00000000 00:00 0 
7f4740e12000-7f4740fd2000 rw-s 107b28000 00:05 11397                     /dev/dri/card0
7f4740fd2000-7f4740fda000 rw-s 00000000 00:04 66164                      /drm mm object (deleted)
7f4740fda000-7f4740fde000 rw-s 00000000 00:04 66712                      /drm mm object (deleted)
7f474100e000-7f474101e000 rw-s 107b18000 00:05 11397                     /dev/dri/card0
7f474101e000-7f47411de000 rw-s 107958000 00:05 11397                     /dev/dri/card0
7f47411de000-7f4741247000 r-xp 00000000 08:01 6948366                    /usr/lib/jvm/java-7-oracle/jre/lib/amd64/libt2k.so
7f4741247000-7f4741446000 ---p 00069000 08:01 6948366                    /usr/lib/jvm/java-7-oracle/jre/lib/amd64/libt2k.so
7f4741446000-7f474144d000 rw-p 00068000 08:01 6948366                    /usr/lib/jvm/java-7-oracle/jre/lib/amd64/libt2k.so
7f474144d000-7f474145d000 rw-p 00000000 00:00 0 
7f474145d000-7f474147a000 r--s 00000000 08:01 4593958                    /usr/share/texmf/fonts/type1/public/lm/lmcsc10.pfb
7f4741491000-7f474149b000 r--s 00000000 08:01 4982232                    /usr/share/fonts/X11/Type1/c0583bt_.pfb
7f474149b000-7f47414b5000 r--s 00000000 08:01 7867353                    /usr/share/texmf/fonts/type1/public/tex-gyre/qagbi.pfb
7f47414b5000-7f47414d7000 r--s 00000000 08:01 4593962                    /usr/share/texmf/fonts/type1/public/lm/lmssbo10.pfb
7f47414d7000-7f47414f7000 r--s 00000000 08:01 7867348                    /usr/share/texmf/fonts/type1/public/tex-gyre/qcrbi.pfb
7f4741510000-7f474152b000 r--s 00000000 08:01 7867349                    /usr/share/texmf/fonts/type1/public/tex-gyre/qhvr.pfb
7f4741546000-7f4741561000 r--s 00000000 08:01 4593945                    /usr/share/texmf/fonts/type1/public/lm/lmsso10.pfb
7f4741561000-7f4741583000 r--s 00000000 08:01 4593957                    /usr/share/texmf/fonts/type1/public/lm/lmbxo10.pfb
7f4741583000-7f47415a3000 r--s 00000000 08:01 7867358                    /usr/share/texmf/fonts/type1/public/tex-gyre/qcsb.pfb
7f47415a3000-7f47415bf000 r--s 00000000 08:01 7867337                    /usr/share/texmf/fonts/type1/public/tex-gyre/qhvb.pfb
7f47415bf000-7f47415da000 r--s 00000000 08:01 7867363                    /usr/share/texmf/fonts/type1/public/tex-gyre/qhvcbi.pfb
7f47415da000-7f47415fc000 r--s 00000000 08:01 7867350                    /usr/share/texmf/fonts/type1/public/tex-gyre/qplb.pfb
7f47415fc000-7f4741617000 r--s 00000000 08:01 7867361                    /usr/share/texmf/fonts/type1/public/tex-gyre/qhvcr.pfb
7f4741617000-7f474162f000 r--s 00000000 08:01 4593936                    /usr/share/texmf/fonts/type1/public/lm/lmss10.pfb
7f474162f000-7f474164f000 r--s 00000000 08:01 7867365                    /usr/share/texmf/fonts/type1/public/tex-gyre/qbkr.pfb
7f474164f000-7f4741669000 r--s 00000000 08:01 7867359                    /usr/share/texmf/fonts/type1/public/tex-gyre/qhvcri.pfb
7f4741669000-7f4741685000 r--s 00000000 08:01 4593895                    /usr/share/texmf/fonts/type1/public/lm/lmtt10.pfb
7f4741685000-7f47416a4000 r--s 00000000 08:01 4593922                    /usr/share/texmf/fonts/type1/public/lm/lmvtk10.pfb
7f47416a4000-7f47416be000 r--s 00000000 08:01 7867342                    /usr/share/texmf/fonts/type1/public/tex-gyre/qzcmi.pfb
7f47416d1000-7f47416ef000 r--s 00000000 08:01 4593892                    /usr/share/texmf/fonts/type1/public/lm/lmr10.pfb
7f4741705000-7f4741720000 r--s 00000000 08:01 4593919                    /usr/share/texmf/fonts/type1/public/lm/lmtcsc10.pfb
7f474176f000-7f474178d000 r--s 00000000 08:01 4593939                    /usr/share/texmf/fonts/type1/public/lm/lmbx10.pfb
7f47417b4000-7f47417d5000 r--s 00000000 08:01 4593901                    /usr/share/texmf/fonts/type1/public/lm/lmvtto10.pfb
7f47417d5000-7f47417f1000 r--s 00000000 08:01 4593961                    /usr/share/texmf/fonts/type1/public/lm/lmbxi10.pfb
7f47417f1000-7f474180c000 r--s 00000000 08:01 4593966                    /usr/share/texmf/fonts/type1/public/lm/lmtlc10.pfb
7f474180c000-7f4741830000 r--s 00000000 08:01 4593904                    /usr/share/texmf/fonts/type1/public/lm/lmduno10.pfb
7f4741830000-7f4741851000 r--s 00000000 08:01 4593937                    /usr/share/texmf/fonts/type1/public/lm/lmcsco10.pfb
7f474186d000-7f4741888000 r--s 00000000 08:01 7867335                    /usr/share/texmf/fonts/type1/public/tex-gyre/qhvri.pfb
7f474189c000-7f47418b8000 r--s 00000000 08:01 4593969                    /usr/share/texmf/fonts/type1/public/lm/lmri10.pfb
7f47418da000-7f47418fc000 r--s 00000000 08:01 7867357                    /usr/share/texmf/fonts/type1/public/tex-gyre/qplr.pfb
7f4741926000-7f4741943000 r--s 00000000 08:01 4593926                    /usr/share/texmf/fonts/type1/public/lm/lmssq8.pfb
7f474194c000-7f4741968000 r--s 00000000 08:01 7867347                    /usr/share/texmf/fonts/type1/public/tex-gyre/qhvcb.pfb
7f4741968000-7f4741987000 r--s 00000000 08:01 7867352                    /usr/share/texmf/fonts/type1/public/tex-gyre/qcrri.pfb
7f47419b8000-7f47419d7000 r--s 00000000 08:01 4593980                    /usr/share/texmf/fonts/type1/public/lm/lmssqbo8.pfb
7f47419d7000-7f47419f4000 r--s 00000000 08:01 4593959                    /usr/share/texmf/fonts/type1/public/lm/lmtk10.pfb
7f4741a05000-7f4741a23000 r--s 00000000 08:01 4593915                    /usr/share/texmf/fonts/type1/public/lm/lmvtl10.pfb
7f4741a33000-7f4741a52000 r--s 00000000 08:01 4593890                    /usr/share/texmf/fonts/type1/public/lm/lmdunh10.pfb
7f4741a52000-7f4741a6d000 r--s 00000000 08:01 7867344                    /usr/share/texmf/fonts/type1/public/tex-gyre/qagr.pfb
7f4741a80000-7f4741a8a000 r--s 00000000 08:01 4982230                    /usr/share/fonts/X11/Type1/c0582bt_.pfb
7f4741a8a000-7f4741aab000 r--s 00000000 08:01 7867336                    /usr/share/texmf/fonts/type1/public/tex-gyre/qtmr.pfb
7f4741aab000-7f4741ace000 r--s 00000000 08:01 7867346                    /usr/share/texmf/fonts/type1/public/tex-gyre/qplbi.pfb
7f4741ad7000-7f4741af9000 r--s 00000000 08:01 4593976                    /usr/share/texmf/fonts/type1/public/lm/lmvtlo10.pfb
7f4741af9000-7f4741b19000 r--s 00000000 08:01 4593974                    /usr/share/texmf/fonts/type1/public/lm/lmtcso10.pfb
7f4741b19000-7f4741b3a000 r--s 00000000 08:01 7867341                    /usr/share/texmf/fonts/type1/public/tex-gyre/qtmb.pfb
7f4741b3a000-7f4741b59000 r--s 00000000 08:01 4593898                    /usr/share/texmf/fonts/type1/public/lm/lmb10.pfb
7f4741b59000-7f4741b78000 r--s 00000000 08:01 4593967                    /usr/share/texmf/fonts/type1/public/lm/lmtlo10.pfb
7f4741bc7000-7f4741be1000 r--s 00000000 08:01 4593910                    /usr/share/texmf/fonts/type1/public/lm/lmtl10.pfb
7f4741bf1000-7f4741c0b000 r--s 00000000 08:01 7867366                    /usr/share/texmf/fonts/type1/public/tex-gyre/qhvbi.pfb
7f4741c0b000-7f4741c2e000 r--s 00000000 08:01 4593940                    /usr/share/texmf/fonts/type1/public/lm/lmtko10.pfb
7f4741c2e000-7f4741c4e000 r--s 00000000 08:01 7867351                    /usr/share/texmf/fonts/type1/public/tex-gyre/qbkb.pfb
7f4741c69000-7f4741c8b000 r--s 00000000 08:01 4593914                    /usr/share/texmf/fonts/type1/public/lm/lmbo10.pfb
7f4741c8b000-7f4741ca8000 r--s 00000000 08:01 4593948                    /usr/share/texmf/fonts/type1/public/lm/lmssqbx8.pfb
7f4741ca8000-7f4741cc9000 r--s 00000000 08:01 7867364                    /usr/share/texmf/fonts/type1/public/tex-gyre/qbkri.pfb
7f4741cc9000-7f4741cea000 r--s 00000000 08:01 4593918                    /usr/share/texmf/fonts/type1/public/lm/lmro10.pfb
7f4741d03000-7f4741d23000 r--s 00000000 08:01 4593947                    /usr/share/texmf/fonts/type1/public/lm/lmssqo8.pfb
7f4741d23000-7f4741d45000 r--s 00000000 08:01 4593907                    /usr/share/texmf/fonts/type1/public/lm/lmtlco10.pfb
7f4741d45000-7f4741d5e000 r--s 00000000 08:01 7867339                    /usr/share/texmf/fonts/type1/public/tex-gyre/qagri.pfb
7f4741d5e000-7f4741d7d000 r--s 00000000 08:01 4593896                    /usr/share/texmf/fonts/type1/public/lm/lmtto10.pfb
7f4741d7d000-7f4741da2000 r--s 00000000 08:01 4593932                    /usr/share/texmf/fonts/type1/public/lm/lmvtko10.pfb
7f4741da2000-7f4741dc0000 r--s 00000000 08:01 4593934                    /usr/share/texmf/fonts/type1/public/lm/lmssbx10.pfb
7f4741dc0000-7f4741de0000 r--s 00000000 08:01 7867338                    /usr/share/texmf/fonts/type1/public/tex-gyre/qtmbi.pfb
7f4741de0000-7f4741dea000 r--s 00000000 08:01 4982234                    /usr/share/fonts/X11/Type1/c0611bt_.pfb
7f4741e18000-7f4741e38000 r--s 00000000 08:01 7867354                    /usr/share/texmf/fonts/type1/public/tex-gyre/qtmri.pfb
7f4741e38000-7f4741e59000 r--s 00000000 08:01 7867356                    /usr/share/texmf/fonts/type1/public/tex-gyre/qcsbi.pfb
7f4741e59000-7f4741e76000 r--s 00000000 08:01 4593938                    /usr/share/texmf/fonts/type1/public/lm/lmvtt10.pfb
7f4741e76000-7f4741e96000 r--s 00000000 08:01 7867343                    /usr/share/texmf/fonts/type1/public/tex-gyre/qbkbi.pfb
7f4741e96000-7f4741eb2000 r--s 00000000 08:01 7867355                    /usr/share/texmf/fonts/type1/public/tex-gyre/qagb.pfb
7f4741eb2000-7f4741ed2000 r--s 00000000 08:01 7867362                    /usr/share/texmf/fonts/type1/public/tex-gyre/qcrb.pfb
7f4741ed2000-7f4741eeb000 r--s 00000000 08:01 4593949                    /usr/share/texmf/fonts/type1/public/lm/lmtti10.pfb
7f4741eeb000-7f4741f0b000 r--s 00000000 08:01 7867345                    /usr/share/texmf/fonts/type1/public/tex-gyre/qcsri.pfb
7f4741f1d000-7f4741f39000 r--s 00000000 08:01 4593909                    /usr/share/texmf/fonts/type1/public/lm/lmu10.pfb
7f4741f39000-7f4741f56000 r--s 00000000 08:01 4593971                    /usr/share/texmf/fonts/type1/public/lm/lmssdc10.pfb
7f4741f8a000-7f4741f94000 r--s 00000000 08:01 4982228                    /usr/share/fonts/X11/Type1/c0419bt_.pfb
7f4741fa6000-7f4741fc8000 r--s 00000000 08:01 7867360                    /usr/share/texmf/fonts/type1/public/tex-gyre/qplri.pfb
7f4741fd4000-7f4741ff3000 r--s 00000000 08:01 7867334                    /usr/share/texmf/fonts/type1/public/tex-gyre/qcrr.pfb
7f4741ff3000-7f4742013000 r--s 00000000 08:01 7867340                    /usr/share/texmf/fonts/type1/public/tex-gyre/qcsr.pfb
7f4742013000-7f4742035000 r--s 00000000 08:01 4593894                    /usr/share/texmf/fonts/type1/public/lm/lmssdo10.pfb
7f47420b0000-7f47420ba000 r--s 00000000 08:01 7870356                    /usr/share/texlive/texmf-dist/fonts/type1/urw/helvetic/uhvb8ac.pfb
7f47420e5000-7f47420ef000 r--s 00000000 08:01 7870357                    /usr/share/texlive/texmf-dist/fonts/type1/urw/helvetic/uhvbo8ac.pfb
7f4742101000-7f474210a000 r--s 00000000 08:01 7870102                    /usr/share/texlive/texmf-dist/fonts/type1/bitstrea/charter/bchbi8a.pfb
7f4742124000-7f474212d000 r--s 00000000 08:01 7870101                    /usr/share/texlive/texmf-dist/fonts/type1/bitstrea/charter/bchri8a.pfb
7f474212d000-7f4742137000 r--s 00000000 08:01 7870359                    /usr/share/texlive/texmf-dist/fonts/type1/urw/helvetic/uhvro8ac.pfb
7f474214e000-7f474215a000 r--s 00000000 08:01 7870311                    /usr/share/texlive/texmf-dist/fonts/type1/urw/ncntrsbk/uncb8a.pfb
7f474215a000-7f4742163000 r--s 00000000 08:01 7870104                    /usr/share/texlive/texmf-dist/fonts/type1/bitstrea/charter/bchb8a.pfb
7f474216e000-7f474217a000 r--s 00000000 08:01 7870317                    /usr/share/texlive/texmf-dist/fonts/type1/urw/ncntrsbk/uncri8a.pfb
7f4742187000-7f4742193000 r--s 00000000 08:01 7870316                    /usr/share/texlive/texmf-dist/fonts/type1/urw/ncntrsbk/uncbi8a.pfb
7f47421ac000-7f47421b5000 r--s 00000000 08:01 7870103                    /usr/share/texlive/texmf-dist/fonts/type1/bitstrea/charter/bchr8a.pfb
7f47421c0000-7f47421c9000 r--s 00000000 08:01 7870367                    /usr/share/texlive/texmf-dist/fonts/type1/urw/helvetic/uhvr8ac.pfb
7f47421c9000-7f47421d5000 r--s 00000000 08:01 7870310                    /usr/share/texlive/texmf-dist/fonts/type1/urw/ncntrsbk/uncr8a.pfb
7f47421ed000-7f47421f9000 r--s 00000000 08:01 7870340                    /usr/share/texlive/texmf-dist/fonts/type1/urw/zapfding/uzdr.pfb
7f4742203000-7f4742268000 r-xp 00000000 08:01 6948346                    /usr/lib/jvm/java-7-oracle/jre/lib/amd64/libfontmanager.so
7f4742268000-7f4742467000 ---p 00065000 08:01 6948346                    /usr/lib/jvm/java-7-oracle/jre/lib/amd64/libfontmanager.so
7f4742467000-7f474246b000 rw-p 00064000 08:01 6948346                    /usr/lib/jvm/java-7-oracle/jre/lib/amd64/libfontmanager.so
7f474246b000-7f474247c000 rw-p 00000000 00:00 0 
7f474247c000-7f474277c000 rw-s 101204000 00:05 11397                     /dev/dri/card0
7f474277c000-7f4742a7c000 rw-s 1025b2000 00:05 11397                     /dev/dri/card0
7f4742a7c000-7f4742a7e000 r-xp 00000000 08:01 4200840                    /usr/lib/x86_64-linux-gnu/libXinerama.so.1.0.0
7f4742a7e000-7f4742c7d000 ---p 00002000 08:01 4200840                    /usr/lib/x86_64-linux-gnu/libXinerama.so.1.0.0
7f4742c7d000-7f4742c7e000 r--p 00001000 08:01 4200840                    /usr/lib/x86_64-linux-gnu/libXinerama.so.1.0.0
7f4742c7e000-7f4742c7f000 rw-p 00002000 08:01 4200840                    /usr/lib/x86_64-linux-gnu/libXinerama.so.1.0.0
7f4742c7f000-7f4742cb6000 r-xp 00000000 08:01 4201676                    /usr/lib/x86_64-linux-gnu/libtxc_dxtn_s2tc.so.0.0.0
7f4742cb6000-7f4742eb5000 ---p 00037000 08:01 4201676                    /usr/lib/x86_64-linux-gnu/libtxc_dxtn_s2tc.so.0.0.0
7f4742eb5000-7f4742eb6000 r--p 00036000 08:01 4201676                    /usr/lib/x86_64-linux-gnu/libtxc_dxtn_s2tc.so.0.0.0
7f4742eb6000-7f4742eb7000 rw-p 00037000 08:01 4201676                    /usr/lib/x86_64-linux-gnu/libtxc_dxtn_s2tc.so.0.0.0
7f4742eb7000-7f4742ebf000 r-xp 00000000 08:01 4200389                    /usr/lib/x86_64-linux-gnu/libpciaccess.so.0.11.1
7f4742ebf000-7f47430be000 ---p 00008000 08:01 4200389                    /usr/lib/x86_64-linux-gnu/libpciaccess.so.0.11.1
7f47430be000-7f47430bf000 r--p 00007000 08:01 4200389                    /usr/lib/x86_64-linux-gnu/libpciaccess.so.0.11.1
7f47430bf000-7f47430c0000 rw-p 00008000 08:01 4200389                    /usr/lib/x86_64-linux-gnu/libpciaccess.so.0.11.1
7f47430c0000-7f47430e0000 r-xp 00000000 08:01 4200164                    /usr/lib/x86_64-linux-gnu/libdrm_intel.so.1.0.0
7f47430e0000-7f47432df000 ---p 00020000 08:01 4200164                    /usr/lib/x86_64-linux-gnu/libdrm_intel.so.1.0.0
7f47432df000-7f47432e0000 r--p 0001f000 08:01 4200164                    /usr/lib/x86_64-linux-gnu/libdrm_intel.so.1.0.0
7f47432e0000-7f47432e1000 rw-p 00020000 08:01 4200164                    /usr/lib/x86_64-linux-gnu/libdrm_intel.so.1.0.0
7f47432e1000-7f47437fd000 r-xp 00000000 08:01 4457348                    /usr/lib/x86_64-linux-gnu/dri/i965_dri.so
7f47437fd000-7f47439fc000 ---p 0051c000 08:01 4457348                    /usr/lib/x86_64-linux-gnu/dri/i965_dri.so
7f47439fc000-7f4743a18000 r--p 0051b000 08:01 4457348                    /usr/lib/x86_64-linux-gnu/dri/i965_dri.so
7f4743a18000-7f4743a1e000 rw-p 00537000 08:01 4457348                    /usr/lib/x86_64-linux-gnu/dri/i965_dri.so
7f4743a1e000-7f4743a29000 rw-p 00000000 00:00 0 
7f4743a29000-7f4743a95000 r-xp 00000000 08:01 6423524                    /lib/x86_64-linux-gnu/libpcre.so.3.13.1
7f4743a95000-7f4743c94000 ---p 0006c000 08:01 6423524                    /lib/x86_64-linux-gnu/libpcre.so.3.13.1
7f4743c94000-7f4743c95000 r--p 0006b000 08:01 6423524                    /lib/x86_64-linux-gnu/libpcre.so.3.13.1
7f4743c95000-7f4743c96000 rw-p 0006c000 08:01 6423524                    /lib/x86_64-linux-gnu/libpcre.so.3.13.1
7f4743c96000-7f4743cb7000 r-xp 00000000 08:01 6423523                    /lib/x86_64-linux-gnu/libselinux.so.1
7f4743cb7000-7f4743eb6000 ---p 00021000 08:01 6423523                    /lib/x86_64-linux-gnu/libselinux.so.1
7f4743eb6000-7f4743eb7000 r--p 00020000 08:01 6423523                    /lib/x86_64-linux-gnu/libselinux.so.1
7f4743eb7000-7f4743eb8000 rw-p 00021000 08:01 6423523                    /lib/x86_64-linux-gnu/libselinux.so.1
7f4743eb8000-7f4743eba000 rw-p 00000000 00:00 0 
7f4743eba000-7f4743eca000 r-xp 00000000 08:01 6422591                    /lib/x86_64-linux-gnu/libudev.so.1.4.0
7f4743eca000-7f47440ca000 ---p 00010000 08:01 6422591                    /lib/x86_64-linux-gnu/libudev.so.1.4.0
7f47440ca000-7f47440cb000 r--p 00010000 08:01 6422591                    /lib/x86_64-linux-gnu/libudev.so.1.4.0
7f47440cb000-7f47440cc000 rw-p 00011000 08:01 6422591                    /lib/x86_64-linux-gnu/libudev.so.1.4.0
7f47440cc000-7f47440f1000 r-xp 00000000 08:01 6422595                    /lib/x86_64-linux-gnu/libtinfo.so.5.9
7f47440f1000-7f47442f0000 ---p 00025000 08:01 6422595                    /lib/x86_64-linux-gnu/libtinfo.so.5.9
7f47442f0000-7f47442f4000 r--p 00024000 08:01 6422595                    /lib/x86_64-linux-gnu/libtinfo.so.5.9
7f47442f4000-7f47442f5000 rw-p 00028000 08:01 6422595                    /lib/x86_64-linux-gnu/libtinfo.so.5.9
7f47442f5000-7f474431e000 r-xp 00000000 08:01 4196960                    /usr/lib/x86_64-linux-gnu/libedit.so.2.0.51
7f474431e000-7f474451e000 ---p 00029000 08:01 4196960                    /usr/lib/x86_64-linux-gnu/libedit.so.2.0.51
7f474451e000-7f4744520000 r--p 00029000 08:01 4196960                    /usr/lib/x86_64-linux-gnu/libedit.so.2.0.51
7f4744520000-7f4744521000 rw-p 0002b000 08:01 4196960                    /usr/lib/x86_64-linux-gnu/libedit.so.2.0.51
7f4744521000-7f4744524000 rw-p 00000000 00:00 0 
7f4744524000-7f474453c000 r-xp 00000000 08:01 6426683                    /lib/x86_64-linux-gnu/libz.so.1.2.8
7f474453c000-7f474473b000 ---p 00018000 08:01 6426683                    /lib/x86_64-linux-gnu/libz.so.1.2.8
7f474473b000-7f474473c000 r--p 00017000 08:01 6426683                    /lib/x86_64-linux-gnu/libz.so.1.2.8
7f474473c000-7f474473d000 rw-p 00018000 08:01 6426683                    /lib/x86_64-linux-gnu/libz.so.1.2.8
7f474473d000-7f4744753000 r-xp 00000000 08:01 6422820                    /lib/x86_64-linux-gnu/libgcc_s.so.1
7f4744753000-7f4744952000 ---p 00016000 08:01 6422820                    /lib/x86_64-linux-gnu/libgcc_s.so.1
7f4744952000-7f4744953000 r--p 00015000 08:01 6422820                    /lib/x86_64-linux-gnu/libgcc_s.so.1
7f4744953000-7f4744954000 rw-p 00016000 08:01 6422820                    /lib/x86_64-linux-gnu/libgcc_s.so.1
7f4744954000-7f4744a44000 r-xp 00000000 08:01 4194403                    /usr/lib/x86_64-linux-gnu/libstdc++.so.6.0.20
7f4744a44000-7f4744c44000 ---p 000f0000 08:01 4194403                    /usr/lib/x86_64-linux-gnu/libstdc++.so.6.0.20
7f4744c44000-7f4744c4c000 r--p 000f0000 08:01 4194403                    /usr/lib/x86_64-linux-gnu/libstdc++.so.6.0.20
7f4744c4c000-7f4744c4e000 rw-p 000f8000 08:01 4194403                    /usr/lib/x86_64-linux-gnu/libstdc++.so.6.0.20
7f4744c4e000-7f4744c63000 rw-p 00000000 00:00 0 
7f4744c63000-7f47467e5000 r-xp 00000000 08:01 4196962                    /usr/lib/x86_64-linux-gnu/libLLVM-3.5.so.1
7f47467e5000-7f47469b2000 r--p 01b81000 08:01 4196962                    /usr/lib/x86_64-linux-gnu/libLLVM-3.5.so.1
7f47469b2000-7f47469b8000 rw-p 01d4e000 08:01 4196962                    /usr/lib/x86_64-linux-gnu/libLLVM-3.5.so.1
7f47469b8000-7f47469ce000 rw-p 00000000 00:00 0 
7f47469ce000-7f47469da000 r-xp 00000000 08:01 4196232                    /usr/lib/x86_64-linux-gnu/libdrm_radeon.so.1.0.1
7f47469da000-7f4746bd9000 ---p 0000c000 08:01 4196232                    /usr/lib/x86_64-linux-gnu/libdrm_radeon.so.1.0.1
7f4746bd9000-7f4746bda000 r--p 0000b000 08:01 4196232                    /usr/lib/x86_64-linux-gnu/libdrm_radeon.so.1.0.1
7f4746bda000-7f4746bdb000 rw-p 0000c000 08:01 4196232                    /usr/lib/x86_64-linux-gnu/libdrm_radeon.so.1.0.1
7f4746bdb000-7f4746bf0000 r-xp 00000000 08:01 4194653                    /usr/lib/x86_64-linux-gnu/libelf-0.160.so
7f4746bf0000-7f4746def000 ---p 00015000 08:01 4194653                    /usr/lib/x86_64-linux-gnu/libelf-0.160.so
7f4746def000-7f4746df0000 r--p 00014000 08:01 4194653                    /usr/lib/x86_64-linux-gnu/libelf-0.160.so
7f4746df0000-7f4746df1000 rw-p 00015000 08:01 4194653                    /usr/lib/x86_64-linux-gnu/libelf-0.160.so
7f4746df1000-7f4746df7000 r-xp 00000000 08:01 4196408                    /usr/lib/x86_64-linux-gnu/libdrm_nouveau.so.2.0.0
7f4746df7000-7f4746ff6000 ---p 00006000 08:01 4196408                    /usr/lib/x86_64-linux-gnu/libdrm_nouveau.so.2.0.0
7f4746ff6000-7f4746ff7000 r--p 00005000 08:01 4196408                    /usr/lib/x86_64-linux-gnu/libdrm_nouveau.so.2.0.0
7f4746ff7000-7f4746ff8000 rw-p 00006000 08:01 4196408                    /usr/lib/x86_64-linux-gnu/libdrm_nouveau.so.2.0.0
7f4746ff8000-7f4746fff000 r-xp 00000000 08:01 4457075                    /usr/lib/x86_64-linux-gnu/mesa-egl/libOpenVG.so.1.0.0
7f4746fff000-7f47471fe000 ---p 00007000 08:01 4457075                    /usr/lib/x86_64-linux-gnu/mesa-egl/libOpenVG.so.1.0.0
7f47471fe000-7f47471ff000 r--p 00006000 08:01 4457075                    /usr/lib/x86_64-linux-gnu/mesa-egl/libOpenVG.so.1.0.0
7f47471ff000-7f4747200000 rw-p 00007000 08:01 4457075                    /usr/lib/x86_64-linux-gnu/mesa-egl/libOpenVG.so.1.0.0
7f4747200000-7f4747202000 rw-p 00000000 00:00 0 
7f4747202000-7f47479ae000 r-xp 00000000 08:01 4456798                    /usr/lib/x86_64-linux-gnu/egl/egl_gallium.so
7f47479ae000-7f4747bae000 ---p 007ac000 08:01 4456798                    /usr/lib/x86_64-linux-gnu/egl/egl_gallium.so
7f4747bae000-7f4747c05000 r--p 007ac000 08:01 4456798                    /usr/lib/x86_64-linux-gnu/egl/egl_gallium.so
7f4747c05000-7f4747c11000 rw-p 00803000 08:01 4456798                    /usr/lib/x86_64-linux-gnu/egl/egl_gallium.so
7f4747c11000-7f4747df9000 rw-p 00000000 00:00 0 
7f4747df9000-7f4747dff000 r-xp 00000000 08:01 4458063                    /usr/lib/x86_64-linux-gnu/mesa-egl/libGLESv2.so.2.0.0
7f4747dff000-7f4747ffe000 ---p 00006000 08:01 4458063                    /usr/lib/x86_64-linux-gnu/mesa-egl/libGLESv2.so.2.0.0
7f4747ffe000-7f4747fff000 r--p 00005000 08:01 4458063                    /usr/lib/x86_64-linux-gnu/mesa-egl/libGLESv2.so.2.0.0
7f4747fff000-7f4748000000 rw-p 00006000 08:01 4458063                    /usr/lib/x86_64-linux-gnu/mesa-egl/libGLESv2.so.2.0.0
7f4748000000-7f474803e000 rw-p 00000000 00:00 0 
7f474803e000-7f474c000000 ---p 00000000 00:00 0 
7f474c001000-7f474c003000 rw-s 00000000 00:04 66701                      /drm mm object (deleted)
7f474c003000-7f474c004000 rw-s 00000000 00:04 66700                      /drm mm object (deleted)
7f474c044000-7f474c045000 rw-p 00000000 00:00 0 
7f474c045000-7f474c053000 r--s 00000000 08:01 3286442                    /var/cache/fontconfig/6aa41aa22e18b8fa06a12da28ea9c28b-le64.cache-4
7f474c053000-7f474c05e000 r--s 00000000 08:01 3279217                    /var/cache/fontconfig/945677eb7aeaf62f1d50efc3fb3ec7d8-le64.cache-4
7f474c05e000-7f474c060000 r--s 00000000 08:01 3282348                    /var/cache/fontconfig/99e8ed0e538f840c565b6ed5dad60d56-le64.cache-4
7f474c060000-7f474c069000 r--s 00000000 08:01 3282335                    /var/cache/fontconfig/a6d8cf8e4ec09cdbc8633c31745a07dd-le64.cache-4
7f474c069000-7f474c06f000 r--s 00000000 08:01 3282284                    /var/cache/fontconfig/2cd17615ca594fa2959ae173292e504c-le64.cache-4
7f474c06f000-7f474c070000 r--s 00000000 08:01 3282189                    /var/cache/fontconfig/e7071f4a29fa870f4323321c154eba04-le64.cache-4
7f474c070000-7f474c071000 r--s 00000000 08:01 3282120                    /var/cache/fontconfig/0d8c3b2ac0904cb8a57a757ad11a4a08-le64.cache-4
7f474c071000-7f474c078000 r--s 00000000 08:01 3281923                    /var/cache/fontconfig/a755afe4a08bf5b97852ceb7400b47bc-le64.cache-4
7f474c078000-7f474c082000 r--s 00000000 08:01 3280310                    /var/cache/fontconfig/a6354e3ac43af67bd8d7b8e43c34e49f-le64.cache-4
7f474c082000-7f474c086000 r--s 00000000 08:01 3281037                    /var/cache/fontconfig/385c0604a188198f04d133e54aba7fe7-le64.cache-4
7f474c086000-7f474c088000 r--s 00000000 08:01 3280682                    /var/cache/fontconfig/767a8244fc0220cfb567a839d0392e0b-le64.cache-4
7f474c088000-7f474c08d000 r--s 00000000 08:01 3280256                    /var/cache/fontconfig/8801497958630a81b71ace7c5f9b32a8-le64.cache-4
7f474c08d000-7f474c0c8000 r--s 00000000 08:01 3280217                    /var/cache/fontconfig/365b55f210c0a22e9a19e35191240f32-le64.cache-4
7f474c0c8000-7f474c0cc000 r--s 00000000 08:01 3280212                    /var/cache/fontconfig/c57959a16110560c8d0fcea73374aeeb-le64.cache-4
7f474c0cc000-7f474c0d3000 r--s 00000000 08:01 3280205                    /var/cache/fontconfig/3047814df9a2f067bd2d96a2b9c36e5a-le64.cache-4
7f474c0d3000-7f474c0dc000 r--s 00000000 08:01 3279955                    /var/cache/fontconfig/52f7bdb7ce746bfd7eaa1985bd9cfa93-le64.cache-4
7f474c0dc000-7f474c0ef000 r--s 00000000 08:01 3279796                    /var/cache/fontconfig/d52a8644073d54c13679302ca1180695-le64.cache-4
7f474c0ef000-7f474c104000 r--s 00000000 08:01 3279078                    /var/cache/fontconfig/da82082e1ef13c4097208324d67c180c-le64.cache-4
7f474c104000-7f474c125000 r--s 00000000 08:01 3286440                    /var/cache/fontconfig/e13b20fdb08344e0e664864cc2ede53d-le64.cache-4
7f474c125000-7f474c132000 r--s 00000000 08:01 3280062                    /var/cache/fontconfig/8f02d4cb045bd6ce15663e43f347c9f8-le64.cache-4
7f474c132000-7f474c150000 r--s 00000000 08:01 3279769                    /var/cache/fontconfig/467c019e582ee353435ea5c21d137ef6-le64.cache-4
7f474c150000-7f474c161000 r--s 00000000 08:01 4982985                    /usr/share/fonts/type1/gsfonts/n019023l.pfb
7f474c161000-7f474c171000 r--s 00000000 08:01 7870301                    /usr/share/texlive/texmf-dist/fonts/type1/adobe/courier/pcrb8a.pfb
7f474c171000-7f474c18a000 r--s 00000000 08:01 4983018                    /usr/share/fonts/type1/gsfonts/n022004l.pfb
7f474c18a000-7f474c19b000 r--s 00000000 08:01 4982988                    /usr/share/fonts/type1/gsfonts/n019024l.pfb
7f474c19b000-7f474c1ad000 r--s 00000000 08:01 4982982                    /usr/share/fonts/type1/gsfonts/n019004l.pfb
7f474c1ad000-7f474c1c3000 r--s 00000000 08:01 4983024                    /usr/share/fonts/type1/gsfonts/n022024l.pfb
7f474c1c3000-7f474c1d9000 r--s 00000000 08:01 4983021                    /usr/share/fonts/type1/gsfonts/n022023l.pfb
7f474c1d9000-7f474c21e000 r-xp 00000000 08:01 1441806                    /tmp/jogamp_0000/file_cache/jln7597058476282255163/jln237368993823342555/libjogl_mobile.so
7f474c21e000-7f474c41e000 ---p 00045000 08:01 1441806                    /tmp/jogamp_0000/file_cache/jln7597058476282255163/jln237368993823342555/libjogl_mobile.so
7f474c41e000-7f474c41f000 rw-p 00045000 08:01 1441806                    /tmp/jogamp_0000/file_cache/jln7597058476282255163/jln237368993823342555/libjogl_mobile.so
7f474c41f000-7f474c426000 r-xp 00000000 08:01 4196383                    /usr/lib/x86_64-linux-gnu/libffi.so.6.0.2
7f474c426000-7f474c625000 ---p 00007000 08:01 4196383                    /usr/lib/x86_64-linux-gnu/libffi.so.6.0.2
7f474c625000-7f474c626000 r--p 00006000 08:01 4196383                    /usr/lib/x86_64-linux-gnu/libffi.so.6.0.2
7f474c626000-7f474c627000 rw-p 00007000 08:01 4196383                    /usr/lib/x86_64-linux-gnu/libffi.so.6.0.2
7f474c627000-7f474c634000 r-xp 00000000 08:01 4200734                    /usr/lib/x86_64-linux-gnu/libgbm.so.1.0.0
7f474c634000-7f474c833000 ---p 0000d000 08:01 4200734                    /usr/lib/x86_64-linux-gnu/libgbm.so.1.0.0
7f474c833000-7f474c834000 r--p 0000c000 08:01 4200734                    /usr/lib/x86_64-linux-gnu/libgbm.so.1.0.0
7f474c834000-7f474c835000 rw-p 0000d000 08:01 4200734                    /usr/lib/x86_64-linux-gnu/libgbm.so.1.0.0
7f474c835000-7f474c843000 r-xp 00000000 08:01 4200729                    /usr/lib/x86_64-linux-gnu/libwayland-server.so.0.1.0
7f474c843000-7f474ca43000 ---p 0000e000 08:01 4200729                    /usr/lib/x86_64-linux-gnu/libwayland-server.so.0.1.0
7f474ca43000-7f474ca45000 r--p 0000e000 08:01 4200729                    /usr/lib/x86_64-linux-gnu/libwayland-server.so.0.1.0
7f474ca45000-7f474ca46000 rw-p 00010000 08:01 4200729                    /usr/lib/x86_64-linux-gnu/libwayland-server.so.0.1.0
7f474ca46000-7f474ca51000 r-xp 00000000 08:01 4196427                    /usr/lib/x86_64-linux-gnu/libwayland-client.so.0.2.0
7f474ca51000-7f474cc51000 ---p 0000b000 08:01 4196427                    /usr/lib/x86_64-linux-gnu/libwayland-client.so.0.2.0
7f474cc51000-7f474cc53000 r--p 0000b000 08:01 4196427                    /usr/lib/x86_64-linux-gnu/libwayland-client.so.0.2.0
7f474cc53000-7f474cc54000 rw-p 0000d000 08:01 4196427                    /usr/lib/x86_64-linux-gnu/libwayland-client.so.0.2.0
7f474cc54000-7f474cc59000 r-xp 00000000 08:01 4201769                    /usr/lib/x86_64-linux-gnu/libxcb-xfixes.so.0.0.0
7f474cc59000-7f474ce59000 ---p 00005000 08:01 4201769                    /usr/lib/x86_64-linux-gnu/libxcb-xfixes.so.0.0.0
7f474ce59000-7f474ce5a000 r--p 00005000 08:01 4201769                    /usr/lib/x86_64-linux-gnu/libxcb-xfixes.so.0.0.0
7f474ce5a000-7f474ce5b000 rw-p 00006000 08:01 4201769                    /usr/lib/x86_64-linux-gnu/libxcb-xfixes.so.0.0.0
7f474ce5b000-7f474ce84000 r-xp 00000000 08:01 4457076                    /usr/lib/x86_64-linux-gnu/mesa-egl/libEGL.so.1.0.0
7f474ce84000-7f474d083000 ---p 00029000 08:01 4457076                    /usr/lib/x86_64-linux-gnu/mesa-egl/libEGL.so.1.0.0
7f474d083000-7f474d084000 r--p 00028000 08:01 4457076                    /usr/lib/x86_64-linux-gnu/mesa-egl/libEGL.so.1.0.0
7f474d084000-7f474d085000 rw-p 00029000 08:01 4457076                    /usr/lib/x86_64-linux-gnu/mesa-egl/libEGL.so.1.0.0
7f474d085000-7f474d086000 rw-p 00000000 00:00 0 
7f474d086000-7f474d12b000 r-xp 00000000 08:01 1441805                    /tmp/jogamp_0000/file_cache/jln7597058476282255163/jln237368993823342555/libjogl_desktop.so
7f474d12b000-7f474d32b000 ---p 000a5000 08:01 1441805                    /tmp/jogamp_0000/file_cache/jln7597058476282255163/jln237368993823342555/libjogl_desktop.so
7f474d32b000-7f474d32c000 rw-p 000a5000 08:01 1441805                    /tmp/jogamp_0000/file_cache/jln7597058476282255163/jln237368993823342555/libjogl_desktop.so
7f474d32c000-7f474d337000 r-xp 00000000 08:01 4200391                    /usr/lib/x86_64-linux-gnu/libdrm.so.2.4.0
7f474d337000-7f474d536000 ---p 0000b000 08:01 4200391                    /usr/lib/x86_64-linux-gnu/libdrm.so.2.4.0
7f474d536000-7f474d537000 r--p 0000a000 08:01 4200391                    /usr/lib/x86_64-linux-gnu/libdrm.so.2.4.0
7f474d537000-7f474d538000 rw-p 0000b000 08:01 4200391                    /usr/lib/x86_64-linux-gnu/libdrm.so.2.4.0
7f474d538000-7f474d539000 r-xp 00000000 08:01 4200413                    /usr/lib/x86_64-linux-gnu/libxshmfence.so.1.0.0
7f474d539000-7f474d738000 ---p 00001000 08:01 4200413                    /usr/lib/x86_64-linux-gnu/libxshmfence.so.1.0.0
7f474d738000-7f474d739000 r--p 00000000 08:01 4200413                    /usr/lib/x86_64-linux-gnu/libxshmfence.so.1.0.0
7f474d739000-7f474d73a000 rw-p 00001000 08:01 4200413                    /usr/lib/x86_64-linux-gnu/libxshmfence.so.1.0.0
7f474d73a000-7f474d73f000 r-xp 00000000 08:01 4201765                    /usr/lib/x86_64-linux-gnu/libxcb-sync.so.1.0.0
7f474d73f000-7f474d93e000 ---p 00005000 08:01 4201765                    /usr/lib/x86_64-linux-gnu/libxcb-sync.so.1.0.0
7f474d93e000-7f474d93f000 r--p 00004000 08:01 4201765                    /usr/lib/x86_64-linux-gnu/libxcb-sync.so.1.0.0
7f474d93f000-7f474d940000 rw-p 00005000 08:01 4201765                    /usr/lib/x86_64-linux-gnu/libxcb-sync.so.1.0.0
7f474d940000-7f474d942000 r-xp 00000000 08:01 4201757                    /usr/lib/x86_64-linux-gnu/libxcb-present.so.0.0.0
7f474d942000-7f474db41000 ---p 00002000 08:01 4201757                    /usr/lib/x86_64-linux-gnu/libxcb-present.so.0.0.0
7f474db41000-7f474db42000 r--p 00001000 08:01 4201757                    /usr/lib/x86_64-linux-gnu/libxcb-present.so.0.0.0
7f474db42000-7f474db43000 rw-p 00002000 08:01 4201757                    /usr/lib/x86_64-linux-gnu/libxcb-present.so.0.0.0
7f474db43000-7f474db45000 r-xp 00000000 08:01 4201753                    /usr/lib/x86_64-linux-gnu/libxcb-dri3.so.0.0.0
7f474db45000-7f474dd44000 ---p 00002000 08:01 4201753                    /usr/lib/x86_64-linux-gnu/libxcb-dri3.so.0.0.0
7f474dd44000-7f474dd45000 r--p 00001000 08:01 4201753                    /usr/lib/x86_64-linux-gnu/libxcb-dri3.so.0.0.0
7f474dd45000-7f474dd46000 rw-p 00002000 08:01 4201753                    /usr/lib/x86_64-linux-gnu/libxcb-dri3.so.0.0.0
7f474dd46000-7f474dd49000 r-xp 00000000 08:01 4201751                    /usr/lib/x86_64-linux-gnu/libxcb-dri2.so.0.0.0
7f474dd49000-7f474df49000 ---p 00003000 08:01 4201751                    /usr/lib/x86_64-linux-gnu/libxcb-dri2.so.0.0.0
7f474df49000-7f474df4a000 r--p 00003000 08:01 4201751                    /usr/lib/x86_64-linux-gnu/libxcb-dri2.so.0.0.0
7f474df4a000-7f474df4b000 rw-p 00004000 08:01 4201751                    /usr/lib/x86_64-linux-gnu/libxcb-dri2.so.0.0.0
7f474df4b000-7f474df60000 r-xp 00000000 08:01 4201755                    /usr/lib/x86_64-linux-gnu/libxcb-glx.so.0.0.0
7f474df60000-7f474e15f000 ---p 00015000 08:01 4201755                    /usr/lib/x86_64-linux-gnu/libxcb-glx.so.0.0.0
7f474e15f000-7f474e161000 r--p 00014000 08:01 4201755                    /usr/lib/x86_64-linux-gnu/libxcb-glx.so.0.0.0
7f474e161000-7f474e162000 rw-p 00016000 08:01 4201755                    /usr/lib/x86_64-linux-gnu/libxcb-glx.so.0.0.0
7f474e162000-7f474e163000 r-xp 00000000 08:01 4200409                    /usr/lib/x86_64-linux-gnu/libX11-xcb.so.1.0.0
7f474e163000-7f474e362000 ---p 00001000 08:01 4200409                    /usr/lib/x86_64-linux-gnu/libX11-xcb.so.1.0.0
7f474e362000-7f474e363000 r--p 00000000 08:01 4200409                    /usr/lib/x86_64-linux-gnu/libX11-xcb.so.1.0.0
7f474e363000-7f474e364000 rw-p 00001000 08:01 4200409                    /usr/lib/x86_64-linux-gnu/libX11-xcb.so.1.0.0
7f474e364000-7f474e366000 r-xp 00000000 08:01 4200383                    /usr/lib/x86_64-linux-gnu/libXdamage.so.1.1.0
7f474e366000-7f474e565000 ---p 00002000 08:01 4200383                    /usr/lib/x86_64-linux-gnu/libXdamage.so.1.1.0
7f474e565000-7f474e566000 r--p 00001000 08:01 4200383                    /usr/lib/x86_64-linux-gnu/libXdamage.so.1.1.0
7f474e566000-7f474e567000 rw-p 00002000 08:01 4200383                    /usr/lib/x86_64-linux-gnu/libXdamage.so.1.1.0
7f474e567000-7f474e58c000 r-xp 00000000 08:01 4200726                    /usr/lib/x86_64-linux-gnu/libglapi.so.0.0.0
7f474e58c000-7f474e78b000 ---p 00025000 08:01 4200726                    /usr/lib/x86_64-linux-gnu/libglapi.so.0.0.0
7f474e78b000-7f474e78e000 r--p 00024000 08:01 4200726                    /usr/lib/x86_64-linux-gnu/libglapi.so.0.0.0
7f474e78e000-7f474e78f000 rw-p 00027000 08:01 4200726                    /usr/lib/x86_64-linux-gnu/libglapi.so.0.0.0
7f474e78f000-7f474e790000 rw-p 00000000 00:00 0 
7f474e790000-7f474e7b6000 r-xp 00000000 08:01 6423564                    /lib/x86_64-linux-gnu/libexpat.so.1.6.0
7f474e7b6000-7f474e9b5000 ---p 00026000 08:01 6423564                    /lib/x86_64-linux-gnu/libexpat.so.1.6.0
7f474e9b5000-7f474e9b8000 r--p 00025000 08:01 6423564                    /lib/x86_64-linux-gnu/libexpat.so.1.6.0
7f474e9b8000-7f474e9b9000 rw-p 00028000 08:01 6423564                    /lib/x86_64-linux-gnu/libexpat.so.1.6.0
7f474e9b9000-7f474ea4f000 r-xp 00000000 08:01 4456794                    /usr/lib/x86_64-linux-gnu/mesa/libGL.so.1.2.0
7f474ea4f000-7f474ec4e000 ---p 00096000 08:01 4456794                    /usr/lib/x86_64-linux-gnu/mesa/libGL.so.1.2.0
7f474ec4e000-7f474ec51000 r--p 00095000 08:01 4456794                    /usr/lib/x86_64-linux-gnu/mesa/libGL.so.1.2.0
7f474ec51000-7f474ec52000 rw-p 00098000 08:01 4456794                    /usr/lib/x86_64-linux-gnu/mesa/libGL.so.1.2.0
7f474ec52000-7f474ec53000 rw-p 00000000 00:00 0 
7f474ec53000-7f474ec5a000 r-xp 00000000 08:01 1441808                    /tmp/jogamp_0000/file_cache/jln7597058476282255163/jln237368993823342555/libnativewindow_x11.so
7f474ec5a000-7f474ee59000 ---p 00007000 08:01 1441808                    /tmp/jogamp_0000/file_cache/jln7597058476282255163/jln237368993823342555/libnativewindow_x11.so
7f474ee59000-7f474ee5a000 rw-p 00006000 08:01 1441808                    /tmp/jogamp_0000/file_cache/jln7597058476282255163/jln237368993823342555/libnativewindow_x11.so
7f474ee5a000-7f474ee5e000 r-xp 00000000 08:01 4200868                    /usr/lib/x86_64-linux-gnu/libXxf86vm.so.1.0.0
7f474ee5e000-7f474f05e000 ---p 00004000 08:01 4200868                    /usr/lib/x86_64-linux-gnu/libXxf86vm.so.1.0.0
7f474f05e000-7f474f05f000 r--p 00004000 08:01 4200868                    /usr/lib/x86_64-linux-gnu/libXxf86vm.so.1.0.0
7f474f05f000-7f474f060000 rw-p 00005000 08:01 4200868                    /usr/lib/x86_64-linux-gnu/libXxf86vm.so.1.0.0
7f474f060000-7f474f062000 r-xp 00000000 08:01 1441807                    /tmp/jogamp_0000/file_cache/jln7597058476282255163/jln237368993823342555/libnativewindow_awt.so
7f474f062000-7f474f261000 ---p 00002000 08:01 1441807                    /tmp/jogamp_0000/file_cache/jln7597058476282255163/jln237368993823342555/libnativewindow_awt.so
7f474f261000-7f474f262000 rw-p 00001000 08:01 1441807                    /tmp/jogamp_0000/file_cache/jln7597058476282255163/jln237368993823342555/libnativewindow_awt.so
7f474f262000-7f474f263000 r-xp 00000000 08:01 6948360                    /usr/lib/jvm/java-7-oracle/jre/lib/amd64/libjawt.so
7f474f263000-7f474f462000 ---p 00001000 08:01 6948360                    /usr/lib/jvm/java-7-oracle/jre/lib/amd64/libjawt.so
7f474f462000-7f474f463000 rw-p 00000000 08:01 6948360                    /usr/lib/jvm/java-7-oracle/jre/lib/amd64/libjawt.so
7f474f463000-7f474f465000 r-xp 00000000 08:01 1441804                    /tmp/jogamp_0000/file_cache/jln7597058476282255163/jln237368993823342555/libgluegen-rt.so
7f474f465000-7f474f664000 ---p 00002000 08:01 1441804                    /tmp/jogamp_0000/file_cache/jln7597058476282255163/jln237368993823342555/libgluegen-rt.so
7f474f664000-7f474f665000 rw-p 00001000 08:01 1441804                    /tmp/jogamp_0000/file_cache/jln7597058476282255163/jln237368993823342555/libgluegen-rt.so
7f474f665000-7f474f668000 ---p 00000000 00:00 0 
7f474f668000-7f474f766000 rw-p 00000000 00:00 0                          [stack:7362]
7f474f766000-7f474f776000 r-xp 00000000 08:01 6948381                    /usr/lib/jvm/java-7-oracle/jre/lib/amd64/libnio.so
7f474f776000-7f474f976000 ---p 00010000 08:01 6948381                    /usr/lib/jvm/java-7-oracle/jre/lib/amd64/libnio.so
7f474f976000-7f474f977000 rw-p 00010000 08:01 6948381                    /usr/lib/jvm/java-7-oracle/jre/lib/amd64/libnio.so
7f474f977000-7f474f978000 r--s 00000000 08:01 3281212                    /var/cache/fontconfig/1ac9eb803944fde146138c791f5cc56a-le64.cache-4
7f474f978000-7f474f97e000 r--s 00000000 08:01 3280028                    /var/cache/fontconfig/b47c4e1ecd0709278f4910c18777a504-le64.cache-4
7f474f97e000-7f474f992000 r--s 00000000 08:01 4982979                    /usr/share/fonts/type1/gsfonts/n019003l.pfb
7f474f992000-7f474f9ab000 r--s 00000000 08:01 4983006                    /usr/share/fonts/type1/gsfonts/n021004l.pfb
7f474f9ab000-7f474f9c3000 r--s 00000000 08:01 4983015                    /usr/share/fonts/type1/gsfonts/n022003l.pfb
7f474f9c3000-7f474f9d2000 r--s 00000000 08:01 7870299                    /usr/share/texlive/texmf-dist/fonts/type1/adobe/courier/pcrro8a.pfb
7f474f9d2000-7f474f9eb000 r--s 00000000 08:01 4983003                    /usr/share/fonts/type1/gsfonts/n021003l.pfb
7f474f9eb000-7f474f9ee000 ---p 00000000 00:00 0 
7f474f9ee000-7f474fa24000 rw-p 00000000 00:00 0                          [stack:7353]
7f474fa24000-7f474fa25000 r--s 00000000 08:01 3280793                    /var/cache/fontconfig/dc05db6664285cc2f12bf69c139ae4c3-le64.cache-4
7f474fa25000-7f474fa2e000 r--s 00000000 08:01 3279615                    /var/cache/fontconfig/3f7329c5293ffd510edef78f73874cfd-le64.cache-4
7f474fa2e000-7f474fa45000 r--s 00000000 08:01 4983009                    /usr/share/fonts/type1/gsfonts/n021023l.pfb
7f474fa45000-7f474fa5b000 r--s 00000000 08:01 4983012                    /usr/share/fonts/type1/gsfonts/n021024l.pfb
7f474fa5b000-7f474fa6b000 r--s 00000000 08:01 7870298                    /usr/share/texlive/texmf-dist/fonts/type1/adobe/courier/pcrr8a.pfb
7f474fa6b000-7f474fa7b000 r--s 00000000 08:01 7870300                    /usr/share/texlive/texmf-dist/fonts/type1/adobe/courier/pcrbo8a.pfb
7f474fa7b000-7f474faeb000 rw-s 101524000 00:05 11397                     /dev/dri/card0
7f474faeb000-7f474fafb000 rw-s 101514000 00:05 11397                     /dev/dri/card0
7f474fafb000-7f474fafe000 ---p 00000000 00:00 0 
7f474fafe000-7f474fbfc000 rw-p 00000000 00:00 0                          [stack:7349]
7f474fbfc000-7f474fbff000 ---p 00000000 00:00 0 
7f474fbff000-7f474fcfd000 rw-p 00000000 00:00 0                          [stack:7348]
7f474fcfd000-7f474fd00000 ---p 00000000 00:00 0 
7f474fd00000-7f474fdfe000 rw-p 00000000 00:00 0                          [stack:7347]
7f474fdfe000-7f474fe01000 ---p 00000000 00:00 0 
7f474fe01000-7f474feff000 rw-p 00000000 00:00 0 
7f474feff000-7f474ff02000 ---p 00000000 00:00 0 
7f474ff02000-7f4750000000 rw-p 00000000 00:00 0 
7f4750000000-7f4751f4a000 rw-p 00000000 00:00 0 
7f4751f4a000-7f4754000000 ---p 00000000 00:00 0 
7f4754000000-7f4754021000 rw-p 00000000 00:00 0 
7f4754021000-7f4758000000 ---p 00000000 00:00 0 
7f4758000000-7f4758021000 rw-p 00000000 00:00 0 
7f4758021000-7f475c000000 ---p 00000000 00:00 0 
7f475c000000-7f475c82f000 rw-p 00000000 00:00 0 
7f475c82f000-7f4760000000 ---p 00000000 00:00 0 
7f4760000000-7f47605a4000 rw-p 00000000 00:00 0 
7f47605a4000-7f4764000000 ---p 00000000 00:00 0 
7f4764000000-7f476678a000 rw-p 00000000 00:00 0 
7f476678a000-7f4768000000 ---p 00000000 00:00 0 
7f4768000000-7f4768021000 rw-p 00000000 00:00 0 
7f4768021000-7f476c000000 ---p 00000000 00:00 0 
7f476c000000-7f476c4f3000 rw-p 00000000 00:00 0 
7f476c4f3000-7f4770000000 ---p 00000000 00:00 0 
7f4770000000-7f4770021000 rw-p 00000000 00:00 0 
7f4770021000-7f4774000000 ---p 00000000 00:00 0 
7f4774000000-7f4774021000 rw-p 00000000 00:00 0 
7f4774021000-7f4778000000 ---p 00000000 00:00 0 
7f4778000000-7f4778021000 rw-p 00000000 00:00 0 
7f4778021000-7f477c000000 ---p 00000000 00:00 0 
7f477c000000-7f477c021000 rw-p 00000000 00:00 0 
7f477c021000-7f4780000000 ---p 00000000 00:00 0 
7f4780000000-7f4780021000 rw-p 00000000 00:00 0 
7f4780021000-7f4784000000 ---p 00000000 00:00 0 
7f4784000000-7f4784001000 r--s 00000000 08:01 3280257                    /var/cache/fontconfig/4794a0821666d79190d59a36cb4f44b5-le64.cache-4
7f4784001000-7f4784002000 r--s 00000000 08:01 3280204                    /var/cache/fontconfig/56cf4f4769d0f4abc89a4895d7bd3ae1-le64.cache-4
7f4784002000-7f4784003000 r--s 00000000 08:01 3280182                    /var/cache/fontconfig/b9d506c9ac06c20b433354fa67a72993-le64.cache-4
7f4784003000-7f4784007000 r--s 00000000 08:01 3279614                    /var/cache/fontconfig/d589a48862398ed80a3d6066f4f56f4c-le64.cache-4
7f4784007000-7f4784008000 r--s 00000000 08:01 3279498                    /var/cache/fontconfig/0c9eb80ebd1c36541ebe2852d3bb0c49-le64.cache-4
7f4784008000-7f478400c000 r--s 00000000 08:01 3278917                    /var/cache/fontconfig/7ef2298fde41cc6eeb7af42e48b7d293-le64.cache-4
7f478400c000-7f478400f000 ---p 00000000 00:00 0 
7f478400f000-7f478410d000 rw-p 00000000 00:00 0 
7f478410d000-7f4784110000 ---p 00000000 00:00 0 
7f4784110000-7f478420e000 rw-p 00000000 00:00 0                          [stack:7343]
7f478420e000-7f4784213000 r-xp 00000000 08:01 4196412                    /usr/lib/x86_64-linux-gnu/libXfixes.so.3.1.0
7f4784213000-7f4784412000 ---p 00005000 08:01 4196412                    /usr/lib/x86_64-linux-gnu/libXfixes.so.3.1.0
7f4784412000-7f4784413000 r--p 00004000 08:01 4196412                    /usr/lib/x86_64-linux-gnu/libXfixes.so.3.1.0
7f4784413000-7f4784414000 rw-p 00005000 08:01 4196412                    /usr/lib/x86_64-linux-gnu/libXfixes.so.3.1.0
7f4784414000-7f478441d000 r-xp 00000000 08:01 4200824                    /usr/lib/x86_64-linux-gnu/libXcursor.so.1.0.2
7f478441d000-7f478461c000 ---p 00009000 08:01 4200824                    /usr/lib/x86_64-linux-gnu/libXcursor.so.1.0.2
7f478461c000-7f478461d000 r--p 00008000 08:01 4200824                    /usr/lib/x86_64-linux-gnu/libXcursor.so.1.0.2
7f478461d000-7f478461e000 rw-p 00009000 08:01 4200824                    /usr/lib/x86_64-linux-gnu/libXcursor.so.1.0.2
7f478461e000-7f4784621000 ---p 00000000 00:00 0 
7f4784621000-7f478471f000 rw-p 00000000 00:00 0                          [stack:7342]
7f478471f000-7f4784724000 r-xp 00000000 08:01 4194481                    /usr/lib/x86_64-linux-gnu/libXdmcp.so.6.0.0
7f4784724000-7f4784923000 ---p 00005000 08:01 4194481                    /usr/lib/x86_64-linux-gnu/libXdmcp.so.6.0.0
7f4784923000-7f4784924000 r--p 00004000 08:01 4194481                    /usr/lib/x86_64-linux-gnu/libXdmcp.so.6.0.0
7f4784924000-7f4784925000 rw-p 00005000 08:01 4194481                    /usr/lib/x86_64-linux-gnu/libXdmcp.so.6.0.0
7f4784925000-7f4784927000 r-xp 00000000 08:01 4200817                    /usr/lib/x86_64-linux-gnu/libXau.so.6.0.0
7f4784927000-7f4784b27000 ---p 00002000 08:01 4200817                    /usr/lib/x86_64-linux-gnu/libXau.so.6.0.0
7f4784b27000-7f4784b28000 r--p 00002000 08:01 4200817                    /usr/lib/x86_64-linux-gnu/libXau.so.6.0.0
7f4784b28000-7f4784b29000 rw-p 00003000 08:01 4200817                    /usr/lib/x86_64-linux-gnu/libXau.so.6.0.0
7f4784b29000-7f4784b46000 r-xp 00000000 08:01 4201771                    /usr/lib/x86_64-linux-gnu/libxcb.so.1.1.0
7f4784b46000-7f4784d46000 ---p 0001d000 08:01 4201771                    /usr/lib/x86_64-linux-gnu/libxcb.so.1.1.0
7f4784d46000-7f4784d47000 r--p 0001d000 08:01 4201771                    /usr/lib/x86_64-linux-gnu/libxcb.so.1.1.0
7f4784d47000-7f4784d48000 rw-p 0001e000 08:01 4201771                    /usr/lib/x86_64-linux-gnu/libxcb.so.1.1.0
7f4784d48000-7f4784d57000 r-xp 00000000 08:01 4196421                    /usr/lib/x86_64-linux-gnu/libXi.so.6.1.0
7f4784d57000-7f4784f56000 ---p 0000f000 08:01 4196421                    /usr/lib/x86_64-linux-gnu/libXi.so.6.1.0
7f4784f56000-7f4784f57000 r--p 0000e000 08:01 4196421                    /usr/lib/x86_64-linux-gnu/libXi.so.6.1.0
7f4784f57000-7f4784f58000 rw-p 0000f000 08:01 4196421                    /usr/lib/x86_64-linux-gnu/libXi.so.6.1.0
7f4784f58000-7f4784f5d000 r-xp 00000000 08:01 4200858                    /usr/lib/x86_64-linux-gnu/libXtst.so.6.1.0
7f4784f5d000-7f478515c000 ---p 00005000 08:01 4200858                    /usr/lib/x86_64-linux-gnu/libXtst.so.6.1.0
7f478515c000-7f478515d000 r--p 00004000 08:01 4200858                    /usr/lib/x86_64-linux-gnu/libXtst.so.6.1.0
7f478515d000-7f478515e000 rw-p 00005000 08:01 4200858                    /usr/lib/x86_64-linux-gnu/libXtst.so.6.1.0
7f478515e000-7f4785167000 r-xp 00000000 08:01 4200852                    /usr/lib/x86_64-linux-gnu/libXrender.so.1.3.0
7f4785167000-7f4785366000 ---p 00009000 08:01 4200852                    /usr/lib/x86_64-linux-gnu/libXrender.so.1.3.0
7f4785366000-7f4785367000 r--p 00008000 08:01 4200852                    /usr/lib/x86_64-linux-gnu/libXrender.so.1.3.0
7f4785367000-7f4785368000 rw-p 00009000 08:01 4200852                    /usr/lib/x86_64-linux-gnu/libXrender.so.1.3.0
7f4785368000-7f478549b000 r-xp 00000000 08:01 4199845                    /usr/lib/x86_64-linux-gnu/libX11.so.6.3.0
7f478549b000-7f478569b000 ---p 00133000 08:01 4199845                    /usr/lib/x86_64-linux-gnu/libX11.so.6.3.0
7f478569b000-7f478569c000 r--p 00133000 08:01 4199845                    /usr/lib/x86_64-linux-gnu/libX11.so.6.3.0
7f478569c000-7f47856a0000 rw-p 00134000 08:01 4199845                    /usr/lib/x86_64-linux-gnu/libX11.so.6.3.0
7f47856a0000-7f47856a1000 rw-p 00000000 00:00 0 
7f47856a1000-7f47856b2000 r-xp 00000000 08:01 4200830                    /usr/lib/x86_64-linux-gnu/libXext.so.6.4.0
7f47856b2000-7f47858b1000 ---p 00011000 08:01 4200830                    /usr/lib/x86_64-linux-gnu/libXext.so.6.4.0
7f47858b1000-7f47858b2000 r--p 00010000 08:01 4200830                    /usr/lib/x86_64-linux-gnu/libXext.so.6.4.0
7f47858b2000-7f47858b3000 rw-p 00011000 08:01 4200830                    /usr/lib/x86_64-linux-gnu/libXext.so.6.4.0
7f47858b3000-7f4785903000 r-xp 00000000 08:01 6948365                    /usr/lib/jvm/java-7-oracle/jre/lib/amd64/xawt/libmawt.so
7f4785903000-7f4785b03000 ---p 00050000 08:01 6948365                    /usr/lib/jvm/java-7-oracle/jre/lib/amd64/xawt/libmawt.so
7f4785b03000-7f4785b07000 rw-p 00050000 08:01 6948365                    /usr/lib/jvm/java-7-oracle/jre/lib/amd64/xawt/libmawt.so
7f4785b07000-7f4785b08000 rw-p 00000000 00:00 0 
7f4785b08000-7f4785baa000 r-xp 00000000 08:01 6948345                    /usr/lib/jvm/java-7-oracle/jre/lib/amd64/libawt.so
7f4785baa000-7f4785daa000 ---p 000a2000 08:01 6948345                    /usr/lib/jvm/java-7-oracle/jre/lib/amd64/libawt.so
7f4785daa000-7f4785db6000 rw-p 000a2000 08:01 6948345                    /usr/lib/jvm/java-7-oracle/jre/lib/amd64/libawt.so
7f4785db6000-7f4785e0b000 rw-p 00000000 00:00 0 
7f4785e0b000-7f4785e21000 r-xp 00000000 08:01 6948341                    /usr/lib/jvm/java-7-oracle/jre/lib/amd64/libnet.so
7f4785e21000-7f4786021000 ---p 00016000 08:01 6948341                    /usr/lib/jvm/java-7-oracle/jre/lib/amd64/libnet.so
7f4786021000-7f4786022000 rw-p 00016000 08:01 6948341                    /usr/lib/jvm/java-7-oracle/jre/lib/amd64/libnet.so
7f4786022000-7f4786024000 r--s 00000000 08:01 3279374                    /var/cache/fontconfig/5a58818556a7ca23b2c12cf035081352-le64.cache-4
7f4786024000-7f4786026000 r--s 00000000 08:01 3280207                    /var/cache/fontconfig/16326683038b281783a0ef8c680e3a10-le64.cache-4
7f4786026000-7f4786027000 r--s 00000000 08:01 3279850                    /var/cache/fontconfig/e0aa53bcfa504e64f87823c16bc01eb6-le64.cache-4
7f4786027000-7f4786030000 r--s 00000000 08:01 4983039                    /usr/share/fonts/type1/gsfonts/s050000l.pfb
7f4786030000-7f4786040000 rw-s 101504000 00:05 11397                     /dev/dri/card0
7f4786040000-7f4786041000 rw-s 00000000 00:04 66665                      /drm mm object (deleted)
7f4786041000-7f4786042000 r--p 00000000 00:00 0 
7f4786042000-7f4786046000 r--s 0008b000 08:01 6948518                    /usr/lib/jvm/java-7-oracle/jre/lib/jsse.jar
7f4786046000-7f4786047000 rwxp 00000000 00:00 0 
7f4786047000-7f478604a000 ---p 00000000 00:00 0 
7f478604a000-7f4786148000 rw-p 00000000 00:00 0                          [stack:7341]
7f4786148000-7f4786149000 r-xp 00000000 08:01 8657240                    /home/tobias/Programs/idea-IU-139.659.2/bin/libbreakgen64.so
7f4786149000-7f4786348000 ---p 00001000 08:01 8657240                    /home/tobias/Programs/idea-IU-139.659.2/bin/libbreakgen64.so
7f4786348000-7f4786349000 r--p 00000000 08:01 8657240                    /home/tobias/Programs/idea-IU-139.659.2/bin/libbreakgen64.so
7f4786349000-7f478634a000 rw-p 00001000 08:01 8657240                    /home/tobias/Programs/idea-IU-139.659.2/bin/libbreakgen64.so
7f478634a000-7f478634c000 r--s 00016000 08:01 8657359                    /home/tobias/Programs/idea-IU-139.659.2/lib/idea_rt.jar
7f478634c000-7f478634e000 r--s 00006000 08:01 8784654                    /home/tobias/Programming/Processing/libraries/ezGestures.jar
7f478634e000-7f478634f000 r--s 00001000 08:01 8656331                    /home/tobias/Programs/processing-3.0a5/core/library/gluegen-rt-natives-macosx-universal.jar
7f478634f000-7f4786350000 r--s 00064000 08:01 8655587                    /home/tobias/Programs/processing-3.0a5/core/library/jogl-all-natives-macosx-universal.jar
7f4786350000-7f4786351000 r--s 00001000 08:01 8655595                    /home/tobias/Programs/processing-3.0a5/core/library/gluegen-rt-natives-windows-amd64.jar
7f4786351000-7f4786352000 r--s 00000000 08:01 8656352                    /home/tobias/Programs/processing-3.0a5/core/library/gluegen-rt-natives-linux-armv6hf.jar
7f4786352000-7f4786353000 r--s 00001000 08:01 8656358                    /home/tobias/Programs/processing-3.0a5/core/library/gluegen-rt-natives-windows-i586.jar
7f4786353000-7f4786359000 r--s 00041000 08:01 8655590                    /home/tobias/Programs/processing-3.0a5/core/library/gluegen-rt.jar
7f4786359000-7f478637c000 r--s 002ec000 08:01 8656350                    /home/tobias/Programs/processing-3.0a5/core/library/jogl-all.jar
7f478637c000-7f478637d000 ---p 00000000 00:00 0 
7f478637d000-7f478647d000 rw-p 00000000 00:00 0                          [stack:7335]
7f478647d000-7f4786480000 ---p 00000000 00:00 0 
7f4786480000-7f478657e000 rw-p 00000000 00:00 0                          [stack:7334]
7f478657e000-7f4786f50000 r--p 00000000 08:01 4199150                    /usr/lib/locale/locale-archive
7f4786f50000-7f4789000000 rw-p 00000000 00:00 0 
7f4789000000-7f4789270000 rwxp 00000000 00:00 0 
7f4789270000-7f478c2bc000 rw-p 00000000 00:00 0 
7f478c2bc000-7f4790000000 ---p 00000000 00:00 0 
7f4790000000-7f4790002000 r--s 00034000 08:01 8656313                    /home/tobias/Programs/processing-3.0a5/core/library/jogl-all-natives-windows-amd64.jar
7f4790002000-7f4790003000 r--s 00023000 08:01 8655674                    /home/tobias/Programs/processing-3.0a5/core/library/jogl-all-natives-linux-armv6hf.jar
7f4790003000-7f4790005000 r--s 00000000 08:01 8655615                    /home/tobias/Programs/processing-3.0a5/core/library/gluegen-rt-natives-linux-amd64.jar
7f4790005000-7f4790009000 r--s 0009a000 08:01 8655630                    /home/tobias/Programs/processing-3.0a5/core/library/core.jar
7f4790009000-7f479000d000 r--s 0008b000 08:01 6948518                    /usr/lib/jvm/java-7-oracle/jre/lib/jsse.jar
7f479000d000-7f4790017000 r--s 00251000 08:01 6948453                    /usr/lib/jvm/java-7-oracle/jre/lib/resources.jar
7f4790017000-7f47900a6000 r--s 00de4000 08:01 6948517                    /usr/lib/jvm/java-7-oracle/jre/lib/jfxrt.jar
7f47900a6000-7f47900bf000 r--s 001e6000 08:01 6947880                    /usr/lib/jvm/java-7-oracle/jre/lib/deploy.jar
7f47900bf000-7f47900d2000 r--s 000d6000 08:01 6947919                    /usr/lib/jvm/java-7-oracle/jre/lib/plugin.jar
7f47900d2000-7f47900dc000 r--s 00067000 08:01 6948403                    /usr/lib/jvm/java-7-oracle/jre/lib/javaws.jar
7f47900dc000-7f47900df000 ---p 00000000 00:00 0 
7f47900df000-7f47901dd000 rw-p 00000000 00:00 0                          [stack:7333]
7f47901dd000-7f47901e0000 ---p 00000000 00:00 0 
7f47901e0000-7f47902de000 rw-p 00000000 00:00 0                          [stack:7332]
7f47902de000-7f47902e1000 ---p 00000000 00:00 0 
7f47902e1000-7f47903df000 rw-p 00000000 00:00 0                          [stack:7331]
7f47903df000-7f47903e2000 ---p 00000000 00:00 0 
7f47903e2000-7f47904e0000 rw-p 00000000 00:00 0                          [stack:7327]
7f47904e0000-7f47904e3000 ---p 00000000 00:00 0 
7f47904e3000-7f47905e1000 rw-p 00000000 00:00 0                          [stack:7326]
7f47905e1000-7f47905e2000 ---p 00000000 00:00 0 
7f47905e2000-7f4791099000 rw-p 00000000 00:00 0                          [stack:7322]
7f4791099000-7f4791258000 r--s 039f0000 08:01 6948511                    /usr/lib/jvm/java-7-oracle/jre/lib/rt.jar
7f4791258000-7f479155c000 rw-p 00000000 00:00 0 
7f479155c000-7f479155d000 ---p 00000000 00:00 0 
7f479155d000-7f479165d000 rw-p 00000000 00:00 0                          [stack:7320]
7f479165d000-7f479165e000 ---p 00000000 00:00 0 
7f479165e000-7f4791769000 rw-p 00000000 00:00 0                          [stack:7319]
7f4791769000-7f4791787000 rw-p 00000000 00:00 0 
7f4791787000-7f479179b000 rw-p 00000000 00:00 0 
7f479179b000-7f47918c9000 rw-p 00000000 00:00 0 
7f47918c9000-7f47918d4000 rw-p 00000000 00:00 0 
7f47918d4000-7f47918f2000 rw-p 00000000 00:00 0 
7f47918f2000-7f4791906000 rw-p 00000000 00:00 0 
7f4791906000-7f4791a33000 rw-p 00000000 00:00 0 
7f4791a33000-7f4791a55000 rw-p 00000000 00:00 0 
7f4791a55000-7f4791ad4000 rw-p 00000000 00:00 0 
7f4791ad4000-7f4791ad5000 rw-p 00000000 00:00 0 
7f4791ad5000-7f4791aef000 r-xp 00000000 08:01 6948395                    /usr/lib/jvm/java-7-oracle/jre/lib/amd64/libzip.so
7f4791aef000-7f4791cef000 ---p 0001a000 08:01 6948395                    /usr/lib/jvm/java-7-oracle/jre/lib/amd64/libzip.so
7f4791cef000-7f4791cf0000 rw-p 0001a000 08:01 6948395                    /usr/lib/jvm/java-7-oracle/jre/lib/amd64/libzip.so
7f4791cf0000-7f4791cfb000 r-xp 00000000 08:01 6423405                    /lib/x86_64-linux-gnu/libnss_files-2.19.so
7f4791cfb000-7f4791efa000 ---p 0000b000 08:01 6423405                    /lib/x86_64-linux-gnu/libnss_files-2.19.so
7f4791efa000-7f4791efb000 r--p 0000a000 08:01 6423405                    /lib/x86_64-linux-gnu/libnss_files-2.19.so
7f4791efb000-7f4791efc000 rw-p 0000b000 08:01 6423405                    /lib/x86_64-linux-gnu/libnss_files-2.19.so
7f4791efc000-7f4791f07000 r-xp 00000000 08:01 6423407                    /lib/x86_64-linux-gnu/libnss_nis-2.19.so
7f4791f07000-7f4792106000 ---p 0000b000 08:01 6423407                    /lib/x86_64-linux-gnu/libnss_nis-2.19.so
7f4792106000-7f4792107000 r--p 0000a000 08:01 6423407                    /lib/x86_64-linux-gnu/libnss_nis-2.19.so
7f4792107000-7f4792108000 rw-p 0000b000 08:01 6423407                    /lib/x86_64-linux-gnu/libnss_nis-2.19.so
7f4792108000-7f479211f000 r-xp 00000000 08:01 6423391                    /lib/x86_64-linux-gnu/libnsl-2.19.so
7f479211f000-7f479231e000 ---p 00017000 08:01 6423391                    /lib/x86_64-linux-gnu/libnsl-2.19.so
7f479231e000-7f479231f000 r--p 00016000 08:01 6423391                    /lib/x86_64-linux-gnu/libnsl-2.19.so
7f479231f000-7f4792320000 rw-p 00017000 08:01 6423391                    /lib/x86_64-linux-gnu/libnsl-2.19.so
7f4792320000-7f4792322000 rw-p 00000000 00:00 0 
7f4792322000-7f479232b000 r-xp 00000000 08:01 6423392                    /lib/x86_64-linux-gnu/libnss_compat-2.19.so
7f479232b000-7f479252a000 ---p 00009000 08:01 6423392                    /lib/x86_64-linux-gnu/libnss_compat-2.19.so
7f479252a000-7f479252b000 r--p 00008000 08:01 6423392                    /lib/x86_64-linux-gnu/libnss_compat-2.19.so
7f479252b000-7f479252c000 rw-p 00009000 08:01 6423392                    /lib/x86_64-linux-gnu/libnss_compat-2.19.so
7f479252c000-7f4792555000 r-xp 00000000 08:01 6948378                    /usr/lib/jvm/java-7-oracle/jre/lib/amd64/libjava.so
7f4792555000-7f4792755000 ---p 00029000 08:01 6948378                    /usr/lib/jvm/java-7-oracle/jre/lib/amd64/libjava.so
7f4792755000-7f4792757000 rw-p 00029000 08:01 6948378                    /usr/lib/jvm/java-7-oracle/jre/lib/amd64/libjava.so
7f4792757000-7f4792764000 r-xp 00000000 08:01 6948340                    /usr/lib/jvm/java-7-oracle/jre/lib/amd64/libverify.so
7f4792764000-7f4792963000 ---p 0000d000 08:01 6948340                    /usr/lib/jvm/java-7-oracle/jre/lib/amd64/libverify.so
7f4792963000-7f4792965000 rw-p 0000c000 08:01 6948340                    /usr/lib/jvm/java-7-oracle/jre/lib/amd64/libverify.so
7f4792965000-7f479296c000 r-xp 00000000 08:01 6423408                    /lib/x86_64-linux-gnu/librt-2.19.so
7f479296c000-7f4792b6b000 ---p 00007000 08:01 6423408                    /lib/x86_64-linux-gnu/librt-2.19.so
7f4792b6b000-7f4792b6c000 r--p 00006000 08:01 6423408                    /lib/x86_64-linux-gnu/librt-2.19.so
7f4792b6c000-7f4792b6d000 rw-p 00007000 08:01 6423408                    /lib/x86_64-linux-gnu/librt-2.19.so
7f4792b6d000-7f4792c72000 r-xp 00000000 08:01 6423387                    /lib/x86_64-linux-gnu/libm-2.19.so
7f4792c72000-7f4792e71000 ---p 00105000 08:01 6423387                    /lib/x86_64-linux-gnu/libm-2.19.so
7f4792e71000-7f4792e72000 r--p 00104000 08:01 6423387                    /lib/x86_64-linux-gnu/libm-2.19.so
7f4792e72000-7f4792e73000 rw-p 00105000 08:01 6423387                    /lib/x86_64-linux-gnu/libm-2.19.so
7f4792e73000-7f47939e8000 r-xp 00000000 08:01 6948354                    /usr/lib/jvm/java-7-oracle/jre/lib/amd64/server/libjvm.so
7f47939e8000-7f4793be8000 ---p 00b75000 08:01 6948354                    /usr/lib/jvm/java-7-oracle/jre/lib/amd64/server/libjvm.so
7f4793be8000-7f4793cac000 rw-p 00b75000 08:01 6948354                    /usr/lib/jvm/java-7-oracle/jre/lib/amd64/server/libjvm.so
7f4793cac000-7f4793ced000 rw-p 00000000 00:00 0 
7f4793ced000-7f4793ea7000 r-xp 00000000 08:01 6423406                    /lib/x86_64-linux-gnu/libc-2.19.so
7f4793ea7000-7f47940a6000 ---p 001ba000 08:01 6423406                    /lib/x86_64-linux-gnu/libc-2.19.so
7f47940a6000-7f47940aa000 r--p 001b9000 08:01 6423406                    /lib/x86_64-linux-gnu/libc-2.19.so
7f47940aa000-7f47940ac000 rw-p 001bd000 08:01 6423406                    /lib/x86_64-linux-gnu/libc-2.19.so
7f47940ac000-7f47940b1000 rw-p 00000000 00:00 0 
7f47940b1000-7f47940b4000 r-xp 00000000 08:01 6423394                    /lib/x86_64-linux-gnu/libdl-2.19.so
7f47940b4000-7f47942b3000 ---p 00003000 08:01 6423394                    /lib/x86_64-linux-gnu/libdl-2.19.so
7f47942b3000-7f47942b4000 r--p 00002000 08:01 6423394                    /lib/x86_64-linux-gnu/libdl-2.19.so
7f47942b4000-7f47942b5000 rw-p 00003000 08:01 6423394                    /lib/x86_64-linux-gnu/libdl-2.19.so
7f47942b5000-7f47942cb000 r-xp 00000000 08:01 6555486                    /usr/lib/jvm/java-7-oracle/lib/amd64/jli/libjli.so
7f47942cb000-7f47944cb000 ---p 00016000 08:01 6555486                    /usr/lib/jvm/java-7-oracle/lib/amd64/jli/libjli.so
7f47944cb000-7f47944cc000 rw-p 00016000 08:01 6555486                    /usr/lib/jvm/java-7-oracle/lib/amd64/jli/libjli.so
7f47944cc000-7f47944e5000 r-xp 00000000 08:01 6423395                    /lib/x86_64-linux-gnu/libpthread-2.19.so
7f47944e5000-7f47946e4000 ---p 00019000 08:01 6423395                    /lib/x86_64-linux-gnu/libpthread-2.19.so
7f47946e4000-7f47946e5000 r--p 00018000 08:01 6423395                    /lib/x86_64-linux-gnu/libpthread-2.19.so
7f47946e5000-7f47946e6000 rw-p 00019000 08:01 6423395                    /lib/x86_64-linux-gnu/libpthread-2.19.so
7f47946e6000-7f47946ea000 rw-p 00000000 00:00 0 
7f47946ea000-7f479470d000 r-xp 00000000 08:01 6423401                    /lib/x86_64-linux-gnu/ld-2.19.so
7f479470d000-7f479470e000 r--s 0002d000 08:01 8655483                    /home/tobias/Programs/processing-3.0a5/core/library/jogl-all-natives-windows-i586.jar
7f479470e000-7f4794710000 r--s 00000000 08:01 8655596                    /home/tobias/Programs/processing-3.0a5/core/library/gluegen-rt-natives-linux-i586.jar
7f4794710000-7f4794715000 r--s 0007d000 08:01 6948513                    /usr/lib/jvm/java-7-oracle/jre/lib/jfr.jar
7f4794715000-7f4794734000 rw-p 00000000 00:00 0 
7f4794734000-7f47947ea000 rw-p 00000000 00:00 0 
7f47947ea000-7f47947ed000 ---p 00000000 00:00 0 
7f47947ed000-7f47948ef000 rw-p 00000000 00:00 0                          [stack:7318]
7f47948ef000-7f47948f0000 r--s 0002f000 08:01 8656073                    /home/tobias/Programs/processing-3.0a5/core/library/jogl-all-natives-linux-amd64.jar
7f47948f0000-7f47948f1000 r--s 0002d000 08:01 8655603                    /home/tobias/Programs/processing-3.0a5/core/library/jogl-all-natives-linux-i586.jar
7f47948f1000-7f47948f2000 r--s 00000000 08:01 6947916                    /usr/lib/jvm/java-7-oracle/jre/lib/management-agent.jar
7f47948f2000-7f47948f5000 r--s 00019000 08:01 6947896                    /usr/lib/jvm/java-7-oracle/jre/lib/jce.jar
7f47948f5000-7f4794900000 r--s 0037c000 08:01 6947894                    /usr/lib/jvm/java-7-oracle/jre/lib/charsets.jar
7f4794900000-7f4794908000 rw-s 00000000 08:01 1441800                    /tmp/hsperfdata_tobias/7316
7f4794908000-7f4794909000 rw-p 00000000 00:00 0 
7f4794909000-7f479490a000 r--p 00000000 00:00 0 
7f479490a000-7f479490c000 rw-p 00000000 00:00 0 
7f479490c000-7f479490d000 r--p 00022000 08:01 6423401                    /lib/x86_64-linux-gnu/ld-2.19.so
7f479490d000-7f479490e000 rw-p 00023000 08:01 6423401                    /lib/x86_64-linux-gnu/ld-2.19.so
7f479490e000-7f479490f000 rw-p 00000000 00:00 0 
7fff027ad000-7fff027cf000 rw-p 00000000 00:00 0                          [stack]
7fff027e0000-7fff027e2000 r-xp 00000000 00:00 0                          [vdso]
7fff027e2000-7fff027e4000 r--p 00000000 00:00 0                          [vvar]
ffffffffff600000-ffffffffff601000 r-xp 00000000 00:00 0                  [vsyscall]

VM Arguments:
jvm_args: -Didea.launcher.port=7551 -Didea.launcher.bin.path=/home/tobias/Programs/idea-IU-139.659.2/bin -Dfile.encoding=UTF-8 
java_command: com.intellij.rt.execution.application.AppMain game.Game
Launcher Type: SUN_STANDARD

Environment Variables:
JAVA_HOME=/usr/lib/jvm/java-7-oracle
CLASSPATH=/home/tobias/Programs/idea-IU-139.659.2/bin/../lib/bootstrap.jar:/home/tobias/Programs/idea-IU-139.659.2/bin/../lib/extensions.jar:/home/tobias/Programs/idea-IU-139.659.2/bin/../lib/util.jar:/home/tobias/Programs/idea-IU-139.659.2/bin/../lib/jdom.jar:/home/tobias/Programs/idea-IU-139.659.2/bin/../lib/log4j.jar:/home/tobias/Programs/idea-IU-139.659.2/bin/../lib/trove4j.jar:/home/tobias/Programs/idea-IU-139.659.2/bin/../lib/jna.jar:/usr/lib/jvm/java-7-oracle/lib/tools.jar
PATH=/usr/local/sbin:/usr/local/bin:/usr/sbin:/usr/bin:/sbin:/bin:/usr/games:/usr/local/games:/usr/lib/jvm/java-7-oracle/bin:/usr/lib/jvm/java-7-oracle/db/bin:/usr/lib/jvm/java-7-oracle/jre/bin
LD_LIBRARY_PATH=/home/tobias/Programs/idea-IU-139.659.2/bin:
SHELL=/bin/zsh
DISPLAY=:0.0

Signal Handlers:
SIGSEGV: [libjvm.so+0x9a3bd0], sa_mask[0]=0x7ffbfeff, sa_flags=0x10000004
SIGBUS: [libjvm.so+0x9a3bd0], sa_mask[0]=0x7ffbfeff, sa_flags=0x10000004
SIGFPE: [libjvm.so+0x81cb60], sa_mask[0]=0x7ffbfeff, sa_flags=0x10000004
SIGPIPE: [libjvm.so+0x81cb60], sa_mask[0]=0x7ffbfeff, sa_flags=0x10000004
SIGXFSZ: [libjvm.so+0x81cb60], sa_mask[0]=0x7ffbfeff, sa_flags=0x10000004
SIGILL: [libjvm.so+0x81cb60], sa_mask[0]=0x7ffbfeff, sa_flags=0x10000004
SIGUSR1: SIG_DFL, sa_mask[0]=0x00000000, sa_flags=0x00000000
SIGUSR2: [libjvm.so+0x81e360], sa_mask[0]=0x00000004, sa_flags=0x10000004
SIGHUP: [libjvm.so+0x81f480], sa_mask[0]=0x7ffbfeff, sa_flags=0x10000004
SIGINT: [libjvm.so+0x81f480], sa_mask[0]=0x7ffbfeff, sa_flags=0x10000004
SIGTERM: [libjvm.so+0x81f480], sa_mask[0]=0x7ffbfeff, sa_flags=0x10000004
SIGQUIT: [libjvm.so+0x81f480], sa_mask[0]=0x7ffbfeff, sa_flags=0x10000004


---------------  S Y S T E M  ---------------

OS:jessie/sid

uname:Linux 3.16.0-33-generic #44-Ubuntu SMP Thu Mar 12 12:19:35 UTC 2015 x86_64
libc:glibc 2.19 NPTL 2.19 
rlimit: STACK 8192k, CORE 0k, NPROC 15309, NOFILE 4096, AS infinity
load average:0.58 0.75 0.72

/proc/meminfo:
MemTotal:        3941520 kB
MemFree:         1311416 kB
MemAvailable:    2179524 kB
Buffers:           82516 kB
Cached:          1073108 kB
SwapCached:            0 kB
Active:          1811300 kB
Inactive:         682096 kB
Active(anon):    1338764 kB
Inactive(anon):   138524 kB
Active(file):     472536 kB
Inactive(file):   543572 kB
Unevictable:          48 kB
Mlocked:              48 kB
SwapTotal:       4085756 kB
SwapFree:        4085756 kB
Dirty:             20408 kB
Writeback:             0 kB
AnonPages:       1337864 kB
Mapped:           237504 kB
Shmem:            139520 kB
Slab:              63524 kB
SReclaimable:      41888 kB
SUnreclaim:        21636 kB
KernelStack:        6352 kB
PageTables:        20956 kB
NFS_Unstable:          0 kB
Bounce:                0 kB
WritebackTmp:          0 kB
CommitLimit:     6056516 kB
Committed_AS:    3109008 kB
VmallocTotal:   34359738367 kB
VmallocUsed:      347352 kB
VmallocChunk:   34359379548 kB
HardwareCorrupted:     0 kB
AnonHugePages:    870400 kB
HugePages_Total:       0
HugePages_Free:        0
HugePages_Rsvd:        0
HugePages_Surp:        0
Hugepagesize:       2048 kB
DirectMap4k:       59816 kB
DirectMap2M:     4028416 kB


CPU:total 2 (2 cores per cpu, 1 threads per core) family 6 model 23 stepping 10, cmov, cx8, fxsr, mmx, sse, sse2, sse3, ssse3, sse4.1, tsc

/proc/cpuinfo:
processor	: 0
vendor_id	: GenuineIntel
cpu family	: 6
model		: 23
model name	: Intel(R) Core(TM)2 Duo CPU     P8700  @ 2.53GHz
stepping	: 10
microcode	: 0xa0c
cpu MHz		: 2534.000
cache size	: 3072 KB
physical id	: 0
siblings	: 2
core id		: 0
cpu cores	: 2
apicid		: 0
initial apicid	: 0
fpu		: yes
fpu_exception	: yes
cpuid level	: 13
wp		: yes
flags		: fpu vme de pse tsc msr pae mce cx8 apic sep mtrr pge mca cmov pat pse36 clflush dts acpi mmx fxsr sse sse2 ss ht tm pbe syscall nx lm constant_tsc arch_perfmon pebs bts nopl aperfmperf pni dtes64 monitor ds_cpl vmx smx est tm2 ssse3 cx16 xtpr pdcm sse4_1 xsave lahf_lm ida dtherm tpr_shadow vnmi flexpriority
bogomips	: 5054.06
clflush size	: 64
cache_alignment	: 64
address sizes	: 36 bits physical, 48 bits virtual
power management:

processor	: 1
vendor_id	: GenuineIntel
cpu family	: 6
model		: 23
model name	: Intel(R) Core(TM)2 Duo CPU     P8700  @ 2.53GHz
stepping	: 10
microcode	: 0xa0c
cpu MHz		: 800.000
cache size	: 3072 KB
physical id	: 0
siblings	: 2
core id		: 1
cpu cores	: 2
apicid		: 1
initial apicid	: 1
fpu		: yes
fpu_exception	: yes
cpuid level	: 13
wp		: yes
flags		: fpu vme de pse tsc msr pae mce cx8 apic sep mtrr pge mca cmov pat pse36 clflush dts acpi mmx fxsr sse sse2 ss ht tm pbe syscall nx lm constant_tsc arch_perfmon pebs bts nopl aperfmperf pni dtes64 monitor ds_cpl vmx smx est tm2 ssse3 cx16 xtpr pdcm sse4_1 xsave lahf_lm ida dtherm tpr_shadow vnmi flexpriority
bogomips	: 5054.06
clflush size	: 64
cache_alignment	: 64
address sizes	: 36 bits physical, 48 bits virtual
power management:



Memory: 4k page, physical 3941520k(1311416k free), swap 4085756k(4085756k free)

vm_info: Java HotSpot(TM) 64-Bit Server VM (24.76-b04) for linux-amd64 JRE (1.7.0_76-b13), built on Dec 18 2014 16:58:39 by "java_re" with gcc 4.3.0 20080428 (Red Hat 4.3.0-8)

time: Tue Mar 24 11:07:09 2015
elapsed time: 26 seconds

