#
# A fatal error has been detected by the Java Runtime Environment:
#
#  SIGSEGV (0xb) at pc=0x00007f729295a51a, pid=9604, tid=140130402371328
#
# JRE version: Java(TM) SE Runtime Environment (7.0_76-b13) (build 1.7.0_76-b13)
# Java VM: Java HotSpot(TM) 64-Bit Server VM (24.76-b04 mixed mode linux-amd64 compressed oops)
# Problematic frame:
# C  [i965_dri.so+0x2fb51a]  __driDriverGetExtensions_i915+0x25c2a
#
# Failed to write core dump. Core dumps have been disabled. To enable core dumping, try "ulimit -c unlimited" before starting Java again
#
# If you would like to submit a bug report, please visit:
#   http://bugreport.java.com/bugreport/crash.jsp
# The crash happened outside the Java Virtual Machine in native code.
# See problematic frame for where to report the bug.
#

---------------  T H R E A D  ---------------

Current thread (0x00007f72dc274800):  JavaThread "AWT-EventQueue-0" [_thread_in_native, id=9635, stack(0x00007f72a6cb0000,0x00007f72a6db1000)]

siginfo:si_signo=SIGSEGV: si_errno=0, si_code=1 (SEGV_MAPERR), si_addr=0x0000000100000000

Registers:
RAX=0x00007f729295a510, RBX=0x00007f72a1448320, RCX=0x0000000000000000, RDX=0x0000000000000001
RSP=0x00007f72a6dae490, RBP=0x0000000000000000, RSI=0x00007f72a1787580, RDI=0x0000000100000000
R8 =0x0000000000000000, R9 =0x00007f72a5c3c710, R10=0x00007f72d90127cc, R11=0x00007f72e2843aa0
R12=0x00007f72ac6f10b0, R13=0x00007f72ac6f0910, R14=0x00007f72ac69e700, R15=0x0000000000000000
RIP=0x00007f729295a51a, EFLAGS=0x0000000000010206, CSGSFS=0x0000000000000033, ERR=0x0000000000000004
  TRAPNO=0x000000000000000e

Top of Stack: (sp=0x00007f72a6dae490)
0x00007f72a6dae490:   0000000000000000 00007f72a1448320
0x00007f72a6dae4a0:   0000000000000000 00007f72ac6f10b0
0x00007f72a6dae4b0:   00007f72ac6f0910 00007f72a5c3c7b2
0x00007f72a6dae4c0:   00007f72a6dae4f0 00007f7200000000
0x00007f72a6dae4d0:   0000000000000000 0000000000000000
0x00007f72a6dae4e0:   0000000002200022 00007f72a5c0db31
0x00007f72a6dae4f0:   00007f72a1448320 0971982035514e00
0x00007f72a6dae500:   0000000002200022 00000000bf926dd8
0x00007f72a6dae510:   00007f72a6dae580 0000000000000000
0x00007f72a6dae520:   00000000bf926dd8 00007f72a6dae650
0x00007f72a6dae530:   00007f72dc274800 00007f72a434a849
0x00007f72a6dae540:   0000000000000000 00007f72a5c0db60
0x00007f72a6dae550:   0000000002200022 00007f72ac6d45c0
0x00007f72a6dae560:   00007f72a6dae618 00007f72dc2749e8
0x00007f72a6dae570:   00000000ece2aed0 00007f72a5c0db60
0x00007f72a6dae580:   00007f72a6dae608 00007f72d90127f8
0x00007f72a6dae590:   00000000bfa5bbb8 0000000000000000
0x00007f72a6dae5a0:   00000000bfa5af90 0000000000000000
0x00007f72a6dae5b0:   00007f72a6dae5c8 00007f72a6dae618
0x00007f72a6dae5c0:   00007f72a6dae5c0 00007f72a6dae5c8
0x00007f72a6dae5d0:   0000000000000000 00007f72a6dae650
0x00007f72a6dae5e0:   00000000bf928d58 0000000000000000
0x00007f72a6dae5f0:   00000000bf926dd8 0000000000000000
0x00007f72a6dae600:   00007f72a6dae628 00007f72a6dae698
0x00007f72a6dae610:   00007f72d9006058 00000000edfe4a68
0x00007f72a6dae620:   00007f72d900ecd8 00007f72a5c0db60
0x00007f72a6dae630:   00000000bf939810 0000000002200022
0x00007f72a6dae640:   00000000bf90b7f8 00007f72ac6d45c0
0x00007f72a6dae650:   00000000edfe4d90 00007f72a6dae658
0x00007f72a6dae660:   00000000bf926d09 00007f72a6dae6d0
0x00007f72a6dae670:   00000000bf928d58 0000000000000000
0x00007f72a6dae680:   00000000bf926d18 00007f72a6dae628 

Instructions: (pc=0x00007f729295a51a)
0x00007f729295a4fa:   ff 58 5a eb 99 90 5b 5d 41 5c c3 66 66 2e 0f 1f
0x00007f729295a50a:   84 00 00 00 00 00 41 55 41 54 55 53 48 83 ec 08
0x00007f729295a51a:   48 8b 1f 48 85 db 74 41 f6 83 40 05 00 00 01 89
0x00007f729295a52a:   cd 41 89 d5 49 89 f4 75 75 41 83 e5 01 75 5f 83 

Register to memory mapping:

RAX=0x00007f729295a510: <offset 0x2fb510> in /usr/lib/x86_64-linux-gnu/dri/i965_dri.so at 0x00007f729265f000
RBX=0x00007f72a1448320 is an unknown value
RCX=0x0000000000000000 is an unknown value
RDX=0x0000000000000001 is an unknown value
RSP=0x00007f72a6dae490 is pointing into the stack for thread: 0x00007f72dc274800
RBP=0x0000000000000000 is an unknown value
RSI=0x00007f72a1787580 is an unknown value
RDI=0x0000000100000000 is an unknown value
R8 =0x0000000000000000 is an unknown value
R9 =0x00007f72a5c3c710: <offset 0x4b710> in /usr/lib/x86_64-linux-gnu/mesa/libGL.so.1 at 0x00007f72a5bf1000
R10=0x00007f72d90127cc is at code_begin+620 in an Interpreter codelet
method entry point (kind = native)  [0x00007f72d9012560, 0x00007f72d9012dc0]  2144 bytes
R11=0x00007f72e2843aa0: <offset 0x8b5aa0> in /usr/lib/jvm/java-7-oracle/jre/lib/amd64/server/libjvm.so at 0x00007f72e1f8e000
R12=0x00007f72ac6f10b0 is an unknown value
R13=0x00007f72ac6f0910 is an unknown value
R14=0x00007f72ac69e700 is an unknown value
R15=0x0000000000000000 is an unknown value


Stack: [0x00007f72a6cb0000,0x00007f72a6db1000],  sp=0x00007f72a6dae490,  free space=1017k
Native frames: (J=compiled Java code, j=interpreted, Vv=VM code, C=native code)
C  [i965_dri.so+0x2fb51a]  __driDriverGetExtensions_i915+0x25c2a

[error occurred during error reporting (printing native stack), id 0xb]

Java frames: (J=compiled Java code, j=interpreted, Vv=VM code)
j  jogamp.opengl.x11.glx.GLX.dispatch_glXSwapBuffers0(JJJ)V+0
j  jogamp.opengl.x11.glx.GLX.glXSwapBuffers(JJ)V+41
j  jogamp.opengl.x11.glx.X11GLXDrawable.swapBuffersImpl(Z)V+17
j  jogamp.opengl.GLDrawableImpl.swapBuffers()V+67
j  javax.media.opengl.awt.GLCanvas$12.run()V+45
j  java.awt.event.InvocationEvent.dispatch()V+11
j  java.awt.EventQueue.dispatchEventImpl(Ljava/awt/AWTEvent;Ljava/lang/Object;)V+21
j  java.awt.EventQueue.access$300(Ljava/awt/EventQueue;Ljava/awt/AWTEvent;Ljava/lang/Object;)V+3
j  java.awt.EventQueue$3.run()Ljava/lang/Void;+12
j  java.awt.EventQueue$3.run()Ljava/lang/Object;+1
v  ~StubRoutines::call_stub
j  java.security.AccessController.doPrivileged(Ljava/security/PrivilegedAction;Ljava/security/AccessControlContext;)Ljava/lang/Object;+0
j  java.security.ProtectionDomain$1.doIntersectionPrivilege(Ljava/security/PrivilegedAction;Ljava/security/AccessControlContext;Ljava/security/AccessControlContext;)Ljava/lang/Object;+28
j  java.awt.EventQueue.dispatchEvent(Ljava/awt/AWTEvent;)V+46
j  java.awt.EventDispatchThread.pumpOneEventForFilters(I)V+245
j  java.awt.EventDispatchThread.pumpEventsForFilter(ILjava/awt/Conditional;Ljava/awt/EventFilter;)V+35
j  java.awt.EventDispatchThread.pumpEventsForHierarchy(ILjava/awt/Conditional;Ljava/awt/Component;)V+11
j  java.awt.EventDispatchThread.pumpEvents(ILjava/awt/Conditional;)V+4
j  java.awt.EventDispatchThread.pumpEvents(Ljava/awt/Conditional;)V+3
j  java.awt.EventDispatchThread.run()V+9
v  ~StubRoutines::call_stub

---------------  P R O C E S S  ---------------

Java Threads: ( => current thread )
  0x00007f72ac18c000 JavaThread "Animation Thread-SharedResourceRunner" daemon [_thread_blocked, id=9649, stack(0x00007f72a689d000,0x00007f72a699e000)]
  0x00007f72ac072800 JavaThread "process reaper" daemon [_thread_blocked, id=9640, stack(0x00007f72d403a000,0x00007f72d4073000)]
  0x00007f72dc00b000 JavaThread "DestroyJavaVM" [_thread_blocked, id=9607, stack(0x00007f72e3905000,0x00007f72e3a06000)]
  0x00007f72dc278800 JavaThread "Animation Thread" [_thread_blocked, id=9636, stack(0x00007f72a6baf000,0x00007f72a6cb0000)]
=>0x00007f72dc274800 JavaThread "AWT-EventQueue-0" [_thread_in_native, id=9635, stack(0x00007f72a6cb0000,0x00007f72a6db1000)]
  0x00007f72dc24b800 JavaThread "AWT-Shutdown" [_thread_blocked, id=9634, stack(0x00007f72a6db1000,0x00007f72a6eb2000)]
  0x00007f72dc1dc000 JavaThread "AWT-XAWT" daemon [_thread_blocked, id=9630, stack(0x00007f72a71b5000,0x00007f72a72b6000)]
  0x00007f72dc1b8800 JavaThread "Java2D Disposer" daemon [_thread_blocked, id=9629, stack(0x00007f72a76c6000,0x00007f72a77c7000)]
  0x00007f72dc126800 JavaThread "Monitor Ctrl-Break" daemon [_thread_in_native, id=9623, stack(0x00007f72d5162000,0x00007f72d5263000)]
  0x00007f72dc097000 JavaThread "Service Thread" daemon [_thread_blocked, id=9621, stack(0x00007f72d566f000,0x00007f72d5770000)]
  0x00007f72dc094800 JavaThread "C2 CompilerThread1" daemon [_thread_blocked, id=9620, stack(0x00007f72d5770000,0x00007f72d5871000)]
  0x00007f72dc091800 JavaThread "C2 CompilerThread0" daemon [_thread_blocked, id=9619, stack(0x00007f72d5871000,0x00007f72d5972000)]
  0x00007f72dc08f000 JavaThread "Signal Dispatcher" daemon [_thread_blocked, id=9618, stack(0x00007f72d5972000,0x00007f72d5a73000)]
  0x00007f72dc06d000 JavaThread "Finalizer" daemon [_thread_blocked, id=9614, stack(0x00007f72d6445000,0x00007f72d6546000)]
  0x00007f72dc06b000 JavaThread "Reference Handler" daemon [_thread_blocked, id=9613, stack(0x00007f72d6546000,0x00007f72d6647000)]

Other Threads:
  0x00007f72dc066800 VMThread [stack: 0x00007f72d6647000,0x00007f72d6748000] [id=9612]
  0x00007f72dc0a1800 WatcherThread [stack: 0x00007f72d556e000,0x00007f72d566f000] [id=9622]

VM state:not at safepoint (normal execution)

VM Mutex/Monitor currently owned by a thread: None

Heap
 PSYoungGen      total 34304K, used 18659K [0x00000000ebe80000, 0x00000000f0180000, 0x0000000100000000)
  eden space 31744K, 50% used [0x00000000ebe80000,0x00000000ece3a4a0,0x00000000edd80000)
  from space 2560K, 99% used [0x00000000edd80000,0x00000000edffe8d0,0x00000000ee000000)
  to   space 2560K, 0% used [0x00000000eff00000,0x00000000eff00000,0x00000000f0180000)
 ParOldGen       total 40960K, used 15952K [0x00000000c3c00000, 0x00000000c6400000, 0x00000000ebe80000)
  object space 40960K, 38% used [0x00000000c3c00000,0x00000000c4b943f0,0x00000000c6400000)
 PSPermGen       total 21504K, used 18477K [0x00000000bea00000, 0x00000000bff00000, 0x00000000c3c00000)
  object space 21504K, 85% used [0x00000000bea00000,0x00000000bfc0b548,0x00000000bff00000)

Card table byte_map: [0x00007f72e09e4000,0x00007f72e0bf0000] byte_map_base: 0x00007f72e03ef000

Polling page: 0x00007f72e3a24000

Code Cache  [0x00007f72d9000000, 0x00007f72d9270000, 0x00007f72dc000000)
 total_blobs=1258 nmethods=370 adapters=842 free_code_cache=47595Kb largest_free_block=48699200

Compilation events (10 events):
Event: 14.328 Thread 0x00007f72dc091800  376             processing.core.PGraphics::blendMode (10 bytes)
Event: 14.330 Thread 0x00007f72dc091800 nmethod 376 0x00007f72d91742d0 code [0x00007f72d9174420, 0x00007f72d91744d8]
Event: 14.335 Thread 0x00007f72dc094800  377             java.awt.AWTEvent::getID (5 bytes)
Event: 14.335 Thread 0x00007f72dc094800 nmethod 377 0x00007f72d9170390 code [0x00007f72d91704c0, 0x00007f72d9170518]
Event: 14.547 Thread 0x00007f72dc091800  378             processing.opengl.PJOGL::useProgram (11 bytes)
Event: 14.547 Thread 0x00007f72dc094800  379             jogamp.opengl.gl4.GL4bcImpl::glUseProgram (50 bytes)
Event: 14.549 Thread 0x00007f72dc091800 nmethod 378 0x00007f72d9182ad0 code [0x00007f72d9182c60, 0x00007f72d9182ea8]
Event: 14.550 Thread 0x00007f72dc094800 nmethod 379 0x00007f72d9184a10 code [0x00007f72d9184ba0, 0x00007f72d9184da8]
Event: 14.551 Thread 0x00007f72dc094800  381             processing.opengl.PShader::hasType (20 bytes)
Event: 14.552 Thread 0x00007f72dc094800 nmethod 381 0x00007f72d918cf50 code [0x00007f72d918d080, 0x00007f72d918d0d8]

GC Heap History (6 events):
Event: 0.976 GC heap before
{Heap before GC invocations=1 (full 0):
 PSYoungGen      total 18432K, used 15806K [0x00000000ebe80000, 0x00000000ed300000, 0x0000000100000000)
  eden space 15872K, 99% used [0x00000000ebe80000,0x00000000ecdef830,0x00000000ece00000)
  from space 2560K, 0% used [0x00000000ed080000,0x00000000ed080000,0x00000000ed300000)
  to   space 2560K, 0% used [0x00000000ece00000,0x00000000ece00000,0x00000000ed080000)
 ParOldGen       total 40960K, used 0K [0x00000000c3c00000, 0x00000000c6400000, 0x00000000ebe80000)
  object space 40960K, 0% used [0x00000000c3c00000,0x00000000c3c00000,0x00000000c6400000)
 PSPermGen       total 21504K, used 12556K [0x00000000bea00000, 0x00000000bff00000, 0x00000000c3c00000)
  object space 21504K, 58% used [0x00000000bea00000,0x00000000bf6432a0,0x00000000bff00000)
Event: 1.000 GC heap after
Heap after GC invocations=1 (full 0):
 PSYoungGen      total 18432K, used 2546K [0x00000000ebe80000, 0x00000000ee280000, 0x0000000100000000)
  eden space 15872K, 0% used [0x00000000ebe80000,0x00000000ebe80000,0x00000000ece00000)
  from space 2560K, 99% used [0x00000000ece00000,0x00000000ed07ca50,0x00000000ed080000)
  to   space 2560K, 0% used [0x00000000ee000000,0x00000000ee000000,0x00000000ee280000)
 ParOldGen       total 40960K, used 1715K [0x00000000c3c00000, 0x00000000c6400000, 0x00000000ebe80000)
  object space 40960K, 4% used [0x00000000c3c00000,0x00000000c3dacce0,0x00000000c6400000)
 PSPermGen       total 21504K, used 12556K [0x00000000bea00000, 0x00000000bff00000, 0x00000000c3c00000)
  object space 21504K, 58% used [0x00000000bea00000,0x00000000bf6432a0,0x00000000bff00000)
}
Event: 2.238 GC heap before
{Heap before GC invocations=2 (full 0):
 PSYoungGen      total 18432K, used 16150K [0x00000000ebe80000, 0x00000000ee280000, 0x0000000100000000)
  eden space 15872K, 85% used [0x00000000ebe80000,0x00000000ecbc8ed8,0x00000000ece00000)
  from space 2560K, 99% used [0x00000000ece00000,0x00000000ed07ca50,0x00000000ed080000)
  to   space 2560K, 0% used [0x00000000ee000000,0x00000000ee000000,0x00000000ee280000)
 ParOldGen       total 40960K, used 1715K [0x00000000c3c00000, 0x00000000c6400000, 0x00000000ebe80000)
  object space 40960K, 4% used [0x00000000c3c00000,0x00000000c3dacce0,0x00000000c6400000)
 PSPermGen       total 21504K, used 17109K [0x00000000bea00000, 0x00000000bff00000, 0x00000000c3c00000)
  object space 21504K, 79% used [0x00000000bea00000,0x00000000bfab57d8,0x00000000bff00000)
Event: 2.278 GC heap after
Heap after GC invocations=2 (full 0):
 PSYoungGen      total 34304K, used 2547K [0x00000000ebe80000, 0x00000000ee280000, 0x0000000100000000)
  eden space 31744K, 0% used [0x00000000ebe80000,0x00000000ebe80000,0x00000000edd80000)
  from space 2560K, 99% used [0x00000000ee000000,0x00000000ee27cfe0,0x00000000ee280000)
  to   space 2560K, 0% used [0x00000000edd80000,0x00000000edd80000,0x00000000ee000000)
 ParOldGen       total 40960K, used 6867K [0x00000000c3c00000, 0x00000000c6400000, 0x00000000ebe80000)
  object space 40960K, 16% used [0x00000000c3c00000,0x00000000c42b4c30,0x00000000c6400000)
 PSPermGen       total 21504K, used 17109K [0x00000000bea00000, 0x00000000bff00000, 0x00000000c3c00000)
  object space 21504K, 79% used [0x00000000bea00000,0x00000000bfab57d8,0x00000000bff00000)
}
Event: 7.414 GC heap before
{Heap before GC invocations=3 (full 0):
 PSYoungGen      total 34304K, used 34291K [0x00000000ebe80000, 0x00000000ee280000, 0x0000000100000000)
  eden space 31744K, 100% used [0x00000000ebe80000,0x00000000edd80000,0x00000000edd80000)
  from space 2560K, 99% used [0x00000000ee000000,0x00000000ee27cfe0,0x00000000ee280000)
  to   space 2560K, 0% used [0x00000000edd80000,0x00000000edd80000,0x00000000ee000000)
 ParOldGen       total 40960K, used 6867K [0x00000000c3c00000, 0x00000000c6400000, 0x00000000ebe80000)
  object space 40960K, 16% used [0x00000000c3c00000,0x00000000c42b4c30,0x00000000c6400000)
 PSPermGen       total 21504K, used 18386K [0x00000000bea00000, 0x00000000bff00000, 0x00000000c3c00000)
  object space 21504K, 85% used [0x00000000bea00000,0x00000000bfbf4ab8,0x00000000bff00000)
Event: 7.439 GC heap after
Heap after GC invocations=3 (full 0):
 PSYoungGen      total 34304K, used 2554K [0x00000000ebe80000, 0x00000000f0180000, 0x0000000100000000)
  eden space 31744K, 0% used [0x00000000ebe80000,0x00000000ebe80000,0x00000000edd80000)
  from space 2560K, 99% used [0x00000000edd80000,0x00000000edffe8d0,0x00000000ee000000)
  to   space 2560K, 0% used [0x00000000eff00000,0x00000000eff00000,0x00000000f0180000)
 ParOldGen       total 40960K, used 15952K [0x00000000c3c00000, 0x00000000c6400000, 0x00000000ebe80000)
  object space 40960K, 38% used [0x00000000c3c00000,0x00000000c4b943f0,0x00000000c6400000)
 PSPermGen       total 21504K, used 18386K [0x00000000bea00000, 0x00000000bff00000, 0x00000000c3c00000)
  object space 21504K, 85% used [0x00000000bea00000,0x00000000bfbf4ab8,0x00000000bff00000)
}

Deoptimization events (10 events):
Event: 3.951 Thread 0x00007f72dc274800 Uncommon trap: reason=class_check action=maybe_recompile pc=0x00007f72d90da1cc method=com.jogamp.common.nio.Buffers.getDirectBufferByteOffset(Ljava/lang/Object;)I @ 42
Event: 4.038 Thread 0x00007f72dc274800 Uncommon trap: reason=class_check action=maybe_recompile pc=0x00007f72d90da1cc method=com.jogamp.common.nio.Buffers.getDirectBufferByteOffset(Ljava/lang/Object;)I @ 42
Event: 4.047 Thread 0x00007f72dc274800 Uncommon trap: reason=class_check action=maybe_recompile pc=0x00007f72d90da1cc method=com.jogamp.common.nio.Buffers.getDirectBufferByteOffset(Ljava/lang/Object;)I @ 42
Event: 6.198 Thread 0x00007f72dc274800 Uncommon trap: reason=null_check action=make_not_entrant pc=0x00007f72d913a994 method=sun.font.FontDesignMetrics.getMetrics(Ljava/awt/Font;Ljava/awt/font/FontRenderContext;)Lsun/font/FontDesignMetrics; @ 54
Event: 6.199 Thread 0x00007f72dc274800 Uncommon trap: reason=null_check action=make_not_entrant pc=0x00007f72d9149568 method=processing.opengl.FontTexture.getTexInfo(Lprocessing/core/PFont$Glyph;)Lprocessing/opengl/FontTexture$TextureInfo; @ 8
Event: 6.201 Thread 0x00007f72dc274800 Uncommon trap: reason=null_check action=make_not_entrant pc=0x00007f72d9140ed4 method=processing.opengl.FontTexture.getTexInfo(Lprocessing/core/PFont$Glyph;)Lprocessing/opengl/FontTexture$TextureInfo; @ 8
Event: 6.220 Thread 0x00007f72dc274800 Uncommon trap: reason=unreached action=reinterpret pc=0x00007f72d9138a3c method=processing.opengl.PGraphicsOpenGL$InGeometry.addVertex(FFFIFFFFFIFIIIFIZ)I @ 218
Event: 6.221 Thread 0x00007f72dc274800 Uncommon trap: reason=unreached action=reinterpret pc=0x00007f72d913e3dc method=processing.opengl.PGraphicsOpenGL$Tessellator.setLastTexIndex(II)V @ 4
Event: 9.929 Thread 0x00007f72dc274800 Uncommon trap: reason=unreached action=reinterpret pc=0x00007f72d915cd3c method=processing.opengl.PGraphicsOpenGL$InGeometry.addVertex(FFFIFFFFFIFIIIFIZ)I @ 243
Event: 13.749 Thread 0x00007f72dc274800 Uncommon trap: reason=predicate action=maybe_recompile pc=0x00007f72d917c8dc method=java.util.Arrays.fill([Ljava/lang/Object;IILjava/lang/Object;)V @ 16

Internal exceptions (10 events):
Event: 2.067 Thread 0x00007f72dc278800 Threw 0x00000000ec835c20 at /HUDSON/workspace/7u-2-build-linux-amd64/jdk7u76/1941/hotspot/src/share/vm/runtime/reflection.cpp:1030
Event: 2.282 Thread 0x00007f72dc06d000 Threw 0x00000000ec0f1520 at /HUDSON/workspace/7u-2-build-linux-amd64/jdk7u76/1941/hotspot/src/share/vm/prims/jvm.cpp:1304
Event: 2.447 Thread 0x00007f72dc274800 Threw 0x00000000ec1429b8 at /HUDSON/workspace/7u-2-build-linux-amd64/jdk7u76/1941/hotspot/src/share/vm/prims/jvm.cpp:1304
Event: 3.501 Thread 0x00007f72dc274800 Threw 0x00000000ec781c18 at /HUDSON/workspace/7u-2-build-linux-amd64/jdk7u76/1941/hotspot/src/share/vm/prims/jvm.cpp:1304
Event: 3.526 Thread 0x00007f72dc274800 Threw 0x00000000ec78f918 at /HUDSON/workspace/7u-2-build-linux-amd64/jdk7u76/1941/hotspot/src/share/vm/prims/jvm.cpp:1304
Event: 3.548 Thread 0x00007f72dc274800 Threw 0x00000000ec799bd8 at /HUDSON/workspace/7u-2-build-linux-amd64/jdk7u76/1941/hotspot/src/share/vm/prims/jvm.cpp:1304
Event: 6.198 Thread 0x00007f72dc274800 Implicit null exception at 0x00007f72d913a436 to 0x00007f72d913a97b
Event: 6.214 Thread 0x00007f72dc274800 Threw 0x00000000ed0684a0 at /HUDSON/workspace/7u-2-build-linux-amd64/jdk7u76/1941/hotspot/src/share/vm/prims/jvm.cpp:1304
Event: 6.221 Thread 0x00007f72dc274800 Implicit null exception at 0x00007f72d913e04b to 0x00007f72d913e3ca
Event: 9.929 Thread 0x00007f72dc274800 Implicit null exception at 0x00007f72d915c687 to 0x00007f72d915cd31

Events (10 events):
Event: 7.414 Executing VM operation: ParallelGCFailedAllocation
Event: 7.439 Executing VM operation: ParallelGCFailedAllocation done
Event: 7.995 loading class 0x00007f72ac565d10
Event: 7.995 loading class 0x00007f72ac565d10 done
Event: 9.929 Thread 0x00007f72dc274800 Uncommon trap: trap_request=0xffffffad fr.pc=0x00007f72d915cd3c
Event: 9.929 Thread 0x00007f72dc274800 DEOPT PACKING pc=0x00007f72d915cd3c sp=0x00007f72a6daded0
Event: 9.929 Thread 0x00007f72dc274800 DEOPT UNPACKING pc=0x00007f72d9039045 sp=0x00007f72a6dade30 mode 2
Event: 13.749 Thread 0x00007f72dc274800 Uncommon trap: trap_request=0xffffff86 fr.pc=0x00007f72d917c8dc
Event: 13.749 Thread 0x00007f72dc274800 DEOPT PACKING pc=0x00007f72d917c8dc sp=0x00007f72a6dae190
Event: 13.749 Thread 0x00007f72dc274800 DEOPT UNPACKING pc=0x00007f72d9039045 sp=0x00007f72a6dae168 mode 2


Dynamic libraries:
00400000-00401000 r-xp 00000000 08:01 6947734                            /usr/lib/jvm/java-7-oracle/bin/java
00600000-00601000 rw-p 00000000 08:01 6947734                            /usr/lib/jvm/java-7-oracle/bin/java
0087b000-0089c000 rw-p 00000000 00:00 0                                  [heap]
bea00000-bff00000 rw-p 00000000 00:00 0 
bff00000-c3c00000 rw-p 00000000 00:00 0 
c3c00000-c6400000 rw-p 00000000 00:00 0 
c6400000-ebe80000 rw-p 00000000 00:00 0 
ebe80000-f0180000 rw-p 00000000 00:00 0 
f0180000-100000000 rw-p 00000000 00:00 0 
7f728fd1e000-7f728fede000 rw-s 1048d7000 00:05 11397                     /dev/dri/card0
7f728fede000-7f729009e000 rw-s 104707000 00:05 11397                     /dev/dri/card0
7f729009e000-7f72900a6000 rw-s 00000000 00:04 93177                      /drm mm object (deleted)
7f72900a6000-7f72900aa000 rw-s 00000000 00:04 93151                      /drm mm object (deleted)
7f72901aa000-7f72901fa000 rw-s 1046b7000 00:05 11397                     /dev/dri/card0
7f72901fa000-7f72901fc000 rw-s 00000000 00:04 93140                      /drm mm object (deleted)
7f72902ec000-7f72902fc000 rw-s 1048c7000 00:05 11397                     /dev/dri/card0
7f72902fc000-7f7290365000 r-xp 00000000 08:01 6948366                    /usr/lib/jvm/java-7-oracle/jre/lib/amd64/libt2k.so
7f7290365000-7f7290564000 ---p 00069000 08:01 6948366                    /usr/lib/jvm/java-7-oracle/jre/lib/amd64/libt2k.so
7f7290564000-7f729056b000 rw-p 00068000 08:01 6948366                    /usr/lib/jvm/java-7-oracle/jre/lib/amd64/libt2k.so
7f729056b000-7f729057b000 rw-p 00000000 00:00 0 
7f729057b000-7f7290598000 r--s 00000000 08:01 4593958                    /usr/share/texmf/fonts/type1/public/lm/lmcsc10.pfb
7f72905af000-7f72905b9000 r--s 00000000 08:01 4982232                    /usr/share/fonts/X11/Type1/c0583bt_.pfb
7f72905b9000-7f72905d3000 r--s 00000000 08:01 7867353                    /usr/share/texmf/fonts/type1/public/tex-gyre/qagbi.pfb
7f72905d3000-7f72905f5000 r--s 00000000 08:01 4593962                    /usr/share/texmf/fonts/type1/public/lm/lmssbo10.pfb
7f72905f5000-7f7290615000 r--s 00000000 08:01 7867348                    /usr/share/texmf/fonts/type1/public/tex-gyre/qcrbi.pfb
7f729062e000-7f7290649000 r--s 00000000 08:01 7867349                    /usr/share/texmf/fonts/type1/public/tex-gyre/qhvr.pfb
7f7290664000-7f729067f000 r--s 00000000 08:01 4593945                    /usr/share/texmf/fonts/type1/public/lm/lmsso10.pfb
7f729067f000-7f72906a1000 r--s 00000000 08:01 4593957                    /usr/share/texmf/fonts/type1/public/lm/lmbxo10.pfb
7f72906a1000-7f72906c1000 r--s 00000000 08:01 7867358                    /usr/share/texmf/fonts/type1/public/tex-gyre/qcsb.pfb
7f72906c1000-7f72906dd000 r--s 00000000 08:01 7867337                    /usr/share/texmf/fonts/type1/public/tex-gyre/qhvb.pfb
7f72906dd000-7f72906f8000 r--s 00000000 08:01 7867363                    /usr/share/texmf/fonts/type1/public/tex-gyre/qhvcbi.pfb
7f72906f8000-7f729071a000 r--s 00000000 08:01 7867350                    /usr/share/texmf/fonts/type1/public/tex-gyre/qplb.pfb
7f729071a000-7f7290735000 r--s 00000000 08:01 7867361                    /usr/share/texmf/fonts/type1/public/tex-gyre/qhvcr.pfb
7f7290735000-7f729074d000 r--s 00000000 08:01 4593936                    /usr/share/texmf/fonts/type1/public/lm/lmss10.pfb
7f729074d000-7f729076d000 r--s 00000000 08:01 7867365                    /usr/share/texmf/fonts/type1/public/tex-gyre/qbkr.pfb
7f729076d000-7f7290787000 r--s 00000000 08:01 7867359                    /usr/share/texmf/fonts/type1/public/tex-gyre/qhvcri.pfb
7f7290787000-7f72907a3000 r--s 00000000 08:01 4593895                    /usr/share/texmf/fonts/type1/public/lm/lmtt10.pfb
7f72907a3000-7f72907c2000 r--s 00000000 08:01 4593922                    /usr/share/texmf/fonts/type1/public/lm/lmvtk10.pfb
7f72907c2000-7f72907dc000 r--s 00000000 08:01 7867342                    /usr/share/texmf/fonts/type1/public/tex-gyre/qzcmi.pfb
7f72907ef000-7f729080d000 r--s 00000000 08:01 4593892                    /usr/share/texmf/fonts/type1/public/lm/lmr10.pfb
7f7290823000-7f729083e000 r--s 00000000 08:01 4593919                    /usr/share/texmf/fonts/type1/public/lm/lmtcsc10.pfb
7f729088d000-7f72908ab000 r--s 00000000 08:01 4593939                    /usr/share/texmf/fonts/type1/public/lm/lmbx10.pfb
7f72908d2000-7f72908f3000 r--s 00000000 08:01 4593901                    /usr/share/texmf/fonts/type1/public/lm/lmvtto10.pfb
7f72908f3000-7f729090f000 r--s 00000000 08:01 4593961                    /usr/share/texmf/fonts/type1/public/lm/lmbxi10.pfb
7f729090f000-7f729092a000 r--s 00000000 08:01 4593966                    /usr/share/texmf/fonts/type1/public/lm/lmtlc10.pfb
7f729092a000-7f729094e000 r--s 00000000 08:01 4593904                    /usr/share/texmf/fonts/type1/public/lm/lmduno10.pfb
7f729094e000-7f729096f000 r--s 00000000 08:01 4593937                    /usr/share/texmf/fonts/type1/public/lm/lmcsco10.pfb
7f729098b000-7f72909a6000 r--s 00000000 08:01 7867335                    /usr/share/texmf/fonts/type1/public/tex-gyre/qhvri.pfb
7f72909ba000-7f72909d6000 r--s 00000000 08:01 4593969                    /usr/share/texmf/fonts/type1/public/lm/lmri10.pfb
7f72909f8000-7f7290a1a000 r--s 00000000 08:01 7867357                    /usr/share/texmf/fonts/type1/public/tex-gyre/qplr.pfb
7f7290a44000-7f7290a61000 r--s 00000000 08:01 4593926                    /usr/share/texmf/fonts/type1/public/lm/lmssq8.pfb
7f7290a6a000-7f7290a86000 r--s 00000000 08:01 7867347                    /usr/share/texmf/fonts/type1/public/tex-gyre/qhvcb.pfb
7f7290a86000-7f7290aa5000 r--s 00000000 08:01 7867352                    /usr/share/texmf/fonts/type1/public/tex-gyre/qcrri.pfb
7f7290ad6000-7f7290af5000 r--s 00000000 08:01 4593980                    /usr/share/texmf/fonts/type1/public/lm/lmssqbo8.pfb
7f7290af5000-7f7290b12000 r--s 00000000 08:01 4593959                    /usr/share/texmf/fonts/type1/public/lm/lmtk10.pfb
7f7290b23000-7f7290b41000 r--s 00000000 08:01 4593915                    /usr/share/texmf/fonts/type1/public/lm/lmvtl10.pfb
7f7290b51000-7f7290b70000 r--s 00000000 08:01 4593890                    /usr/share/texmf/fonts/type1/public/lm/lmdunh10.pfb
7f7290b70000-7f7290b8b000 r--s 00000000 08:01 7867344                    /usr/share/texmf/fonts/type1/public/tex-gyre/qagr.pfb
7f7290b9e000-7f7290ba8000 r--s 00000000 08:01 4982230                    /usr/share/fonts/X11/Type1/c0582bt_.pfb
7f7290ba8000-7f7290bc9000 r--s 00000000 08:01 7867336                    /usr/share/texmf/fonts/type1/public/tex-gyre/qtmr.pfb
7f7290bc9000-7f7290bec000 r--s 00000000 08:01 7867346                    /usr/share/texmf/fonts/type1/public/tex-gyre/qplbi.pfb
7f7290bf5000-7f7290c17000 r--s 00000000 08:01 4593976                    /usr/share/texmf/fonts/type1/public/lm/lmvtlo10.pfb
7f7290c17000-7f7290c37000 r--s 00000000 08:01 4593974                    /usr/share/texmf/fonts/type1/public/lm/lmtcso10.pfb
7f7290c37000-7f7290c58000 r--s 00000000 08:01 7867341                    /usr/share/texmf/fonts/type1/public/tex-gyre/qtmb.pfb
7f7290c58000-7f7290c66000 r--s 00000000 08:01 3286442                    /var/cache/fontconfig/6aa41aa22e18b8fa06a12da28ea9c28b-le64.cache-4
7f7290c66000-7f7290c71000 r--s 00000000 08:01 3279217                    /var/cache/fontconfig/945677eb7aeaf62f1d50efc3fb3ec7d8-le64.cache-4
7f7290c71000-7f7290c73000 r--s 00000000 08:01 3282348                    /var/cache/fontconfig/99e8ed0e538f840c565b6ed5dad60d56-le64.cache-4
7f7290c73000-7f7290c7c000 r--s 00000000 08:01 3282335                    /var/cache/fontconfig/a6d8cf8e4ec09cdbc8633c31745a07dd-le64.cache-4
7f7290c7c000-7f7290c82000 r--s 00000000 08:01 3282284                    /var/cache/fontconfig/2cd17615ca594fa2959ae173292e504c-le64.cache-4
7f7290c82000-7f7290c83000 r--s 00000000 08:01 3282189                    /var/cache/fontconfig/e7071f4a29fa870f4323321c154eba04-le64.cache-4
7f7290c83000-7f7290c84000 r--s 00000000 08:01 3282120                    /var/cache/fontconfig/0d8c3b2ac0904cb8a57a757ad11a4a08-le64.cache-4
7f7290c84000-7f7290c8b000 r--s 00000000 08:01 3281923                    /var/cache/fontconfig/a755afe4a08bf5b97852ceb7400b47bc-le64.cache-4
7f7290c8b000-7f7290c95000 r--s 00000000 08:01 3280310                    /var/cache/fontconfig/a6354e3ac43af67bd8d7b8e43c34e49f-le64.cache-4
7f7290c95000-7f7290c96000 r--s 00000000 08:01 3281212                    /var/cache/fontconfig/1ac9eb803944fde146138c791f5cc56a-le64.cache-4
7f7290c96000-7f7290c9a000 r--s 00000000 08:01 3281037                    /var/cache/fontconfig/385c0604a188198f04d133e54aba7fe7-le64.cache-4
7f7290c9a000-7f7290c9b000 r--s 00000000 08:01 3280793                    /var/cache/fontconfig/dc05db6664285cc2f12bf69c139ae4c3-le64.cache-4
7f7290c9b000-7f7290c9d000 r--s 00000000 08:01 3280682                    /var/cache/fontconfig/767a8244fc0220cfb567a839d0392e0b-le64.cache-4
7f7290c9d000-7f7290c9e000 r--s 00000000 08:01 3280257                    /var/cache/fontconfig/4794a0821666d79190d59a36cb4f44b5-le64.cache-4
7f7290c9e000-7f7290ca3000 r--s 00000000 08:01 3280256                    /var/cache/fontconfig/8801497958630a81b71ace7c5f9b32a8-le64.cache-4
7f7290ca3000-7f7290cde000 r--s 00000000 08:01 3280217                    /var/cache/fontconfig/365b55f210c0a22e9a19e35191240f32-le64.cache-4
7f7290cde000-7f7290ce2000 r--s 00000000 08:01 3280212                    /var/cache/fontconfig/c57959a16110560c8d0fcea73374aeeb-le64.cache-4
7f7290ce2000-7f7290ce9000 r--s 00000000 08:01 3280205                    /var/cache/fontconfig/3047814df9a2f067bd2d96a2b9c36e5a-le64.cache-4
7f7290ce9000-7f7290cea000 r--s 00000000 08:01 3280204                    /var/cache/fontconfig/56cf4f4769d0f4abc89a4895d7bd3ae1-le64.cache-4
7f7290cea000-7f7290cf3000 r--s 00000000 08:01 3279955                    /var/cache/fontconfig/52f7bdb7ce746bfd7eaa1985bd9cfa93-le64.cache-4
7f7290cf3000-7f7290d06000 r--s 00000000 08:01 3279796                    /var/cache/fontconfig/d52a8644073d54c13679302ca1180695-le64.cache-4
7f7290d06000-7f7290d0f000 r--s 00000000 08:01 3279615                    /var/cache/fontconfig/3f7329c5293ffd510edef78f73874cfd-le64.cache-4
7f7290d0f000-7f7290d30000 r--s 00000000 08:01 3286440                    /var/cache/fontconfig/e13b20fdb08344e0e664864cc2ede53d-le64.cache-4
7f7290d30000-7f7290d4e000 r--s 00000000 08:01 3279769                    /var/cache/fontconfig/467c019e582ee353435ea5c21d137ef6-le64.cache-4
7f7290d4e000-7f7290d4f000 rw-s 00000000 00:04 93139                      /drm mm object (deleted)
7f7290d4f000-7f7290d6e000 r--s 00000000 08:01 4593898                    /usr/share/texmf/fonts/type1/public/lm/lmb10.pfb
7f7290d6e000-7f7290d8d000 r--s 00000000 08:01 4593967                    /usr/share/texmf/fonts/type1/public/lm/lmtlo10.pfb
7f7290ddc000-7f7290df6000 r--s 00000000 08:01 4593910                    /usr/share/texmf/fonts/type1/public/lm/lmtl10.pfb
7f7290e06000-7f7290e20000 r--s 00000000 08:01 7867366                    /usr/share/texmf/fonts/type1/public/tex-gyre/qhvbi.pfb
7f7290e20000-7f7290e43000 r--s 00000000 08:01 4593940                    /usr/share/texmf/fonts/type1/public/lm/lmtko10.pfb
7f7290e43000-7f7290e63000 r--s 00000000 08:01 7867351                    /usr/share/texmf/fonts/type1/public/tex-gyre/qbkb.pfb
7f7290e7e000-7f7290ea0000 r--s 00000000 08:01 4593914                    /usr/share/texmf/fonts/type1/public/lm/lmbo10.pfb
7f7290ea0000-7f7290ebd000 r--s 00000000 08:01 4593948                    /usr/share/texmf/fonts/type1/public/lm/lmssqbx8.pfb
7f7290ebd000-7f7290ede000 r--s 00000000 08:01 7867364                    /usr/share/texmf/fonts/type1/public/tex-gyre/qbkri.pfb
7f7290ede000-7f7290eff000 r--s 00000000 08:01 4593918                    /usr/share/texmf/fonts/type1/public/lm/lmro10.pfb
7f7290f18000-7f7290f38000 r--s 00000000 08:01 4593947                    /usr/share/texmf/fonts/type1/public/lm/lmssqo8.pfb
7f7290f38000-7f7290f5a000 r--s 00000000 08:01 4593907                    /usr/share/texmf/fonts/type1/public/lm/lmtlco10.pfb
7f7290f5a000-7f7290f73000 r--s 00000000 08:01 7867339                    /usr/share/texmf/fonts/type1/public/tex-gyre/qagri.pfb
7f7290f73000-7f7290f92000 r--s 00000000 08:01 4593896                    /usr/share/texmf/fonts/type1/public/lm/lmtto10.pfb
7f7290f92000-7f7290fb7000 r--s 00000000 08:01 4593932                    /usr/share/texmf/fonts/type1/public/lm/lmvtko10.pfb
7f7290fb7000-7f7290fd5000 r--s 00000000 08:01 4593934                    /usr/share/texmf/fonts/type1/public/lm/lmssbx10.pfb
7f7290fd5000-7f7290ff5000 r--s 00000000 08:01 7867338                    /usr/share/texmf/fonts/type1/public/tex-gyre/qtmbi.pfb
7f7290ff5000-7f7290fff000 r--s 00000000 08:01 4982234                    /usr/share/fonts/X11/Type1/c0611bt_.pfb
7f729102d000-7f729104d000 r--s 00000000 08:01 7867354                    /usr/share/texmf/fonts/type1/public/tex-gyre/qtmri.pfb
7f729104d000-7f729106e000 r--s 00000000 08:01 7867356                    /usr/share/texmf/fonts/type1/public/tex-gyre/qcsbi.pfb
7f729106e000-7f729108b000 r--s 00000000 08:01 4593938                    /usr/share/texmf/fonts/type1/public/lm/lmvtt10.pfb
7f729108b000-7f72910ab000 r--s 00000000 08:01 7867343                    /usr/share/texmf/fonts/type1/public/tex-gyre/qbkbi.pfb
7f72910ab000-7f72910c7000 r--s 00000000 08:01 7867355                    /usr/share/texmf/fonts/type1/public/tex-gyre/qagb.pfb
7f72910c7000-7f72910e7000 r--s 00000000 08:01 7867362                    /usr/share/texmf/fonts/type1/public/tex-gyre/qcrb.pfb
7f72910e7000-7f7291100000 r--s 00000000 08:01 4593949                    /usr/share/texmf/fonts/type1/public/lm/lmtti10.pfb
7f7291100000-7f7291120000 r--s 00000000 08:01 7867345                    /usr/share/texmf/fonts/type1/public/tex-gyre/qcsri.pfb
7f7291132000-7f729114e000 r--s 00000000 08:01 4593909                    /usr/share/texmf/fonts/type1/public/lm/lmu10.pfb
7f729114e000-7f729116b000 r--s 00000000 08:01 4593971                    /usr/share/texmf/fonts/type1/public/lm/lmssdc10.pfb
7f729119f000-7f72911a9000 r--s 00000000 08:01 4982228                    /usr/share/fonts/X11/Type1/c0419bt_.pfb
7f72911bb000-7f72911dd000 r--s 00000000 08:01 7867360                    /usr/share/texmf/fonts/type1/public/tex-gyre/qplri.pfb
7f72911e9000-7f7291208000 r--s 00000000 08:01 7867334                    /usr/share/texmf/fonts/type1/public/tex-gyre/qcrr.pfb
7f7291208000-7f7291228000 r--s 00000000 08:01 7867340                    /usr/share/texmf/fonts/type1/public/tex-gyre/qcsr.pfb
7f7291228000-7f729124a000 r--s 00000000 08:01 4593894                    /usr/share/texmf/fonts/type1/public/lm/lmssdo10.pfb
7f729124a000-7f7291255000 r--s 00000000 08:01 7870383                    /usr/share/texlive/texmf-dist/fonts/type1/urw/bookman/ubkdi8a.pfb
7f729126c000-7f7291276000 r--s 00000000 08:01 7870304                    /usr/share/texlive/texmf-dist/fonts/type1/adobe/utopia/putri8a.pfb
7f7291296000-7f72912a3000 r--s 00000000 08:01 7870375                    /usr/share/texlive/texmf-dist/fonts/type1/urw/palatino/uplb8a.pfb
7f72912b0000-7f72912b9000 r--s 00000000 08:01 7870352                    /usr/share/texlive/texmf-dist/fonts/type1/urw/avantgar/uagdo8a.pfb
7f72912c5000-7f72912cf000 r--s 00000000 08:01 7870356                    /usr/share/texlive/texmf-dist/fonts/type1/urw/helvetic/uhvb8ac.pfb
7f72912ef000-7f72912fa000 r--s 00000000 08:01 7870390                    /usr/share/texlive/texmf-dist/fonts/type1/urw/bookman/ubkd8a.pfb
7f72912fa000-7f7291304000 r--s 00000000 08:01 7870357                    /usr/share/texlive/texmf-dist/fonts/type1/urw/helvetic/uhvbo8ac.pfb
7f7291304000-7f729130d000 r--s 00000000 08:01 7870307                    /usr/share/texlive/texmf-dist/fonts/type1/adobe/utopia/putr8a.pfb
7f729130d000-7f7291316000 r--s 00000000 08:01 7870347                    /usr/share/texlive/texmf-dist/fonts/type1/urw/avantgar/uagko8a.pfb
7f7291316000-7f729131f000 r--s 00000000 08:01 7870102                    /usr/share/texlive/texmf-dist/fonts/type1/bitstrea/charter/bchbi8a.pfb
7f729131f000-7f729132c000 r--s 00000000 08:01 7870374                    /usr/share/texlive/texmf-dist/fonts/type1/urw/palatino/uplr8a.pfb
7f729132c000-7f7291339000 r--s 00000000 08:01 7870338                    /usr/share/texlive/texmf-dist/fonts/type1/urw/zapfchan/uzcmi8a.pfb
7f7291339000-7f7291342000 r--s 00000000 08:01 7870101                    /usr/share/texlive/texmf-dist/fonts/type1/bitstrea/charter/bchri8a.pfb
7f7291342000-7f729134c000 r--s 00000000 08:01 7870359                    /usr/share/texlive/texmf-dist/fonts/type1/urw/helvetic/uhvro8ac.pfb
7f7291363000-7f729136f000 r--s 00000000 08:01 7870311                    /usr/share/texlive/texmf-dist/fonts/type1/urw/ncntrsbk/uncb8a.pfb
7f729136f000-7f7291378000 r--s 00000000 08:01 7870104                    /usr/share/texlive/texmf-dist/fonts/type1/bitstrea/charter/bchb8a.pfb
7f7291378000-7f7291383000 r--s 00000000 08:01 7870387                    /usr/share/texlive/texmf-dist/fonts/type1/urw/bookman/ubkli8a.pfb
7f7291383000-7f729138f000 r--s 00000000 08:01 7870317                    /usr/share/texlive/texmf-dist/fonts/type1/urw/ncntrsbk/uncri8a.pfb
7f729138f000-7f729139c000 r--s 00000000 08:01 7870380                    /usr/share/texlive/texmf-dist/fonts/type1/urw/palatino/uplbi8a.pfb
7f729139c000-7f72913a8000 r--s 00000000 08:01 7870316                    /usr/share/texlive/texmf-dist/fonts/type1/urw/ncntrsbk/uncbi8a.pfb
7f72913a8000-7f72913b1000 r--s 00000000 08:01 7870349                    /usr/share/texlive/texmf-dist/fonts/type1/urw/avantgar/uagd8a.pfb
7f72913c1000-7f72913ca000 r--s 00000000 08:01 7870103                    /usr/share/texlive/texmf-dist/fonts/type1/bitstrea/charter/bchr8a.pfb
7f72913ca000-7f72913d5000 r--s 00000000 08:01 7870389                    /usr/share/texlive/texmf-dist/fonts/type1/urw/bookman/ubkl8a.pfb
7f72913d5000-7f72913de000 r--s 00000000 08:01 7870367                    /usr/share/texlive/texmf-dist/fonts/type1/urw/helvetic/uhvr8ac.pfb
7f72913de000-7f72913ea000 r--s 00000000 08:01 7870310                    /usr/share/texlive/texmf-dist/fonts/type1/urw/ncntrsbk/uncr8a.pfb
7f7291402000-7f729140e000 r--s 00000000 08:01 7870340                    /usr/share/texlive/texmf-dist/fonts/type1/urw/zapfding/uzdr.pfb
7f729140e000-7f7291418000 r--s 00000000 08:01 7870305                    /usr/share/texlive/texmf-dist/fonts/type1/adobe/utopia/putbi8a.pfb
7f7291425000-7f729142e000 r--s 00000000 08:01 7870353                    /usr/share/texlive/texmf-dist/fonts/type1/urw/avantgar/uagk8a.pfb
7f729142e000-7f729143b000 r--s 00000000 08:01 7870378                    /usr/share/texlive/texmf-dist/fonts/type1/urw/palatino/uplri8a.pfb
7f7291444000-7f729144d000 r--s 00000000 08:01 7870306                    /usr/share/texlive/texmf-dist/fonts/type1/adobe/utopia/putb8a.pfb
7f7291458000-7f7291459000 rw-p 00000000 00:00 0 
7f7291459000-7f729145f000 r--s 00000000 08:01 3280028                    /var/cache/fontconfig/b47c4e1ecd0709278f4910c18777a504-le64.cache-4
7f729145f000-7f7291474000 r--s 00000000 08:01 3279078                    /var/cache/fontconfig/da82082e1ef13c4097208324d67c180c-le64.cache-4
7f7291474000-7f7291485000 r--s 00000000 08:01 4982985                    /usr/share/fonts/type1/gsfonts/n019023l.pfb
7f7291485000-7f7291495000 r--s 00000000 08:01 7870301                    /usr/share/texlive/texmf-dist/fonts/type1/adobe/courier/pcrb8a.pfb
7f7291495000-7f72914ae000 r--s 00000000 08:01 4983018                    /usr/share/fonts/type1/gsfonts/n022004l.pfb
7f72914ae000-7f72914bf000 r--s 00000000 08:01 4982988                    /usr/share/fonts/type1/gsfonts/n019024l.pfb
7f72914bf000-7f72914d1000 r--s 00000000 08:01 4982982                    /usr/share/fonts/type1/gsfonts/n019004l.pfb
7f72914d1000-7f72914e7000 r--s 00000000 08:01 4983024                    /usr/share/fonts/type1/gsfonts/n022024l.pfb
7f72914e7000-7f72914fd000 r--s 00000000 08:01 4983021                    /usr/share/fonts/type1/gsfonts/n022023l.pfb
7f72914fd000-7f7291511000 r--s 00000000 08:01 4982979                    /usr/share/fonts/type1/gsfonts/n019003l.pfb
7f7291511000-7f729152a000 r--s 00000000 08:01 4983006                    /usr/share/fonts/type1/gsfonts/n021004l.pfb
7f729152a000-7f7291542000 r--s 00000000 08:01 4983015                    /usr/share/fonts/type1/gsfonts/n022003l.pfb
7f7291542000-7f7291551000 r--s 00000000 08:01 7870299                    /usr/share/texlive/texmf-dist/fonts/type1/adobe/courier/pcrro8a.pfb
7f7291551000-7f729156a000 r--s 00000000 08:01 4983003                    /usr/share/fonts/type1/gsfonts/n021003l.pfb
7f729156a000-7f7291581000 r--s 00000000 08:01 4983009                    /usr/share/fonts/type1/gsfonts/n021023l.pfb
7f7291581000-7f72915e6000 r-xp 00000000 08:01 6948346                    /usr/lib/jvm/java-7-oracle/jre/lib/amd64/libfontmanager.so
7f72915e6000-7f72917e5000 ---p 00065000 08:01 6948346                    /usr/lib/jvm/java-7-oracle/jre/lib/amd64/libfontmanager.so
7f72917e5000-7f72917e9000 rw-p 00064000 08:01 6948346                    /usr/lib/jvm/java-7-oracle/jre/lib/amd64/libfontmanager.so
7f72917e9000-7f72917fa000 rw-p 00000000 00:00 0 
7f72917fa000-7f7291afa000 rw-s 103ae0000 00:05 11397                     /dev/dri/card0
7f7291afa000-7f7291dfa000 rw-s 1037e0000 00:05 11397                     /dev/dri/card0
7f7291dfa000-7f7291dfc000 r-xp 00000000 08:01 4200840                    /usr/lib/x86_64-linux-gnu/libXinerama.so.1.0.0
7f7291dfc000-7f7291ffb000 ---p 00002000 08:01 4200840                    /usr/lib/x86_64-linux-gnu/libXinerama.so.1.0.0
7f7291ffb000-7f7291ffc000 r--p 00001000 08:01 4200840                    /usr/lib/x86_64-linux-gnu/libXinerama.so.1.0.0
7f7291ffc000-7f7291ffd000 rw-p 00002000 08:01 4200840                    /usr/lib/x86_64-linux-gnu/libXinerama.so.1.0.0
7f7291ffd000-7f7292034000 r-xp 00000000 08:01 4201676                    /usr/lib/x86_64-linux-gnu/libtxc_dxtn_s2tc.so.0.0.0
7f7292034000-7f7292233000 ---p 00037000 08:01 4201676                    /usr/lib/x86_64-linux-gnu/libtxc_dxtn_s2tc.so.0.0.0
7f7292233000-7f7292234000 r--p 00036000 08:01 4201676                    /usr/lib/x86_64-linux-gnu/libtxc_dxtn_s2tc.so.0.0.0
7f7292234000-7f7292235000 rw-p 00037000 08:01 4201676                    /usr/lib/x86_64-linux-gnu/libtxc_dxtn_s2tc.so.0.0.0
7f7292235000-7f729223d000 r-xp 00000000 08:01 4200389                    /usr/lib/x86_64-linux-gnu/libpciaccess.so.0.11.1
7f729223d000-7f729243c000 ---p 00008000 08:01 4200389                    /usr/lib/x86_64-linux-gnu/libpciaccess.so.0.11.1
7f729243c000-7f729243d000 r--p 00007000 08:01 4200389                    /usr/lib/x86_64-linux-gnu/libpciaccess.so.0.11.1
7f729243d000-7f729243e000 rw-p 00008000 08:01 4200389                    /usr/lib/x86_64-linux-gnu/libpciaccess.so.0.11.1
7f729243e000-7f729245e000 r-xp 00000000 08:01 4200164                    /usr/lib/x86_64-linux-gnu/libdrm_intel.so.1.0.0
7f729245e000-7f729265d000 ---p 00020000 08:01 4200164                    /usr/lib/x86_64-linux-gnu/libdrm_intel.so.1.0.0
7f729265d000-7f729265e000 r--p 0001f000 08:01 4200164                    /usr/lib/x86_64-linux-gnu/libdrm_intel.so.1.0.0
7f729265e000-7f729265f000 rw-p 00020000 08:01 4200164                    /usr/lib/x86_64-linux-gnu/libdrm_intel.so.1.0.0
7f729265f000-7f7292b7b000 r-xp 00000000 08:01 4457348                    /usr/lib/x86_64-linux-gnu/dri/i965_dri.so
7f7292b7b000-7f7292d7a000 ---p 0051c000 08:01 4457348                    /usr/lib/x86_64-linux-gnu/dri/i965_dri.so
7f7292d7a000-7f7292d96000 r--p 0051b000 08:01 4457348                    /usr/lib/x86_64-linux-gnu/dri/i965_dri.so
7f7292d96000-7f7292d9c000 rw-p 00537000 08:01 4457348                    /usr/lib/x86_64-linux-gnu/dri/i965_dri.so
7f7292d9c000-7f7292da7000 rw-p 00000000 00:00 0 
7f7292da7000-7f7292e13000 r-xp 00000000 08:01 6423524                    /lib/x86_64-linux-gnu/libpcre.so.3.13.1
7f7292e13000-7f7293012000 ---p 0006c000 08:01 6423524                    /lib/x86_64-linux-gnu/libpcre.so.3.13.1
7f7293012000-7f7293013000 r--p 0006b000 08:01 6423524                    /lib/x86_64-linux-gnu/libpcre.so.3.13.1
7f7293013000-7f7293014000 rw-p 0006c000 08:01 6423524                    /lib/x86_64-linux-gnu/libpcre.so.3.13.1
7f7293014000-7f7293035000 r-xp 00000000 08:01 6423523                    /lib/x86_64-linux-gnu/libselinux.so.1
7f7293035000-7f7293234000 ---p 00021000 08:01 6423523                    /lib/x86_64-linux-gnu/libselinux.so.1
7f7293234000-7f7293235000 r--p 00020000 08:01 6423523                    /lib/x86_64-linux-gnu/libselinux.so.1
7f7293235000-7f7293236000 rw-p 00021000 08:01 6423523                    /lib/x86_64-linux-gnu/libselinux.so.1
7f7293236000-7f7293238000 rw-p 00000000 00:00 0 
7f7293238000-7f7293248000 r-xp 00000000 08:01 6422591                    /lib/x86_64-linux-gnu/libudev.so.1.4.0
7f7293248000-7f7293448000 ---p 00010000 08:01 6422591                    /lib/x86_64-linux-gnu/libudev.so.1.4.0
7f7293448000-7f7293449000 r--p 00010000 08:01 6422591                    /lib/x86_64-linux-gnu/libudev.so.1.4.0
7f7293449000-7f729344a000 rw-p 00011000 08:01 6422591                    /lib/x86_64-linux-gnu/libudev.so.1.4.0
7f729344a000-7f729346f000 r-xp 00000000 08:01 6422595                    /lib/x86_64-linux-gnu/libtinfo.so.5.9
7f729346f000-7f729366e000 ---p 00025000 08:01 6422595                    /lib/x86_64-linux-gnu/libtinfo.so.5.9
7f729366e000-7f7293672000 r--p 00024000 08:01 6422595                    /lib/x86_64-linux-gnu/libtinfo.so.5.9
7f7293672000-7f7293673000 rw-p 00028000 08:01 6422595                    /lib/x86_64-linux-gnu/libtinfo.so.5.9
7f7293673000-7f729369c000 r-xp 00000000 08:01 4196960                    /usr/lib/x86_64-linux-gnu/libedit.so.2.0.51
7f729369c000-7f729389c000 ---p 00029000 08:01 4196960                    /usr/lib/x86_64-linux-gnu/libedit.so.2.0.51
7f729389c000-7f729389e000 r--p 00029000 08:01 4196960                    /usr/lib/x86_64-linux-gnu/libedit.so.2.0.51
7f729389e000-7f729389f000 rw-p 0002b000 08:01 4196960                    /usr/lib/x86_64-linux-gnu/libedit.so.2.0.51
7f729389f000-7f72938a2000 rw-p 00000000 00:00 0 
7f72938a2000-7f72938ba000 r-xp 00000000 08:01 6426683                    /lib/x86_64-linux-gnu/libz.so.1.2.8
7f72938ba000-7f7293ab9000 ---p 00018000 08:01 6426683                    /lib/x86_64-linux-gnu/libz.so.1.2.8
7f7293ab9000-7f7293aba000 r--p 00017000 08:01 6426683                    /lib/x86_64-linux-gnu/libz.so.1.2.8
7f7293aba000-7f7293abb000 rw-p 00018000 08:01 6426683                    /lib/x86_64-linux-gnu/libz.so.1.2.8
7f7293abb000-7f7293ad1000 r-xp 00000000 08:01 6422820                    /lib/x86_64-linux-gnu/libgcc_s.so.1
7f7293ad1000-7f7293cd0000 ---p 00016000 08:01 6422820                    /lib/x86_64-linux-gnu/libgcc_s.so.1
7f7293cd0000-7f7293cd1000 r--p 00015000 08:01 6422820                    /lib/x86_64-linux-gnu/libgcc_s.so.1
7f7293cd1000-7f7293cd2000 rw-p 00016000 08:01 6422820                    /lib/x86_64-linux-gnu/libgcc_s.so.1
7f7293cd2000-7f7293dc2000 r-xp 00000000 08:01 4194403                    /usr/lib/x86_64-linux-gnu/libstdc++.so.6.0.20
7f7293dc2000-7f7293fc2000 ---p 000f0000 08:01 4194403                    /usr/lib/x86_64-linux-gnu/libstdc++.so.6.0.20
7f7293fc2000-7f7293fca000 r--p 000f0000 08:01 4194403                    /usr/lib/x86_64-linux-gnu/libstdc++.so.6.0.20
7f7293fca000-7f7293fcc000 rw-p 000f8000 08:01 4194403                    /usr/lib/x86_64-linux-gnu/libstdc++.so.6.0.20
7f7293fcc000-7f7293fe1000 rw-p 00000000 00:00 0 
7f7293fe1000-7f7295b63000 r-xp 00000000 08:01 4196962                    /usr/lib/x86_64-linux-gnu/libLLVM-3.5.so.1
7f7295b63000-7f7295d30000 r--p 01b81000 08:01 4196962                    /usr/lib/x86_64-linux-gnu/libLLVM-3.5.so.1
7f7295d30000-7f7295d36000 rw-p 01d4e000 08:01 4196962                    /usr/lib/x86_64-linux-gnu/libLLVM-3.5.so.1
7f7295d36000-7f7295d4c000 rw-p 00000000 00:00 0 
7f7295d4c000-7f7295d58000 r-xp 00000000 08:01 4196232                    /usr/lib/x86_64-linux-gnu/libdrm_radeon.so.1.0.1
7f7295d58000-7f7295f57000 ---p 0000c000 08:01 4196232                    /usr/lib/x86_64-linux-gnu/libdrm_radeon.so.1.0.1
7f7295f57000-7f7295f58000 r--p 0000b000 08:01 4196232                    /usr/lib/x86_64-linux-gnu/libdrm_radeon.so.1.0.1
7f7295f58000-7f7295f59000 rw-p 0000c000 08:01 4196232                    /usr/lib/x86_64-linux-gnu/libdrm_radeon.so.1.0.1
7f7295f59000-7f7295f6e000 r-xp 00000000 08:01 4194653                    /usr/lib/x86_64-linux-gnu/libelf-0.160.so
7f7295f6e000-7f729616d000 ---p 00015000 08:01 4194653                    /usr/lib/x86_64-linux-gnu/libelf-0.160.so
7f729616d000-7f729616e000 r--p 00014000 08:01 4194653                    /usr/lib/x86_64-linux-gnu/libelf-0.160.so
7f729616e000-7f729616f000 rw-p 00015000 08:01 4194653                    /usr/lib/x86_64-linux-gnu/libelf-0.160.so
7f729616f000-7f7296175000 r-xp 00000000 08:01 4196408                    /usr/lib/x86_64-linux-gnu/libdrm_nouveau.so.2.0.0
7f7296175000-7f7296374000 ---p 00006000 08:01 4196408                    /usr/lib/x86_64-linux-gnu/libdrm_nouveau.so.2.0.0
7f7296374000-7f7296375000 r--p 00005000 08:01 4196408                    /usr/lib/x86_64-linux-gnu/libdrm_nouveau.so.2.0.0
7f7296375000-7f7296376000 rw-p 00006000 08:01 4196408                    /usr/lib/x86_64-linux-gnu/libdrm_nouveau.so.2.0.0
7f7296376000-7f729637d000 r-xp 00000000 08:01 4457075                    /usr/lib/x86_64-linux-gnu/mesa-egl/libOpenVG.so.1.0.0
7f729637d000-7f729657c000 ---p 00007000 08:01 4457075                    /usr/lib/x86_64-linux-gnu/mesa-egl/libOpenVG.so.1.0.0
7f729657c000-7f729657d000 r--p 00006000 08:01 4457075                    /usr/lib/x86_64-linux-gnu/mesa-egl/libOpenVG.so.1.0.0
7f729657d000-7f729657e000 rw-p 00007000 08:01 4457075                    /usr/lib/x86_64-linux-gnu/mesa-egl/libOpenVG.so.1.0.0
7f729657e000-7f7296580000 rw-p 00000000 00:00 0 
7f7296580000-7f7296d2c000 r-xp 00000000 08:01 4456798                    /usr/lib/x86_64-linux-gnu/egl/egl_gallium.so
7f7296d2c000-7f7296f2c000 ---p 007ac000 08:01 4456798                    /usr/lib/x86_64-linux-gnu/egl/egl_gallium.so
7f7296f2c000-7f7296f83000 r--p 007ac000 08:01 4456798                    /usr/lib/x86_64-linux-gnu/egl/egl_gallium.so
7f7296f83000-7f7296f8f000 rw-p 00803000 08:01 4456798                    /usr/lib/x86_64-linux-gnu/egl/egl_gallium.so
7f7296f8f000-7f7297177000 rw-p 00000000 00:00 0 
7f7297177000-7f729717d000 r-xp 00000000 08:01 4458063                    /usr/lib/x86_64-linux-gnu/mesa-egl/libGLESv2.so.2.0.0
7f729717d000-7f729737c000 ---p 00006000 08:01 4458063                    /usr/lib/x86_64-linux-gnu/mesa-egl/libGLESv2.so.2.0.0
7f729737c000-7f729737d000 r--p 00005000 08:01 4458063                    /usr/lib/x86_64-linux-gnu/mesa-egl/libGLESv2.so.2.0.0
7f729737d000-7f729737e000 rw-p 00006000 08:01 4458063                    /usr/lib/x86_64-linux-gnu/mesa-egl/libGLESv2.so.2.0.0
7f729737e000-7f72973c3000 r-xp 00000000 08:01 1441806                    /tmp/jogamp_0000/file_cache/jln3162133059667406637/jln3424229527515043819/libjogl_mobile.so
7f72973c3000-7f72975c3000 ---p 00045000 08:01 1441806                    /tmp/jogamp_0000/file_cache/jln3162133059667406637/jln3424229527515043819/libjogl_mobile.so
7f72975c3000-7f72975c4000 rw-p 00045000 08:01 1441806                    /tmp/jogamp_0000/file_cache/jln3162133059667406637/jln3424229527515043819/libjogl_mobile.so
7f72975c4000-7f72975cb000 r-xp 00000000 08:01 4196383                    /usr/lib/x86_64-linux-gnu/libffi.so.6.0.2
7f72975cb000-7f72977ca000 ---p 00007000 08:01 4196383                    /usr/lib/x86_64-linux-gnu/libffi.so.6.0.2
7f72977ca000-7f72977cb000 r--p 00006000 08:01 4196383                    /usr/lib/x86_64-linux-gnu/libffi.so.6.0.2
7f72977cb000-7f72977cc000 rw-p 00007000 08:01 4196383                    /usr/lib/x86_64-linux-gnu/libffi.so.6.0.2
7f72977cc000-7f72977d9000 r-xp 00000000 08:01 4200734                    /usr/lib/x86_64-linux-gnu/libgbm.so.1.0.0
7f72977d9000-7f72979d8000 ---p 0000d000 08:01 4200734                    /usr/lib/x86_64-linux-gnu/libgbm.so.1.0.0
7f72979d8000-7f72979d9000 r--p 0000c000 08:01 4200734                    /usr/lib/x86_64-linux-gnu/libgbm.so.1.0.0
7f72979d9000-7f72979da000 rw-p 0000d000 08:01 4200734                    /usr/lib/x86_64-linux-gnu/libgbm.so.1.0.0
7f72979da000-7f72979e8000 r-xp 00000000 08:01 4200729                    /usr/lib/x86_64-linux-gnu/libwayland-server.so.0.1.0
7f72979e8000-7f7297be8000 ---p 0000e000 08:01 4200729                    /usr/lib/x86_64-linux-gnu/libwayland-server.so.0.1.0
7f7297be8000-7f7297bea000 r--p 0000e000 08:01 4200729                    /usr/lib/x86_64-linux-gnu/libwayland-server.so.0.1.0
7f7297bea000-7f7297beb000 rw-p 00010000 08:01 4200729                    /usr/lib/x86_64-linux-gnu/libwayland-server.so.0.1.0
7f7297beb000-7f7297bf6000 r-xp 00000000 08:01 4196427                    /usr/lib/x86_64-linux-gnu/libwayland-client.so.0.2.0
7f7297bf6000-7f7297df6000 ---p 0000b000 08:01 4196427                    /usr/lib/x86_64-linux-gnu/libwayland-client.so.0.2.0
7f7297df6000-7f7297df8000 r--p 0000b000 08:01 4196427                    /usr/lib/x86_64-linux-gnu/libwayland-client.so.0.2.0
7f7297df8000-7f7297df9000 rw-p 0000d000 08:01 4196427                    /usr/lib/x86_64-linux-gnu/libwayland-client.so.0.2.0
7f7297df9000-7f7297dfe000 r-xp 00000000 08:01 4201769                    /usr/lib/x86_64-linux-gnu/libxcb-xfixes.so.0.0.0
7f7297dfe000-7f7297ffe000 ---p 00005000 08:01 4201769                    /usr/lib/x86_64-linux-gnu/libxcb-xfixes.so.0.0.0
7f7297ffe000-7f7297fff000 r--p 00005000 08:01 4201769                    /usr/lib/x86_64-linux-gnu/libxcb-xfixes.so.0.0.0
7f7297fff000-7f7298000000 rw-p 00006000 08:01 4201769                    /usr/lib/x86_64-linux-gnu/libxcb-xfixes.so.0.0.0
7f7298000000-7f7298021000 rw-p 00000000 00:00 0 
7f7298021000-7f729c000000 ---p 00000000 00:00 0 
7f729c000000-7f729c03e000 rw-p 00000000 00:00 0 
7f729c03e000-7f72a0000000 ---p 00000000 00:00 0 
7f72a0000000-7f72a23b9000 rw-p 00000000 00:00 0 
7f72a23b9000-7f72a4000000 ---p 00000000 00:00 0 
7f72a4000000-7f72a400d000 r--s 00000000 08:01 3280062                    /var/cache/fontconfig/8f02d4cb045bd6ce15663e43f347c9f8-le64.cache-4
7f72a400d000-7f72a4023000 r--s 00000000 08:01 4983012                    /usr/share/fonts/type1/gsfonts/n021024l.pfb
7f72a4023000-7f72a4093000 rw-s 104547000 00:05 11397                     /dev/dri/card0
7f72a4093000-7f72a40bc000 r-xp 00000000 08:01 4457076                    /usr/lib/x86_64-linux-gnu/mesa-egl/libEGL.so.1.0.0
7f72a40bc000-7f72a42bb000 ---p 00029000 08:01 4457076                    /usr/lib/x86_64-linux-gnu/mesa-egl/libEGL.so.1.0.0
7f72a42bb000-7f72a42bc000 r--p 00028000 08:01 4457076                    /usr/lib/x86_64-linux-gnu/mesa-egl/libEGL.so.1.0.0
7f72a42bc000-7f72a42bd000 rw-p 00029000 08:01 4457076                    /usr/lib/x86_64-linux-gnu/mesa-egl/libEGL.so.1.0.0
7f72a42bd000-7f72a42be000 rw-p 00000000 00:00 0 
7f72a42be000-7f72a4363000 r-xp 00000000 08:01 1441805                    /tmp/jogamp_0000/file_cache/jln3162133059667406637/jln3424229527515043819/libjogl_desktop.so
7f72a4363000-7f72a4563000 ---p 000a5000 08:01 1441805                    /tmp/jogamp_0000/file_cache/jln3162133059667406637/jln3424229527515043819/libjogl_desktop.so
7f72a4563000-7f72a4564000 rw-p 000a5000 08:01 1441805                    /tmp/jogamp_0000/file_cache/jln3162133059667406637/jln3424229527515043819/libjogl_desktop.so
7f72a4564000-7f72a456f000 r-xp 00000000 08:01 4200391                    /usr/lib/x86_64-linux-gnu/libdrm.so.2.4.0
7f72a456f000-7f72a476e000 ---p 0000b000 08:01 4200391                    /usr/lib/x86_64-linux-gnu/libdrm.so.2.4.0
7f72a476e000-7f72a476f000 r--p 0000a000 08:01 4200391                    /usr/lib/x86_64-linux-gnu/libdrm.so.2.4.0
7f72a476f000-7f72a4770000 rw-p 0000b000 08:01 4200391                    /usr/lib/x86_64-linux-gnu/libdrm.so.2.4.0
7f72a4770000-7f72a4771000 r-xp 00000000 08:01 4200413                    /usr/lib/x86_64-linux-gnu/libxshmfence.so.1.0.0
7f72a4771000-7f72a4970000 ---p 00001000 08:01 4200413                    /usr/lib/x86_64-linux-gnu/libxshmfence.so.1.0.0
7f72a4970000-7f72a4971000 r--p 00000000 08:01 4200413                    /usr/lib/x86_64-linux-gnu/libxshmfence.so.1.0.0
7f72a4971000-7f72a4972000 rw-p 00001000 08:01 4200413                    /usr/lib/x86_64-linux-gnu/libxshmfence.so.1.0.0
7f72a4972000-7f72a4977000 r-xp 00000000 08:01 4201765                    /usr/lib/x86_64-linux-gnu/libxcb-sync.so.1.0.0
7f72a4977000-7f72a4b76000 ---p 00005000 08:01 4201765                    /usr/lib/x86_64-linux-gnu/libxcb-sync.so.1.0.0
7f72a4b76000-7f72a4b77000 r--p 00004000 08:01 4201765                    /usr/lib/x86_64-linux-gnu/libxcb-sync.so.1.0.0
7f72a4b77000-7f72a4b78000 rw-p 00005000 08:01 4201765                    /usr/lib/x86_64-linux-gnu/libxcb-sync.so.1.0.0
7f72a4b78000-7f72a4b7a000 r-xp 00000000 08:01 4201757                    /usr/lib/x86_64-linux-gnu/libxcb-present.so.0.0.0
7f72a4b7a000-7f72a4d79000 ---p 00002000 08:01 4201757                    /usr/lib/x86_64-linux-gnu/libxcb-present.so.0.0.0
7f72a4d79000-7f72a4d7a000 r--p 00001000 08:01 4201757                    /usr/lib/x86_64-linux-gnu/libxcb-present.so.0.0.0
7f72a4d7a000-7f72a4d7b000 rw-p 00002000 08:01 4201757                    /usr/lib/x86_64-linux-gnu/libxcb-present.so.0.0.0
7f72a4d7b000-7f72a4d7d000 r-xp 00000000 08:01 4201753                    /usr/lib/x86_64-linux-gnu/libxcb-dri3.so.0.0.0
7f72a4d7d000-7f72a4f7c000 ---p 00002000 08:01 4201753                    /usr/lib/x86_64-linux-gnu/libxcb-dri3.so.0.0.0
7f72a4f7c000-7f72a4f7d000 r--p 00001000 08:01 4201753                    /usr/lib/x86_64-linux-gnu/libxcb-dri3.so.0.0.0
7f72a4f7d000-7f72a4f7e000 rw-p 00002000 08:01 4201753                    /usr/lib/x86_64-linux-gnu/libxcb-dri3.so.0.0.0
7f72a4f7e000-7f72a4f81000 r-xp 00000000 08:01 4201751                    /usr/lib/x86_64-linux-gnu/libxcb-dri2.so.0.0.0
7f72a4f81000-7f72a5181000 ---p 00003000 08:01 4201751                    /usr/lib/x86_64-linux-gnu/libxcb-dri2.so.0.0.0
7f72a5181000-7f72a5182000 r--p 00003000 08:01 4201751                    /usr/lib/x86_64-linux-gnu/libxcb-dri2.so.0.0.0
7f72a5182000-7f72a5183000 rw-p 00004000 08:01 4201751                    /usr/lib/x86_64-linux-gnu/libxcb-dri2.so.0.0.0
7f72a5183000-7f72a5198000 r-xp 00000000 08:01 4201755                    /usr/lib/x86_64-linux-gnu/libxcb-glx.so.0.0.0
7f72a5198000-7f72a5397000 ---p 00015000 08:01 4201755                    /usr/lib/x86_64-linux-gnu/libxcb-glx.so.0.0.0
7f72a5397000-7f72a5399000 r--p 00014000 08:01 4201755                    /usr/lib/x86_64-linux-gnu/libxcb-glx.so.0.0.0
7f72a5399000-7f72a539a000 rw-p 00016000 08:01 4201755                    /usr/lib/x86_64-linux-gnu/libxcb-glx.so.0.0.0
7f72a539a000-7f72a539b000 r-xp 00000000 08:01 4200409                    /usr/lib/x86_64-linux-gnu/libX11-xcb.so.1.0.0
7f72a539b000-7f72a559a000 ---p 00001000 08:01 4200409                    /usr/lib/x86_64-linux-gnu/libX11-xcb.so.1.0.0
7f72a559a000-7f72a559b000 r--p 00000000 08:01 4200409                    /usr/lib/x86_64-linux-gnu/libX11-xcb.so.1.0.0
7f72a559b000-7f72a559c000 rw-p 00001000 08:01 4200409                    /usr/lib/x86_64-linux-gnu/libX11-xcb.so.1.0.0
7f72a559c000-7f72a559e000 r-xp 00000000 08:01 4200383                    /usr/lib/x86_64-linux-gnu/libXdamage.so.1.1.0
7f72a559e000-7f72a579d000 ---p 00002000 08:01 4200383                    /usr/lib/x86_64-linux-gnu/libXdamage.so.1.1.0
7f72a579d000-7f72a579e000 r--p 00001000 08:01 4200383                    /usr/lib/x86_64-linux-gnu/libXdamage.so.1.1.0
7f72a579e000-7f72a579f000 rw-p 00002000 08:01 4200383                    /usr/lib/x86_64-linux-gnu/libXdamage.so.1.1.0
7f72a579f000-7f72a57c4000 r-xp 00000000 08:01 4200726                    /usr/lib/x86_64-linux-gnu/libglapi.so.0.0.0
7f72a57c4000-7f72a59c3000 ---p 00025000 08:01 4200726                    /usr/lib/x86_64-linux-gnu/libglapi.so.0.0.0
7f72a59c3000-7f72a59c6000 r--p 00024000 08:01 4200726                    /usr/lib/x86_64-linux-gnu/libglapi.so.0.0.0
7f72a59c6000-7f72a59c7000 rw-p 00027000 08:01 4200726                    /usr/lib/x86_64-linux-gnu/libglapi.so.0.0.0
7f72a59c7000-7f72a59c8000 rw-p 00000000 00:00 0 
7f72a59c8000-7f72a59ee000 r-xp 00000000 08:01 6423564                    /lib/x86_64-linux-gnu/libexpat.so.1.6.0
7f72a59ee000-7f72a5bed000 ---p 00026000 08:01 6423564                    /lib/x86_64-linux-gnu/libexpat.so.1.6.0
7f72a5bed000-7f72a5bf0000 r--p 00025000 08:01 6423564                    /lib/x86_64-linux-gnu/libexpat.so.1.6.0
7f72a5bf0000-7f72a5bf1000 rw-p 00028000 08:01 6423564                    /lib/x86_64-linux-gnu/libexpat.so.1.6.0
7f72a5bf1000-7f72a5c87000 r-xp 00000000 08:01 4456794                    /usr/lib/x86_64-linux-gnu/mesa/libGL.so.1.2.0
7f72a5c87000-7f72a5e86000 ---p 00096000 08:01 4456794                    /usr/lib/x86_64-linux-gnu/mesa/libGL.so.1.2.0
7f72a5e86000-7f72a5e89000 r--p 00095000 08:01 4456794                    /usr/lib/x86_64-linux-gnu/mesa/libGL.so.1.2.0
7f72a5e89000-7f72a5e8a000 rw-p 00098000 08:01 4456794                    /usr/lib/x86_64-linux-gnu/mesa/libGL.so.1.2.0
7f72a5e8a000-7f72a5e8b000 rw-p 00000000 00:00 0 
7f72a5e8b000-7f72a5e92000 r-xp 00000000 08:01 1441808                    /tmp/jogamp_0000/file_cache/jln3162133059667406637/jln3424229527515043819/libnativewindow_x11.so
7f72a5e92000-7f72a6091000 ---p 00007000 08:01 1441808                    /tmp/jogamp_0000/file_cache/jln3162133059667406637/jln3424229527515043819/libnativewindow_x11.so
7f72a6091000-7f72a6092000 rw-p 00006000 08:01 1441808                    /tmp/jogamp_0000/file_cache/jln3162133059667406637/jln3424229527515043819/libnativewindow_x11.so
7f72a6092000-7f72a6096000 r-xp 00000000 08:01 4200868                    /usr/lib/x86_64-linux-gnu/libXxf86vm.so.1.0.0
7f72a6096000-7f72a6296000 ---p 00004000 08:01 4200868                    /usr/lib/x86_64-linux-gnu/libXxf86vm.so.1.0.0
7f72a6296000-7f72a6297000 r--p 00004000 08:01 4200868                    /usr/lib/x86_64-linux-gnu/libXxf86vm.so.1.0.0
7f72a6297000-7f72a6298000 rw-p 00005000 08:01 4200868                    /usr/lib/x86_64-linux-gnu/libXxf86vm.so.1.0.0
7f72a6298000-7f72a629a000 r-xp 00000000 08:01 1441807                    /tmp/jogamp_0000/file_cache/jln3162133059667406637/jln3424229527515043819/libnativewindow_awt.so
7f72a629a000-7f72a6499000 ---p 00002000 08:01 1441807                    /tmp/jogamp_0000/file_cache/jln3162133059667406637/jln3424229527515043819/libnativewindow_awt.so
7f72a6499000-7f72a649a000 rw-p 00001000 08:01 1441807                    /tmp/jogamp_0000/file_cache/jln3162133059667406637/jln3424229527515043819/libnativewindow_awt.so
7f72a649a000-7f72a649b000 r-xp 00000000 08:01 6948360                    /usr/lib/jvm/java-7-oracle/jre/lib/amd64/libjawt.so
7f72a649b000-7f72a669a000 ---p 00001000 08:01 6948360                    /usr/lib/jvm/java-7-oracle/jre/lib/amd64/libjawt.so
7f72a669a000-7f72a669b000 rw-p 00000000 08:01 6948360                    /usr/lib/jvm/java-7-oracle/jre/lib/amd64/libjawt.so
7f72a669b000-7f72a669d000 r-xp 00000000 08:01 1441804                    /tmp/jogamp_0000/file_cache/jln3162133059667406637/jln3424229527515043819/libgluegen-rt.so
7f72a669d000-7f72a689c000 ---p 00002000 08:01 1441804                    /tmp/jogamp_0000/file_cache/jln3162133059667406637/jln3424229527515043819/libgluegen-rt.so
7f72a689c000-7f72a689d000 rw-p 00001000 08:01 1441804                    /tmp/jogamp_0000/file_cache/jln3162133059667406637/jln3424229527515043819/libgluegen-rt.so
7f72a689d000-7f72a68a0000 ---p 00000000 00:00 0 
7f72a68a0000-7f72a699e000 rw-p 00000000 00:00 0                          [stack:9649]
7f72a699e000-7f72a69ae000 r-xp 00000000 08:01 6948381                    /usr/lib/jvm/java-7-oracle/jre/lib/amd64/libnio.so
7f72a69ae000-7f72a6bae000 ---p 00010000 08:01 6948381                    /usr/lib/jvm/java-7-oracle/jre/lib/amd64/libnio.so
7f72a6bae000-7f72a6baf000 rw-p 00010000 08:01 6948381                    /usr/lib/jvm/java-7-oracle/jre/lib/amd64/libnio.so
7f72a6baf000-7f72a6bb2000 ---p 00000000 00:00 0 
7f72a6bb2000-7f72a6cb0000 rw-p 00000000 00:00 0                          [stack:9636]
7f72a6cb0000-7f72a6cb3000 ---p 00000000 00:00 0 
7f72a6cb3000-7f72a6db1000 rw-p 00000000 00:00 0                          [stack:9635]
7f72a6db1000-7f72a6db4000 ---p 00000000 00:00 0 
7f72a6db4000-7f72a6eb2000 rw-p 00000000 00:00 0                          [stack:9634]
7f72a6eb2000-7f72a6eb5000 ---p 00000000 00:00 0 
7f72a6eb5000-7f72a6fb3000 rw-p 00000000 00:00 0 
7f72a6fb3000-7f72a6fb6000 ---p 00000000 00:00 0 
7f72a6fb6000-7f72a70b4000 rw-p 00000000 00:00 0 
7f72a70b4000-7f72a70b7000 ---p 00000000 00:00 0 
7f72a70b7000-7f72a71b5000 rw-p 00000000 00:00 0 
7f72a71b5000-7f72a71b8000 ---p 00000000 00:00 0 
7f72a71b8000-7f72a72b6000 rw-p 00000000 00:00 0                          [stack:9630]
7f72a72b6000-7f72a72bb000 r-xp 00000000 08:01 4196412                    /usr/lib/x86_64-linux-gnu/libXfixes.so.3.1.0
7f72a72bb000-7f72a74ba000 ---p 00005000 08:01 4196412                    /usr/lib/x86_64-linux-gnu/libXfixes.so.3.1.0
7f72a74ba000-7f72a74bb000 r--p 00004000 08:01 4196412                    /usr/lib/x86_64-linux-gnu/libXfixes.so.3.1.0
7f72a74bb000-7f72a74bc000 rw-p 00005000 08:01 4196412                    /usr/lib/x86_64-linux-gnu/libXfixes.so.3.1.0
7f72a74bc000-7f72a74c5000 r-xp 00000000 08:01 4200824                    /usr/lib/x86_64-linux-gnu/libXcursor.so.1.0.2
7f72a74c5000-7f72a76c4000 ---p 00009000 08:01 4200824                    /usr/lib/x86_64-linux-gnu/libXcursor.so.1.0.2
7f72a76c4000-7f72a76c5000 r--p 00008000 08:01 4200824                    /usr/lib/x86_64-linux-gnu/libXcursor.so.1.0.2
7f72a76c5000-7f72a76c6000 rw-p 00009000 08:01 4200824                    /usr/lib/x86_64-linux-gnu/libXcursor.so.1.0.2
7f72a76c6000-7f72a76c9000 ---p 00000000 00:00 0 
7f72a76c9000-7f72a77c7000 rw-p 00000000 00:00 0                          [stack:9629]
7f72a77c7000-7f72a77cc000 r-xp 00000000 08:01 4194481                    /usr/lib/x86_64-linux-gnu/libXdmcp.so.6.0.0
7f72a77cc000-7f72a79cb000 ---p 00005000 08:01 4194481                    /usr/lib/x86_64-linux-gnu/libXdmcp.so.6.0.0
7f72a79cb000-7f72a79cc000 r--p 00004000 08:01 4194481                    /usr/lib/x86_64-linux-gnu/libXdmcp.so.6.0.0
7f72a79cc000-7f72a79cd000 rw-p 00005000 08:01 4194481                    /usr/lib/x86_64-linux-gnu/libXdmcp.so.6.0.0
7f72a79cd000-7f72a79cf000 r-xp 00000000 08:01 4200817                    /usr/lib/x86_64-linux-gnu/libXau.so.6.0.0
7f72a79cf000-7f72a7bcf000 ---p 00002000 08:01 4200817                    /usr/lib/x86_64-linux-gnu/libXau.so.6.0.0
7f72a7bcf000-7f72a7bd0000 r--p 00002000 08:01 4200817                    /usr/lib/x86_64-linux-gnu/libXau.so.6.0.0
7f72a7bd0000-7f72a7bd1000 rw-p 00003000 08:01 4200817                    /usr/lib/x86_64-linux-gnu/libXau.so.6.0.0
7f72a7bd1000-7f72a7bee000 r-xp 00000000 08:01 4201771                    /usr/lib/x86_64-linux-gnu/libxcb.so.1.1.0
7f72a7bee000-7f72a7dee000 ---p 0001d000 08:01 4201771                    /usr/lib/x86_64-linux-gnu/libxcb.so.1.1.0
7f72a7dee000-7f72a7def000 r--p 0001d000 08:01 4201771                    /usr/lib/x86_64-linux-gnu/libxcb.so.1.1.0
7f72a7def000-7f72a7df0000 rw-p 0001e000 08:01 4201771                    /usr/lib/x86_64-linux-gnu/libxcb.so.1.1.0
7f72a7df0000-7f72a7dff000 r-xp 00000000 08:01 4196421                    /usr/lib/x86_64-linux-gnu/libXi.so.6.1.0
7f72a7dff000-7f72a7ffe000 ---p 0000f000 08:01 4196421                    /usr/lib/x86_64-linux-gnu/libXi.so.6.1.0
7f72a7ffe000-7f72a7fff000 r--p 0000e000 08:01 4196421                    /usr/lib/x86_64-linux-gnu/libXi.so.6.1.0
7f72a7fff000-7f72a8000000 rw-p 0000f000 08:01 4196421                    /usr/lib/x86_64-linux-gnu/libXi.so.6.1.0
7f72a8000000-7f72a8021000 rw-p 00000000 00:00 0 
7f72a8021000-7f72ac000000 ---p 00000000 00:00 0 
7f72ac000000-7f72ac86f000 rw-p 00000000 00:00 0 
7f72ac86f000-7f72b0000000 ---p 00000000 00:00 0 
7f72b0000000-7f72b054a000 rw-p 00000000 00:00 0 
7f72b054a000-7f72b4000000 ---p 00000000 00:00 0 
7f72b4000000-7f72b678c000 rw-p 00000000 00:00 0 
7f72b678c000-7f72b8000000 ---p 00000000 00:00 0 
7f72b8000000-7f72b8021000 rw-p 00000000 00:00 0 
7f72b8021000-7f72bc000000 ---p 00000000 00:00 0 
7f72bc000000-7f72bc4e0000 rw-p 00000000 00:00 0 
7f72bc4e0000-7f72c0000000 ---p 00000000 00:00 0 
7f72c0000000-7f72c0021000 rw-p 00000000 00:00 0 
7f72c0021000-7f72c4000000 ---p 00000000 00:00 0 
7f72c4000000-7f72c4021000 rw-p 00000000 00:00 0 
7f72c4021000-7f72c8000000 ---p 00000000 00:00 0 
7f72c8000000-7f72c8021000 rw-p 00000000 00:00 0 
7f72c8021000-7f72cc000000 ---p 00000000 00:00 0 
7f72cc000000-7f72cc021000 rw-p 00000000 00:00 0 
7f72cc021000-7f72d0000000 ---p 00000000 00:00 0 
7f72d0000000-7f72d0021000 rw-p 00000000 00:00 0 
7f72d0021000-7f72d4000000 ---p 00000000 00:00 0 
7f72d4000000-7f72d4001000 r--s 00000000 08:01 3280182                    /var/cache/fontconfig/b9d506c9ac06c20b433354fa67a72993-le64.cache-4
7f72d4001000-7f72d4005000 r--s 00000000 08:01 3279614                    /var/cache/fontconfig/d589a48862398ed80a3d6066f4f56f4c-le64.cache-4
7f72d4005000-7f72d4006000 r--s 00000000 08:01 3279498                    /var/cache/fontconfig/0c9eb80ebd1c36541ebe2852d3bb0c49-le64.cache-4
7f72d4006000-7f72d400a000 r--s 00000000 08:01 3278917                    /var/cache/fontconfig/7ef2298fde41cc6eeb7af42e48b7d293-le64.cache-4
7f72d400a000-7f72d401a000 r--s 00000000 08:01 7870298                    /usr/share/texlive/texmf-dist/fonts/type1/adobe/courier/pcrr8a.pfb
7f72d401a000-7f72d402a000 r--s 00000000 08:01 7870300                    /usr/share/texlive/texmf-dist/fonts/type1/adobe/courier/pcrbo8a.pfb
7f72d402a000-7f72d403a000 rw-s 103df0000 00:05 11397                     /dev/dri/card0
7f72d403a000-7f72d403d000 ---p 00000000 00:00 0 
7f72d403d000-7f72d4073000 rw-p 00000000 00:00 0                          [stack:9640]
7f72d4073000-7f72d4078000 r-xp 00000000 08:01 4200858                    /usr/lib/x86_64-linux-gnu/libXtst.so.6.1.0
7f72d4078000-7f72d4277000 ---p 00005000 08:01 4200858                    /usr/lib/x86_64-linux-gnu/libXtst.so.6.1.0
7f72d4277000-7f72d4278000 r--p 00004000 08:01 4200858                    /usr/lib/x86_64-linux-gnu/libXtst.so.6.1.0
7f72d4278000-7f72d4279000 rw-p 00005000 08:01 4200858                    /usr/lib/x86_64-linux-gnu/libXtst.so.6.1.0
7f72d4279000-7f72d4282000 r-xp 00000000 08:01 4200852                    /usr/lib/x86_64-linux-gnu/libXrender.so.1.3.0
7f72d4282000-7f72d4481000 ---p 00009000 08:01 4200852                    /usr/lib/x86_64-linux-gnu/libXrender.so.1.3.0
7f72d4481000-7f72d4482000 r--p 00008000 08:01 4200852                    /usr/lib/x86_64-linux-gnu/libXrender.so.1.3.0
7f72d4482000-7f72d4483000 rw-p 00009000 08:01 4200852                    /usr/lib/x86_64-linux-gnu/libXrender.so.1.3.0
7f72d4483000-7f72d45b6000 r-xp 00000000 08:01 4199845                    /usr/lib/x86_64-linux-gnu/libX11.so.6.3.0
7f72d45b6000-7f72d47b6000 ---p 00133000 08:01 4199845                    /usr/lib/x86_64-linux-gnu/libX11.so.6.3.0
7f72d47b6000-7f72d47b7000 r--p 00133000 08:01 4199845                    /usr/lib/x86_64-linux-gnu/libX11.so.6.3.0
7f72d47b7000-7f72d47bb000 rw-p 00134000 08:01 4199845                    /usr/lib/x86_64-linux-gnu/libX11.so.6.3.0
7f72d47bb000-7f72d47bc000 rw-p 00000000 00:00 0 
7f72d47bc000-7f72d47cd000 r-xp 00000000 08:01 4200830                    /usr/lib/x86_64-linux-gnu/libXext.so.6.4.0
7f72d47cd000-7f72d49cc000 ---p 00011000 08:01 4200830                    /usr/lib/x86_64-linux-gnu/libXext.so.6.4.0
7f72d49cc000-7f72d49cd000 r--p 00010000 08:01 4200830                    /usr/lib/x86_64-linux-gnu/libXext.so.6.4.0
7f72d49cd000-7f72d49ce000 rw-p 00011000 08:01 4200830                    /usr/lib/x86_64-linux-gnu/libXext.so.6.4.0
7f72d49ce000-7f72d4a1e000 r-xp 00000000 08:01 6948365                    /usr/lib/jvm/java-7-oracle/jre/lib/amd64/xawt/libmawt.so
7f72d4a1e000-7f72d4c1e000 ---p 00050000 08:01 6948365                    /usr/lib/jvm/java-7-oracle/jre/lib/amd64/xawt/libmawt.so
7f72d4c1e000-7f72d4c22000 rw-p 00050000 08:01 6948365                    /usr/lib/jvm/java-7-oracle/jre/lib/amd64/xawt/libmawt.so
7f72d4c22000-7f72d4c23000 rw-p 00000000 00:00 0 
7f72d4c23000-7f72d4cc5000 r-xp 00000000 08:01 6948345                    /usr/lib/jvm/java-7-oracle/jre/lib/amd64/libawt.so
7f72d4cc5000-7f72d4ec5000 ---p 000a2000 08:01 6948345                    /usr/lib/jvm/java-7-oracle/jre/lib/amd64/libawt.so
7f72d4ec5000-7f72d4ed1000 rw-p 000a2000 08:01 6948345                    /usr/lib/jvm/java-7-oracle/jre/lib/amd64/libawt.so
7f72d4ed1000-7f72d4f26000 rw-p 00000000 00:00 0 
7f72d4f26000-7f72d4f3c000 r-xp 00000000 08:01 6948341                    /usr/lib/jvm/java-7-oracle/jre/lib/amd64/libnet.so
7f72d4f3c000-7f72d513c000 ---p 00016000 08:01 6948341                    /usr/lib/jvm/java-7-oracle/jre/lib/amd64/libnet.so
7f72d513c000-7f72d513d000 rw-p 00016000 08:01 6948341                    /usr/lib/jvm/java-7-oracle/jre/lib/amd64/libnet.so
7f72d513d000-7f72d513f000 r--s 00000000 08:01 3279374                    /var/cache/fontconfig/5a58818556a7ca23b2c12cf035081352-le64.cache-4
7f72d513f000-7f72d5141000 r--s 00000000 08:01 3280207                    /var/cache/fontconfig/16326683038b281783a0ef8c680e3a10-le64.cache-4
7f72d5141000-7f72d5142000 r--s 00000000 08:01 3279850                    /var/cache/fontconfig/e0aa53bcfa504e64f87823c16bc01eb6-le64.cache-4
7f72d5142000-7f72d514b000 r--s 00000000 08:01 4983039                    /usr/share/fonts/type1/gsfonts/s050000l.pfb
7f72d514b000-7f72d515b000 rw-s 103de0000 00:05 11397                     /dev/dri/card0
7f72d515b000-7f72d515c000 rw-s 00000000 00:04 94111                      /drm mm object (deleted)
7f72d515c000-7f72d515d000 r--p 00000000 00:00 0 
7f72d515d000-7f72d515e000 rwxp 00000000 00:00 0 
7f72d515e000-7f72d5162000 r--s 0008b000 08:01 6948518                    /usr/lib/jvm/java-7-oracle/jre/lib/jsse.jar
7f72d5162000-7f72d5165000 ---p 00000000 00:00 0 
7f72d5165000-7f72d5263000 rw-p 00000000 00:00 0                          [stack:9623]
7f72d5263000-7f72d5264000 r-xp 00000000 08:01 8657240                    /home/tobias/Programs/idea-IU-139.659.2/bin/libbreakgen64.so
7f72d5264000-7f72d5463000 ---p 00001000 08:01 8657240                    /home/tobias/Programs/idea-IU-139.659.2/bin/libbreakgen64.so
7f72d5463000-7f72d5464000 r--p 00000000 08:01 8657240                    /home/tobias/Programs/idea-IU-139.659.2/bin/libbreakgen64.so
7f72d5464000-7f72d5465000 rw-p 00001000 08:01 8657240                    /home/tobias/Programs/idea-IU-139.659.2/bin/libbreakgen64.so
7f72d5465000-7f72d5467000 r--s 00016000 08:01 8657359                    /home/tobias/Programs/idea-IU-139.659.2/lib/idea_rt.jar
7f72d5467000-7f72d5469000 r--s 00006000 08:01 8784654                    /home/tobias/Programming/Processing/libraries/ezGestures.jar
7f72d5469000-7f72d546a000 r--s 00001000 08:01 8656331                    /home/tobias/Programs/processing-3.0a5/core/library/gluegen-rt-natives-macosx-universal.jar
7f72d546a000-7f72d546b000 r--s 00064000 08:01 8655587                    /home/tobias/Programs/processing-3.0a5/core/library/jogl-all-natives-macosx-universal.jar
7f72d546b000-7f72d546c000 r--s 00001000 08:01 8655595                    /home/tobias/Programs/processing-3.0a5/core/library/gluegen-rt-natives-windows-amd64.jar
7f72d546c000-7f72d546d000 r--s 00000000 08:01 8656352                    /home/tobias/Programs/processing-3.0a5/core/library/gluegen-rt-natives-linux-armv6hf.jar
7f72d546d000-7f72d546e000 r--s 00001000 08:01 8656358                    /home/tobias/Programs/processing-3.0a5/core/library/gluegen-rt-natives-windows-i586.jar
7f72d546e000-7f72d5470000 r--s 00034000 08:01 8656313                    /home/tobias/Programs/processing-3.0a5/core/library/jogl-all-natives-windows-amd64.jar
7f72d5470000-7f72d5472000 r--s 00000000 08:01 8655615                    /home/tobias/Programs/processing-3.0a5/core/library/gluegen-rt-natives-linux-amd64.jar
7f72d5472000-7f72d5478000 r--s 00041000 08:01 8655590                    /home/tobias/Programs/processing-3.0a5/core/library/gluegen-rt.jar
7f72d5478000-7f72d549b000 r--s 002ec000 08:01 8656350                    /home/tobias/Programs/processing-3.0a5/core/library/jogl-all.jar
7f72d549b000-7f72d549f000 r--s 0009a000 08:01 8655630                    /home/tobias/Programs/processing-3.0a5/core/library/core.jar
7f72d549f000-7f72d54a9000 r--s 00251000 08:01 6948453                    /usr/lib/jvm/java-7-oracle/jre/lib/resources.jar
7f72d54a9000-7f72d5538000 r--s 00de4000 08:01 6948517                    /usr/lib/jvm/java-7-oracle/jre/lib/jfxrt.jar
7f72d5538000-7f72d5551000 r--s 001e6000 08:01 6947880                    /usr/lib/jvm/java-7-oracle/jre/lib/deploy.jar
7f72d5551000-7f72d5564000 r--s 000d6000 08:01 6947919                    /usr/lib/jvm/java-7-oracle/jre/lib/plugin.jar
7f72d5564000-7f72d556e000 r--s 00067000 08:01 6948403                    /usr/lib/jvm/java-7-oracle/jre/lib/javaws.jar
7f72d556e000-7f72d556f000 ---p 00000000 00:00 0 
7f72d556f000-7f72d566f000 rw-p 00000000 00:00 0                          [stack:9622]
7f72d566f000-7f72d5672000 ---p 00000000 00:00 0 
7f72d5672000-7f72d5770000 rw-p 00000000 00:00 0                          [stack:9621]
7f72d5770000-7f72d5773000 ---p 00000000 00:00 0 
7f72d5773000-7f72d5871000 rw-p 00000000 00:00 0                          [stack:9620]
7f72d5871000-7f72d5874000 ---p 00000000 00:00 0 
7f72d5874000-7f72d5972000 rw-p 00000000 00:00 0                          [stack:9619]
7f72d5972000-7f72d5975000 ---p 00000000 00:00 0 
7f72d5975000-7f72d5a73000 rw-p 00000000 00:00 0                          [stack:9618]
7f72d5a73000-7f72d6445000 r--p 00000000 08:01 4199150                    /usr/lib/locale/locale-archive
7f72d6445000-7f72d6448000 ---p 00000000 00:00 0 
7f72d6448000-7f72d6546000 rw-p 00000000 00:00 0                          [stack:9614]
7f72d6546000-7f72d6549000 ---p 00000000 00:00 0 
7f72d6549000-7f72d6647000 rw-p 00000000 00:00 0                          [stack:9613]
7f72d6647000-7f72d6648000 ---p 00000000 00:00 0 
7f72d6648000-7f72d9000000 rw-p 00000000 00:00 0                          [stack:9612]
7f72d9000000-7f72d9270000 rwxp 00000000 00:00 0 
7f72d9270000-7f72dc286000 rw-p 00000000 00:00 0 
7f72dc286000-7f72e0000000 ---p 00000000 00:00 0 
7f72e0000000-7f72e0001000 r--s 00023000 08:01 8655674                    /home/tobias/Programs/processing-3.0a5/core/library/jogl-all-natives-linux-armv6hf.jar
7f72e0001000-7f72e0005000 r--s 0008b000 08:01 6948518                    /usr/lib/jvm/java-7-oracle/jre/lib/jsse.jar
7f72e0005000-7f72e01b4000 rw-p 00000000 00:00 0 
7f72e01b4000-7f72e0373000 r--s 039f0000 08:01 6948511                    /usr/lib/jvm/java-7-oracle/jre/lib/rt.jar
7f72e0373000-7f72e0677000 rw-p 00000000 00:00 0 
7f72e0677000-7f72e0678000 ---p 00000000 00:00 0 
7f72e0678000-7f72e0778000 rw-p 00000000 00:00 0                          [stack:9609]
7f72e0778000-7f72e0779000 ---p 00000000 00:00 0 
7f72e0779000-7f72e0884000 rw-p 00000000 00:00 0                          [stack:9608]
7f72e0884000-7f72e08a2000 rw-p 00000000 00:00 0 
7f72e08a2000-7f72e08b6000 rw-p 00000000 00:00 0 
7f72e08b6000-7f72e09e4000 rw-p 00000000 00:00 0 
7f72e09e4000-7f72e09ef000 rw-p 00000000 00:00 0 
7f72e09ef000-7f72e0a0d000 rw-p 00000000 00:00 0 
7f72e0a0d000-7f72e0a21000 rw-p 00000000 00:00 0 
7f72e0a21000-7f72e0b4e000 rw-p 00000000 00:00 0 
7f72e0b4e000-7f72e0b70000 rw-p 00000000 00:00 0 
7f72e0b70000-7f72e0bef000 rw-p 00000000 00:00 0 
7f72e0bef000-7f72e0bf0000 rw-p 00000000 00:00 0 
7f72e0bf0000-7f72e0c0a000 r-xp 00000000 08:01 6948395                    /usr/lib/jvm/java-7-oracle/jre/lib/amd64/libzip.so
7f72e0c0a000-7f72e0e0a000 ---p 0001a000 08:01 6948395                    /usr/lib/jvm/java-7-oracle/jre/lib/amd64/libzip.so
7f72e0e0a000-7f72e0e0b000 rw-p 0001a000 08:01 6948395                    /usr/lib/jvm/java-7-oracle/jre/lib/amd64/libzip.so
7f72e0e0b000-7f72e0e16000 r-xp 00000000 08:01 6423405                    /lib/x86_64-linux-gnu/libnss_files-2.19.so
7f72e0e16000-7f72e1015000 ---p 0000b000 08:01 6423405                    /lib/x86_64-linux-gnu/libnss_files-2.19.so
7f72e1015000-7f72e1016000 r--p 0000a000 08:01 6423405                    /lib/x86_64-linux-gnu/libnss_files-2.19.so
7f72e1016000-7f72e1017000 rw-p 0000b000 08:01 6423405                    /lib/x86_64-linux-gnu/libnss_files-2.19.so
7f72e1017000-7f72e1022000 r-xp 00000000 08:01 6423407                    /lib/x86_64-linux-gnu/libnss_nis-2.19.so
7f72e1022000-7f72e1221000 ---p 0000b000 08:01 6423407                    /lib/x86_64-linux-gnu/libnss_nis-2.19.so
7f72e1221000-7f72e1222000 r--p 0000a000 08:01 6423407                    /lib/x86_64-linux-gnu/libnss_nis-2.19.so
7f72e1222000-7f72e1223000 rw-p 0000b000 08:01 6423407                    /lib/x86_64-linux-gnu/libnss_nis-2.19.so
7f72e1223000-7f72e123a000 r-xp 00000000 08:01 6423391                    /lib/x86_64-linux-gnu/libnsl-2.19.so
7f72e123a000-7f72e1439000 ---p 00017000 08:01 6423391                    /lib/x86_64-linux-gnu/libnsl-2.19.so
7f72e1439000-7f72e143a000 r--p 00016000 08:01 6423391                    /lib/x86_64-linux-gnu/libnsl-2.19.so
7f72e143a000-7f72e143b000 rw-p 00017000 08:01 6423391                    /lib/x86_64-linux-gnu/libnsl-2.19.so
7f72e143b000-7f72e143d000 rw-p 00000000 00:00 0 
7f72e143d000-7f72e1446000 r-xp 00000000 08:01 6423392                    /lib/x86_64-linux-gnu/libnss_compat-2.19.so
7f72e1446000-7f72e1645000 ---p 00009000 08:01 6423392                    /lib/x86_64-linux-gnu/libnss_compat-2.19.so
7f72e1645000-7f72e1646000 r--p 00008000 08:01 6423392                    /lib/x86_64-linux-gnu/libnss_compat-2.19.so
7f72e1646000-7f72e1647000 rw-p 00009000 08:01 6423392                    /lib/x86_64-linux-gnu/libnss_compat-2.19.so
7f72e1647000-7f72e1670000 r-xp 00000000 08:01 6948378                    /usr/lib/jvm/java-7-oracle/jre/lib/amd64/libjava.so
7f72e1670000-7f72e1870000 ---p 00029000 08:01 6948378                    /usr/lib/jvm/java-7-oracle/jre/lib/amd64/libjava.so
7f72e1870000-7f72e1872000 rw-p 00029000 08:01 6948378                    /usr/lib/jvm/java-7-oracle/jre/lib/amd64/libjava.so
7f72e1872000-7f72e187f000 r-xp 00000000 08:01 6948340                    /usr/lib/jvm/java-7-oracle/jre/lib/amd64/libverify.so
7f72e187f000-7f72e1a7e000 ---p 0000d000 08:01 6948340                    /usr/lib/jvm/java-7-oracle/jre/lib/amd64/libverify.so
7f72e1a7e000-7f72e1a80000 rw-p 0000c000 08:01 6948340                    /usr/lib/jvm/java-7-oracle/jre/lib/amd64/libverify.so
7f72e1a80000-7f72e1a87000 r-xp 00000000 08:01 6423408                    /lib/x86_64-linux-gnu/librt-2.19.so
7f72e1a87000-7f72e1c86000 ---p 00007000 08:01 6423408                    /lib/x86_64-linux-gnu/librt-2.19.so
7f72e1c86000-7f72e1c87000 r--p 00006000 08:01 6423408                    /lib/x86_64-linux-gnu/librt-2.19.so
7f72e1c87000-7f72e1c88000 rw-p 00007000 08:01 6423408                    /lib/x86_64-linux-gnu/librt-2.19.so
7f72e1c88000-7f72e1d8d000 r-xp 00000000 08:01 6423387                    /lib/x86_64-linux-gnu/libm-2.19.so
7f72e1d8d000-7f72e1f8c000 ---p 00105000 08:01 6423387                    /lib/x86_64-linux-gnu/libm-2.19.so
7f72e1f8c000-7f72e1f8d000 r--p 00104000 08:01 6423387                    /lib/x86_64-linux-gnu/libm-2.19.so
7f72e1f8d000-7f72e1f8e000 rw-p 00105000 08:01 6423387                    /lib/x86_64-linux-gnu/libm-2.19.so
7f72e1f8e000-7f72e2b03000 r-xp 00000000 08:01 6948354                    /usr/lib/jvm/java-7-oracle/jre/lib/amd64/server/libjvm.so
7f72e2b03000-7f72e2d03000 ---p 00b75000 08:01 6948354                    /usr/lib/jvm/java-7-oracle/jre/lib/amd64/server/libjvm.so
7f72e2d03000-7f72e2dc7000 rw-p 00b75000 08:01 6948354                    /usr/lib/jvm/java-7-oracle/jre/lib/amd64/server/libjvm.so
7f72e2dc7000-7f72e2e08000 rw-p 00000000 00:00 0 
7f72e2e08000-7f72e2fc2000 r-xp 00000000 08:01 6423406                    /lib/x86_64-linux-gnu/libc-2.19.so
7f72e2fc2000-7f72e31c1000 ---p 001ba000 08:01 6423406                    /lib/x86_64-linux-gnu/libc-2.19.so
7f72e31c1000-7f72e31c5000 r--p 001b9000 08:01 6423406                    /lib/x86_64-linux-gnu/libc-2.19.so
7f72e31c5000-7f72e31c7000 rw-p 001bd000 08:01 6423406                    /lib/x86_64-linux-gnu/libc-2.19.so
7f72e31c7000-7f72e31cc000 rw-p 00000000 00:00 0 
7f72e31cc000-7f72e31cf000 r-xp 00000000 08:01 6423394                    /lib/x86_64-linux-gnu/libdl-2.19.so
7f72e31cf000-7f72e33ce000 ---p 00003000 08:01 6423394                    /lib/x86_64-linux-gnu/libdl-2.19.so
7f72e33ce000-7f72e33cf000 r--p 00002000 08:01 6423394                    /lib/x86_64-linux-gnu/libdl-2.19.so
7f72e33cf000-7f72e33d0000 rw-p 00003000 08:01 6423394                    /lib/x86_64-linux-gnu/libdl-2.19.so
7f72e33d0000-7f72e33e6000 r-xp 00000000 08:01 6555486                    /usr/lib/jvm/java-7-oracle/lib/amd64/jli/libjli.so
7f72e33e6000-7f72e35e6000 ---p 00016000 08:01 6555486                    /usr/lib/jvm/java-7-oracle/lib/amd64/jli/libjli.so
7f72e35e6000-7f72e35e7000 rw-p 00016000 08:01 6555486                    /usr/lib/jvm/java-7-oracle/lib/amd64/jli/libjli.so
7f72e35e7000-7f72e3600000 r-xp 00000000 08:01 6423395                    /lib/x86_64-linux-gnu/libpthread-2.19.so
7f72e3600000-7f72e37ff000 ---p 00019000 08:01 6423395                    /lib/x86_64-linux-gnu/libpthread-2.19.so
7f72e37ff000-7f72e3800000 r--p 00018000 08:01 6423395                    /lib/x86_64-linux-gnu/libpthread-2.19.so
7f72e3800000-7f72e3801000 rw-p 00019000 08:01 6423395                    /lib/x86_64-linux-gnu/libpthread-2.19.so
7f72e3801000-7f72e3805000 rw-p 00000000 00:00 0 
7f72e3805000-7f72e3828000 r-xp 00000000 08:01 6423401                    /lib/x86_64-linux-gnu/ld-2.19.so
7f72e3828000-7f72e3829000 r--s 0002d000 08:01 8655483                    /home/tobias/Programs/processing-3.0a5/core/library/jogl-all-natives-windows-i586.jar
7f72e3829000-7f72e382b000 r--s 00000000 08:01 8655596                    /home/tobias/Programs/processing-3.0a5/core/library/gluegen-rt-natives-linux-i586.jar
7f72e382b000-7f72e3830000 r--s 0007d000 08:01 6948513                    /usr/lib/jvm/java-7-oracle/jre/lib/jfr.jar
7f72e3830000-7f72e384f000 rw-p 00000000 00:00 0 
7f72e384f000-7f72e3905000 rw-p 00000000 00:00 0 
7f72e3905000-7f72e3908000 ---p 00000000 00:00 0 
7f72e3908000-7f72e3a0a000 rw-p 00000000 00:00 0                          [stack:9607]
7f72e3a0a000-7f72e3a0b000 r--s 0002f000 08:01 8656073                    /home/tobias/Programs/processing-3.0a5/core/library/jogl-all-natives-linux-amd64.jar
7f72e3a0b000-7f72e3a0c000 r--s 0002d000 08:01 8655603                    /home/tobias/Programs/processing-3.0a5/core/library/jogl-all-natives-linux-i586.jar
7f72e3a0c000-7f72e3a0d000 r--s 00000000 08:01 6947916                    /usr/lib/jvm/java-7-oracle/jre/lib/management-agent.jar
7f72e3a0d000-7f72e3a10000 r--s 00019000 08:01 6947896                    /usr/lib/jvm/java-7-oracle/jre/lib/jce.jar
7f72e3a10000-7f72e3a1b000 r--s 0037c000 08:01 6947894                    /usr/lib/jvm/java-7-oracle/jre/lib/charsets.jar
7f72e3a1b000-7f72e3a23000 rw-s 00000000 08:01 1441800                    /tmp/hsperfdata_tobias/9604
7f72e3a23000-7f72e3a24000 rw-p 00000000 00:00 0 
7f72e3a24000-7f72e3a25000 r--p 00000000 00:00 0 
7f72e3a25000-7f72e3a27000 rw-p 00000000 00:00 0 
7f72e3a27000-7f72e3a28000 r--p 00022000 08:01 6423401                    /lib/x86_64-linux-gnu/ld-2.19.so
7f72e3a28000-7f72e3a29000 rw-p 00023000 08:01 6423401                    /lib/x86_64-linux-gnu/ld-2.19.so
7f72e3a29000-7f72e3a2a000 rw-p 00000000 00:00 0 
7ffff35c4000-7ffff35e6000 rw-p 00000000 00:00 0                          [stack]
7ffff35f8000-7ffff35fa000 r-xp 00000000 00:00 0                          [vdso]
7ffff35fa000-7ffff35fc000 r--p 00000000 00:00 0                          [vvar]
ffffffffff600000-ffffffffff601000 r-xp 00000000 00:00 0                  [vsyscall]

VM Arguments:
jvm_args: -Didea.launcher.port=7540 -Didea.launcher.bin.path=/home/tobias/Programs/idea-IU-139.659.2/bin -Dfile.encoding=UTF-8 
java_command: com.intellij.rt.execution.application.AppMain game.Game
Launcher Type: SUN_STANDARD

Environment Variables:
JAVA_HOME=/usr/lib/jvm/java-7-oracle
CLASSPATH=/home/tobias/Programs/idea-IU-139.659.2/bin/../lib/bootstrap.jar:/home/tobias/Programs/idea-IU-139.659.2/bin/../lib/extensions.jar:/home/tobias/Programs/idea-IU-139.659.2/bin/../lib/util.jar:/home/tobias/Programs/idea-IU-139.659.2/bin/../lib/jdom.jar:/home/tobias/Programs/idea-IU-139.659.2/bin/../lib/log4j.jar:/home/tobias/Programs/idea-IU-139.659.2/bin/../lib/trove4j.jar:/home/tobias/Programs/idea-IU-139.659.2/bin/../lib/jna.jar:/usr/lib/jvm/java-7-oracle/lib/tools.jar
PATH=/usr/local/sbin:/usr/local/bin:/usr/sbin:/usr/bin:/sbin:/bin:/usr/games:/usr/local/games:/usr/lib/jvm/java-7-oracle/bin:/usr/lib/jvm/java-7-oracle/db/bin:/usr/lib/jvm/java-7-oracle/jre/bin
LD_LIBRARY_PATH=/home/tobias/Programs/idea-IU-139.659.2/bin:
SHELL=/bin/zsh
DISPLAY=:0.0

Signal Handlers:
SIGSEGV: [libjvm.so+0x9a3bd0], sa_mask[0]=0x7ffbfeff, sa_flags=0x10000004
SIGBUS: [libjvm.so+0x9a3bd0], sa_mask[0]=0x7ffbfeff, sa_flags=0x10000004
SIGFPE: [libjvm.so+0x81cb60], sa_mask[0]=0x7ffbfeff, sa_flags=0x10000004
SIGPIPE: [libjvm.so+0x81cb60], sa_mask[0]=0x7ffbfeff, sa_flags=0x10000004
SIGXFSZ: [libjvm.so+0x81cb60], sa_mask[0]=0x7ffbfeff, sa_flags=0x10000004
SIGILL: [libjvm.so+0x81cb60], sa_mask[0]=0x7ffbfeff, sa_flags=0x10000004
SIGUSR1: SIG_DFL, sa_mask[0]=0x00000000, sa_flags=0x00000000
SIGUSR2: [libjvm.so+0x81e360], sa_mask[0]=0x00000004, sa_flags=0x10000004
SIGHUP: [libjvm.so+0x81f480], sa_mask[0]=0x7ffbfeff, sa_flags=0x10000004
SIGINT: [libjvm.so+0x81f480], sa_mask[0]=0x7ffbfeff, sa_flags=0x10000004
SIGTERM: [libjvm.so+0x81f480], sa_mask[0]=0x7ffbfeff, sa_flags=0x10000004
SIGQUIT: [libjvm.so+0x81f480], sa_mask[0]=0x7ffbfeff, sa_flags=0x10000004


---------------  S Y S T E M  ---------------

OS:jessie/sid

uname:Linux 3.16.0-33-generic #44-Ubuntu SMP Thu Mar 12 12:19:35 UTC 2015 x86_64
libc:glibc 2.19 NPTL 2.19 
rlimit: STACK 8192k, CORE 0k, NPROC 15309, NOFILE 4096, AS infinity
load average:1.28 0.66 0.65

/proc/meminfo:
MemTotal:        3941520 kB
MemFree:          765128 kB
MemAvailable:    2095944 kB
Buffers:          191200 kB
Cached:          1400040 kB
SwapCached:            0 kB
Active:          2227148 kB
Inactive:         734976 kB
Active(anon):    1371848 kB
Inactive(anon):   149940 kB
Active(file):     855300 kB
Inactive(file):   585036 kB
Unevictable:          48 kB
Mlocked:              48 kB
SwapTotal:       4085756 kB
SwapFree:        4085756 kB
Dirty:             27088 kB
Writeback:             0 kB
AnonPages:       1370936 kB
Mapped:           241752 kB
Shmem:            150908 kB
Slab:             141568 kB
SReclaimable:     118848 kB
SUnreclaim:        22720 kB
KernelStack:        6352 kB
PageTables:        20944 kB
NFS_Unstable:          0 kB
Bounce:                0 kB
WritebackTmp:          0 kB
CommitLimit:     6056516 kB
Committed_AS:    3184432 kB
VmallocTotal:   34359738367 kB
VmallocUsed:      347352 kB
VmallocChunk:   34359379548 kB
HardwareCorrupted:     0 kB
AnonHugePages:    884736 kB
HugePages_Total:       0
HugePages_Free:        0
HugePages_Rsvd:        0
HugePages_Surp:        0
Hugepagesize:       2048 kB
DirectMap4k:       59816 kB
DirectMap2M:     4028416 kB


CPU:total 2 (2 cores per cpu, 1 threads per core) family 6 model 23 stepping 10, cmov, cx8, fxsr, mmx, sse, sse2, sse3, ssse3, sse4.1, tsc

/proc/cpuinfo:
processor	: 0
vendor_id	: GenuineIntel
cpu family	: 6
model		: 23
model name	: Intel(R) Core(TM)2 Duo CPU     P8700  @ 2.53GHz
stepping	: 10
microcode	: 0xa0c
cpu MHz		: 2534.000
cache size	: 3072 KB
physical id	: 0
siblings	: 2
core id		: 0
cpu cores	: 2
apicid		: 0
initial apicid	: 0
fpu		: yes
fpu_exception	: yes
cpuid level	: 13
wp		: yes
flags		: fpu vme de pse tsc msr pae mce cx8 apic sep mtrr pge mca cmov pat pse36 clflush dts acpi mmx fxsr sse sse2 ss ht tm pbe syscall nx lm constant_tsc arch_perfmon pebs bts nopl aperfmperf pni dtes64 monitor ds_cpl vmx smx est tm2 ssse3 cx16 xtpr pdcm sse4_1 xsave lahf_lm ida dtherm tpr_shadow vnmi flexpriority
bogomips	: 5054.06
clflush size	: 64
cache_alignment	: 64
address sizes	: 36 bits physical, 48 bits virtual
power management:

processor	: 1
vendor_id	: GenuineIntel
cpu family	: 6
model		: 23
model name	: Intel(R) Core(TM)2 Duo CPU     P8700  @ 2.53GHz
stepping	: 10
microcode	: 0xa0c
cpu MHz		: 1600.000
cache size	: 3072 KB
physical id	: 0
siblings	: 2
core id		: 1
cpu cores	: 2
apicid		: 1
initial apicid	: 1
fpu		: yes
fpu_exception	: yes
cpuid level	: 13
wp		: yes
flags		: fpu vme de pse tsc msr pae mce cx8 apic sep mtrr pge mca cmov pat pse36 clflush dts acpi mmx fxsr sse sse2 ss ht tm pbe syscall nx lm constant_tsc arch_perfmon pebs bts nopl aperfmperf pni dtes64 monitor ds_cpl vmx smx est tm2 ssse3 cx16 xtpr pdcm sse4_1 xsave lahf_lm ida dtherm tpr_shadow vnmi flexpriority
bogomips	: 5054.06
clflush size	: 64
cache_alignment	: 64
address sizes	: 36 bits physical, 48 bits virtual
power management:



Memory: 4k page, physical 3941520k(765128k free), swap 4085756k(4085756k free)

vm_info: Java HotSpot(TM) 64-Bit Server VM (24.76-b04) for linux-amd64 JRE (1.7.0_76-b13), built on Dec 18 2014 16:58:39 by "java_re" with gcc 4.3.0 20080428 (Red Hat 4.3.0-8)

time: Tue Mar 24 11:41:22 2015
elapsed time: 14 seconds

